This file contains any messages produced by compilers while
running configure, to aid debugging if configure makes a mistake.

It was created by netCDF configure 4.3.0, which was
generated by GNU Autoconf 2.69.  Invocation command line was

  $ ./configure CC=gcc CFLAGS=-fPIC -D_FILE_OFFSET_BITS=64 -D_LARGEFILE_SOURCE -DBINTRAJ  LDFLAGS= --prefix=/mnt/home/users/ac_001_um/jorgedlpg/gromacs/amber14 --disable-netcdf-4 --disable-dap

## --------- ##
## Platform. ##
## --------- ##

hostname = picasso
uname -m = x86_64
uname -r = 3.0.13-0.27-default
uname -s = Linux
uname -v = #1 SMP Wed Feb 15 13:33:49 UTC 2012 (d73692b)

/usr/bin/uname -p = unknown
/bin/uname -X     = unknown

/bin/arch              = x86_64
/usr/bin/arch -k       = unknown
/usr/convex/getsysinfo = unknown
/usr/bin/hostinfo      = unknown
/bin/machine           = unknown
/usr/bin/oslevel       = unknown
/bin/universe          = unknown

PATH: /mnt/home/soft/imagemagick/programs/x86_64/6.9.0-4/bin
PATH: /mnt/home/soft/webp/programs/x86_64/0.4.0/bin
PATH: /mnt/home/soft/python/programs/x86_64/bin
PATH: /mnt/home/soft/openbabel/programs/x86_64/2.3.2/bin
PATH: /usr/local/bin
PATH: /usr/bin
PATH: /bin
PATH: /usr/bin/X11
PATH: /usr/X11R6/bin
PATH: /usr/games
PATH: /opt/bin
PATH: /usr/lib/mit/bin
PATH: /usr/lib/mit/sbin
PATH: /mnt/home/soft/modules/programs/x86_64/scripts


## ----------- ##
## Core tests. ##
## ----------- ##

configure:2762: netCDF 4.3.0
configure:2802: checking build system type
configure:2816: result: x86_64-unknown-linux-gnu
configure:2836: checking host system type
configure:2849: result: x86_64-unknown-linux-gnu
configure:2871: checking target system type
configure:2884: result: x86_64-unknown-linux-gnu
configure:2931: checking for a BSD-compatible install
configure:2999: result: /usr/bin/install -c
configure:3010: checking whether build environment is sane
configure:3065: result: yes
configure:3216: checking for a thread-safe mkdir -p
configure:3255: result: /bin/mkdir -p
configure:3262: checking for gawk
configure:3278: found /usr/bin/gawk
configure:3289: result: gawk
configure:3300: checking whether make sets $(MAKE)
configure:3322: result: yes
configure:3351: checking whether make supports nested variables
configure:3368: result: yes
configure:3451: checking user options
configure:3456: checking whether a win32 DLL is desired
configure:3464: result: no
configure:3484: checking whether a NCIO_MINBLOCKSIZE was specified
configure:3494: result: 256
configure:3526: checking if fsync support is enabled
configure:3536: result: no
configure:3545: checking whether extra valgrind tests should be run
configure:3553: result: no
configure:3557: checking whether we should try to build netCDF-4
configure:3565: result: no
configure:3580: checking whether reading of HDF4 SD files is to be enabled
configure:3588: result: no
configure:3592: checking whether to fetch some sample HDF4 files from Unidata ftp site to test HDF4 reading (requires wget)
configure:3605: result: no
configure:3609: checking whether parallel I/O for classic and 64-bit offset files using parallel-netcdf is to be enabled
configure:3617: result: no
configure:3621: checking whether extra example tests should be run
configure:3629: result: no
configure:3633: checking whether parallel IO tests should be run
configure:3641: result: no
configure:3645: checking whether a default chunk size in bytes was specified
configure:3655: result: 4194304
configure:3664: checking whether a maximum per-variable cache size for HDF5 was specified
configure:3674: result: 67108864
configure:3683: checking whether a number of chunks for the default per-variable cache was specified
configure:3693: result: 10
configure:3702: checking whether a default file cache size for HDF5 was specified
configure:3712: result: 4194304
configure:3721: checking whether a default file cache maximum number of elements for HDF5 was specified
configure:3731: result: 1009
configure:3740: checking whether a default cache preemption for HDF5 was specified
configure:3750: result: 0.75
configure:3759: checking whether netCDF-4 logging is enabled
configure:3767: result: no
configure:3771: checking whether cdmremote client is to be built
configure:3781: result: no
configure:3785: checking whether DAP client is to be built
configure:3793: result: no
configure:3830: checking for style of include used by make
configure:3858: result: GNU
configure:3929: checking for gcc
configure:3956: result: gcc
configure:4185: checking for C compiler version
configure:4194: gcc --version >&5
gcc (SUSE Linux) 4.3.4 [gcc-4_3-branch revision 152973]
Copyright (C) 2008 Free Software Foundation, Inc.
This is free software; see the source for copying conditions.  There is NO
warranty; not even for MERCHANTABILITY or FITNESS FOR A PARTICULAR PURPOSE.

configure:4205: $? = 0
configure:4194: gcc -v >&5
Using built-in specs.
Target: x86_64-suse-linux
Configured with: ../configure --prefix=/usr --infodir=/usr/share/info --mandir=/usr/share/man --libdir=/usr/lib64 --libexecdir=/usr/lib64 --enable-languages=c,c++,objc,fortran,obj-c++,java,ada --enable-checking=release --with-gxx-include-dir=/usr/include/c++/4.3 --enable-ssp --disable-libssp --with-bugurl=http://bugs.opensuse.org/ --with-pkgversion='SUSE Linux' --disable-libgcj --disable-libmudflap --with-slibdir=/lib64 --with-system-zlib --enable-__cxa_atexit --enable-libstdcxx-allocator=new --disable-libstdcxx-pch --enable-version-specific-runtime-libs --program-suffix=-4.3 --enable-linux-futex --without-system-libunwind --with-cpu=generic --build=x86_64-suse-linux
Thread model: posix
gcc version 4.3.4 [gcc-4_3-branch revision 152973] (SUSE Linux) 
configure:4205: $? = 0
configure:4194: gcc -V >&5
gcc: '-V' option must have argument
configure:4205: $? = 1
configure:4194: gcc -qversion >&5
gcc: unrecognized option '-qversion'
gcc: no input files
configure:4205: $? = 1
configure:4225: checking whether the C compiler works
configure:4247: gcc -fPIC -D_FILE_OFFSET_BITS=64 -D_LARGEFILE_SOURCE -DBINTRAJ    conftest.c  >&5
configure:4251: $? = 0
configure:4299: result: yes
configure:4302: checking for C compiler default output file name
configure:4304: result: a.out
configure:4310: checking for suffix of executables
configure:4317: gcc -o conftest -fPIC -D_FILE_OFFSET_BITS=64 -D_LARGEFILE_SOURCE -DBINTRAJ    conftest.c  >&5
configure:4321: $? = 0
configure:4343: result: 
configure:4365: checking whether we are cross compiling
configure:4373: gcc -o conftest -fPIC -D_FILE_OFFSET_BITS=64 -D_LARGEFILE_SOURCE -DBINTRAJ    conftest.c  >&5
configure:4377: $? = 0
configure:4384: ./conftest
configure:4388: $? = 0
configure:4403: result: no
configure:4408: checking for suffix of object files
configure:4430: gcc -c -fPIC -D_FILE_OFFSET_BITS=64 -D_LARGEFILE_SOURCE -DBINTRAJ   conftest.c >&5
configure:4434: $? = 0
configure:4455: result: o
configure:4459: checking whether we are using the GNU C compiler
configure:4478: gcc -c -fPIC -D_FILE_OFFSET_BITS=64 -D_LARGEFILE_SOURCE -DBINTRAJ   conftest.c >&5
configure:4478: $? = 0
configure:4487: result: yes
configure:4496: checking whether gcc accepts -g
configure:4516: gcc -c -g  conftest.c >&5
configure:4516: $? = 0
configure:4557: result: yes
configure:4574: checking for gcc option to accept ISO C89
configure:4637: gcc  -c -fPIC -D_FILE_OFFSET_BITS=64 -D_LARGEFILE_SOURCE -DBINTRAJ   conftest.c >&5
configure:4637: $? = 0
configure:4650: result: none needed
configure:4672: checking dependency style of gcc
configure:4783: result: gcc3
configure:4799: checking for curl_easy_setopt in -lcurl
configure:4824: gcc -o conftest -fPIC -D_FILE_OFFSET_BITS=64 -D_LARGEFILE_SOURCE -DBINTRAJ    conftest.c -lcurl   >&5
configure:4824: $? = 0
configure:4833: result: yes
configure:4917: checking whether dap remote testing should be enabled (default on)
configure:4928: result: no
configure:4932: checking whether netcdf4 group names should be enabled (default on)
configure:4941: dap groups disabled because dap disabled or netcdf-4 disabled
configure:4945: result: no
configure:4981: checking whether the time-consuming dap tests should be enabled (default off)
configure:4992: result: no
configure:5005: checking whether netCDF extra tests should be run (developers only)
configure:5013: result: no
configure:5030: checking whether FFIO will be used
configure:5038: result: no
configure:5064: checking whether examples should be built
configure:5072: result: yes
configure:5084: checking whether v2 netCDF API should be built
configure:5092: result: yes
configure:5111: checking whether the ncgen/ncdump/nccopy should be built
configure:5120: result: yes
configure:5132: checking whether test should be built and run
configure:5141: result: yes
configure:5153: checking whether large file (> 2GB) tests should be run
configure:5161: result: no
configure:5178: checking whether benchmaks should be run (experimental)
configure:5186: result: no
configure:5198: checking whether extreme numbers should be used in tests
configure:5213: result: yes
configure:5225: checking where to put large temp files if large file tests are run
configure:5234: result: .
configure:5249: finding C compiler
configure:5300: checking for gcc
configure:5327: result: gcc
configure:5556: checking for C compiler version
configure:5565: gcc --version >&5
gcc (SUSE Linux) 4.3.4 [gcc-4_3-branch revision 152973]
Copyright (C) 2008 Free Software Foundation, Inc.
This is free software; see the source for copying conditions.  There is NO
warranty; not even for MERCHANTABILITY or FITNESS FOR A PARTICULAR PURPOSE.

configure:5576: $? = 0
configure:5565: gcc -v >&5
Using built-in specs.
Target: x86_64-suse-linux
Configured with: ../configure --prefix=/usr --infodir=/usr/share/info --mandir=/usr/share/man --libdir=/usr/lib64 --libexecdir=/usr/lib64 --enable-languages=c,c++,objc,fortran,obj-c++,java,ada --enable-checking=release --with-gxx-include-dir=/usr/include/c++/4.3 --enable-ssp --disable-libssp --with-bugurl=http://bugs.opensuse.org/ --with-pkgversion='SUSE Linux' --disable-libgcj --disable-libmudflap --with-slibdir=/lib64 --with-system-zlib --enable-__cxa_atexit --enable-libstdcxx-allocator=new --disable-libstdcxx-pch --enable-version-specific-runtime-libs --program-suffix=-4.3 --enable-linux-futex --without-system-libunwind --with-cpu=generic --build=x86_64-suse-linux
Thread model: posix
gcc version 4.3.4 [gcc-4_3-branch revision 152973] (SUSE Linux) 
configure:5576: $? = 0
configure:5565: gcc -V >&5
gcc: '-V' option must have argument
configure:5576: $? = 1
configure:5565: gcc -qversion >&5
gcc: unrecognized option '-qversion'
gcc: no input files
configure:5576: $? = 1
configure:5580: checking whether we are using the GNU C compiler
configure:5608: result: yes
configure:5617: checking whether gcc accepts -g
configure:5678: result: yes
configure:5695: checking for gcc option to accept ISO C89
configure:5771: result: none needed
configure:5793: checking dependency style of gcc
configure:5904: result: gcc3
configure:5920: checking whether gcc and cc understand -c and -o together
configure:5951: gcc -c conftest.c -o conftest2.o >&5
configure:5955: $? = 0
configure:5961: gcc -c conftest.c -o conftest2.o >&5
configure:5965: $? = 0
configure:5976: cc -c conftest.c >&5
configure:5980: $? = 0
configure:5988: cc -c conftest.c -o conftest2.o >&5
configure:5992: $? = 0
configure:5998: cc -c conftest.c -o conftest2.o >&5
configure:6002: $? = 0
configure:6020: result: yes
configure:6045: checking for an ANSI C-conforming const
configure:6111: gcc -c -fPIC -D_FILE_OFFSET_BITS=64 -D_LARGEFILE_SOURCE -DBINTRAJ   conftest.c >&5
configure:6111: $? = 0
configure:6118: result: yes
configure:6143: gcc -c   conftest.c >&5
configure:6143: $? = 0
configure:6149: checking whether a CURLOPT_KEYPASSWD is defined
configure:6151: result: yes
configure:6161: setting up libtool
configure:6210: checking how to print strings
configure:6237: result: printf
configure:6258: checking for a sed that does not truncate output
configure:6322: result: /usr/bin/sed
configure:6340: checking for grep that handles long lines and -e
configure:6398: result: /usr/bin/grep
configure:6403: checking for egrep
configure:6465: result: /usr/bin/grep -E
configure:6470: checking for fgrep
configure:6532: result: /usr/bin/grep -F
configure:6567: checking for ld used by gcc
configure:6634: result: /usr/x86_64-suse-linux/bin/ld
configure:6641: checking if the linker (/usr/x86_64-suse-linux/bin/ld) is GNU ld
configure:6656: result: yes
configure:6668: checking for BSD- or MS-compatible name lister (nm)
configure:6717: result: /usr/bin/nm -B
configure:6847: checking the name lister (/usr/bin/nm -B) interface
configure:6854: gcc -c -fPIC -D_FILE_OFFSET_BITS=64 -D_LARGEFILE_SOURCE -DBINTRAJ   conftest.c >&5
configure:6857: /usr/bin/nm -B "conftest.o"
configure:6860: output
0000000000000000 B some_variable
configure:6867: result: BSD nm
configure:6870: checking whether ln -s works
configure:6874: result: yes
configure:6882: checking the maximum length of command line arguments
configure:7012: result: 1920000
configure:7029: checking whether the shell understands some XSI constructs
configure:7039: result: yes
configure:7043: checking whether the shell understands "+="
configure:7049: result: yes
configure:7084: checking how to convert x86_64-unknown-linux-gnu file names to x86_64-unknown-linux-gnu format
configure:7124: result: func_convert_file_noop
configure:7131: checking how to convert x86_64-unknown-linux-gnu file names to toolchain format
configure:7151: result: func_convert_file_noop
configure:7158: checking for /usr/x86_64-suse-linux/bin/ld option to reload object files
configure:7165: result: -r
configure:7239: checking for objdump
configure:7255: found /usr/bin/objdump
configure:7266: result: objdump
configure:7295: checking how to recognize dependent libraries
configure:7497: result: pass_all
configure:7582: checking for dlltool
configure:7612: result: no
configure:7639: checking how to associate runtime and link libraries
configure:7666: result: printf %s\n
configure:7726: checking for ar
configure:7742: found /usr/bin/ar
configure:7753: result: ar
configure:7790: checking for archiver @FILE support
configure:7807: gcc -c -fPIC -D_FILE_OFFSET_BITS=64 -D_LARGEFILE_SOURCE -DBINTRAJ   conftest.c >&5
configure:7807: $? = 0
configure:7810: ar cru libconftest.a @conftest.lst >&5
configure:7813: $? = 0
configure:7818: ar cru libconftest.a @conftest.lst >&5
ar: conftest.o: No such file or directory
configure:7821: $? = 1
configure:7833: result: @
configure:7891: checking for strip
configure:7907: found /usr/bin/strip
configure:7918: result: strip
configure:7990: checking for ranlib
configure:8006: found /usr/bin/ranlib
configure:8017: result: ranlib
configure:8119: checking command to parse /usr/bin/nm -B output from gcc object
configure:8239: gcc -c -fPIC -D_FILE_OFFSET_BITS=64 -D_LARGEFILE_SOURCE -DBINTRAJ   conftest.c >&5
configure:8242: $? = 0
configure:8246: /usr/bin/nm -B conftest.o \| sed -n -e 's/^.*[ ]\([ABCDGIRSTW][ABCDGIRSTW]*\)[ ][ ]*\([_A-Za-z][_A-Za-z0-9]*\)$/\1 \2 \2/p' | sed '/ __gnu_lto/d' \> conftest.nm
configure:8249: $? = 0
configure:8315: gcc -o conftest -fPIC -D_FILE_OFFSET_BITS=64 -D_LARGEFILE_SOURCE -DBINTRAJ    conftest.c conftstm.o >&5
configure:8318: $? = 0
configure:8356: result: ok
configure:8393: checking for sysroot
configure:8423: result: no
configure:8500: gcc -c -fPIC -D_FILE_OFFSET_BITS=64 -D_LARGEFILE_SOURCE -DBINTRAJ   conftest.c >&5
configure:8503: $? = 0
configure:8679: checking for mt
configure:8695: found /usr/bin/mt
configure:8706: result: mt
configure:8729: checking if mt is a manifest tool
configure:8735: mt '-?'
mt: invalid option -- ?
configure:8743: result: no
configure:9385: checking how to run the C preprocessor
configure:9416: gcc -E  conftest.c
configure:9416: $? = 0
configure:9430: gcc -E  conftest.c
conftest.c:21:28: error: ac_nonexistent.h: No such file or directory
configure:9430: $? = 1
configure: failed program was:
| /* confdefs.h */
| #define PACKAGE_NAME "netCDF"
| #define PACKAGE_TARNAME "netcdf"
| #define PACKAGE_VERSION "4.3.0"
| #define PACKAGE_STRING "netCDF 4.3.0"
| #define PACKAGE_BUGREPORT "support-netcdf@unidata.ucar.edu"
| #define PACKAGE_URL ""
| #define PACKAGE "netcdf"
| #define VERSION "4.3.0"
| #define NCIO_MINBLOCKSIZE 256
| #define DEFAULT_CHUNK_SIZE 4194304
| #define MAX_DEFAULT_CACHE_SIZE 67108864
| #define DEFAULT_CHUNKS_IN_CACHE 10
| #define CHUNK_CACHE_SIZE 4194304
| #define CHUNK_CACHE_NELEMS 1009
| #define CHUNK_CACHE_PREEMPTION 0.75
| #define USE_EXTREME_NUMBERS 1
| #define TEMP_LARGE "."
| #define HAVE_CURLOPT_KEYPASSWD 1
| /* end confdefs.h.  */
| #include <ac_nonexistent.h>
configure:9455: result: gcc -E
configure:9475: gcc -E  conftest.c
configure:9475: $? = 0
configure:9489: gcc -E  conftest.c
conftest.c:21:28: error: ac_nonexistent.h: No such file or directory
configure:9489: $? = 1
configure: failed program was:
| /* confdefs.h */
| #define PACKAGE_NAME "netCDF"
| #define PACKAGE_TARNAME "netcdf"
| #define PACKAGE_VERSION "4.3.0"
| #define PACKAGE_STRING "netCDF 4.3.0"
| #define PACKAGE_BUGREPORT "support-netcdf@unidata.ucar.edu"
| #define PACKAGE_URL ""
| #define PACKAGE "netcdf"
| #define VERSION "4.3.0"
| #define NCIO_MINBLOCKSIZE 256
| #define DEFAULT_CHUNK_SIZE 4194304
| #define MAX_DEFAULT_CACHE_SIZE 67108864
| #define DEFAULT_CHUNKS_IN_CACHE 10
| #define CHUNK_CACHE_SIZE 4194304
| #define CHUNK_CACHE_NELEMS 1009
| #define CHUNK_CACHE_PREEMPTION 0.75
| #define USE_EXTREME_NUMBERS 1
| #define TEMP_LARGE "."
| #define HAVE_CURLOPT_KEYPASSWD 1
| /* end confdefs.h.  */
| #include <ac_nonexistent.h>
configure:9518: checking for ANSI C header files
configure:9538: gcc -c -fPIC -D_FILE_OFFSET_BITS=64 -D_LARGEFILE_SOURCE -DBINTRAJ   conftest.c >&5
configure:9538: $? = 0
configure:9611: gcc -o conftest -fPIC -D_FILE_OFFSET_BITS=64 -D_LARGEFILE_SOURCE -DBINTRAJ    conftest.c  >&5
configure:9611: $? = 0
configure:9611: ./conftest
configure:9611: $? = 0
configure:9622: result: yes
configure:9635: checking for sys/types.h
configure:9635: gcc -c -fPIC -D_FILE_OFFSET_BITS=64 -D_LARGEFILE_SOURCE -DBINTRAJ   conftest.c >&5
configure:9635: $? = 0
configure:9635: result: yes
configure:9635: checking for sys/stat.h
configure:9635: gcc -c -fPIC -D_FILE_OFFSET_BITS=64 -D_LARGEFILE_SOURCE -DBINTRAJ   conftest.c >&5
configure:9635: $? = 0
configure:9635: result: yes
configure:9635: checking for stdlib.h
configure:9635: gcc -c -fPIC -D_FILE_OFFSET_BITS=64 -D_LARGEFILE_SOURCE -DBINTRAJ   conftest.c >&5
configure:9635: $? = 0
configure:9635: result: yes
configure:9635: checking for string.h
configure:9635: gcc -c -fPIC -D_FILE_OFFSET_BITS=64 -D_LARGEFILE_SOURCE -DBINTRAJ   conftest.c >&5
configure:9635: $? = 0
configure:9635: result: yes
configure:9635: checking for memory.h
configure:9635: gcc -c -fPIC -D_FILE_OFFSET_BITS=64 -D_LARGEFILE_SOURCE -DBINTRAJ   conftest.c >&5
configure:9635: $? = 0
configure:9635: result: yes
configure:9635: checking for strings.h
configure:9635: gcc -c -fPIC -D_FILE_OFFSET_BITS=64 -D_LARGEFILE_SOURCE -DBINTRAJ   conftest.c >&5
configure:9635: $? = 0
configure:9635: result: yes
configure:9635: checking for inttypes.h
configure:9635: gcc -c -fPIC -D_FILE_OFFSET_BITS=64 -D_LARGEFILE_SOURCE -DBINTRAJ   conftest.c >&5
configure:9635: $? = 0
configure:9635: result: yes
configure:9635: checking for stdint.h
configure:9635: gcc -c -fPIC -D_FILE_OFFSET_BITS=64 -D_LARGEFILE_SOURCE -DBINTRAJ   conftest.c >&5
configure:9635: $? = 0
configure:9635: result: yes
configure:9635: checking for unistd.h
configure:9635: gcc -c -fPIC -D_FILE_OFFSET_BITS=64 -D_LARGEFILE_SOURCE -DBINTRAJ   conftest.c >&5
configure:9635: $? = 0
configure:9635: result: yes
configure:9649: checking for dlfcn.h
configure:9649: gcc -c -fPIC -D_FILE_OFFSET_BITS=64 -D_LARGEFILE_SOURCE -DBINTRAJ   conftest.c >&5
configure:9649: $? = 0
configure:9649: result: yes
configure:10153: checking for objdir
configure:10168: result: .libs
configure:10439: checking if gcc supports -fno-rtti -fno-exceptions
configure:10457: gcc -c -fPIC -D_FILE_OFFSET_BITS=64 -D_LARGEFILE_SOURCE -DBINTRAJ   -fno-rtti -fno-exceptions conftest.c >&5
cc1: warning: command line option "-fno-rtti" is valid for C++/ObjC++ but not for C
configure:10461: $? = 0
configure:10474: result: no
configure:10801: checking for gcc option to produce PIC
configure:10808: result: -fPIC -DPIC
configure:10816: checking if gcc PIC flag -fPIC -DPIC works
configure:10834: gcc -c -fPIC -D_FILE_OFFSET_BITS=64 -D_LARGEFILE_SOURCE -DBINTRAJ   -fPIC -DPIC -DPIC conftest.c >&5
configure:10838: $? = 0
configure:10851: result: yes
configure:10880: checking if gcc static flag -static works
configure:10908: result: yes
configure:10923: checking if gcc supports -c -o file.o
configure:10944: gcc -c -fPIC -D_FILE_OFFSET_BITS=64 -D_LARGEFILE_SOURCE -DBINTRAJ   -o out/conftest2.o conftest.c >&5
configure:10948: $? = 0
configure:10970: result: yes
configure:10978: checking if gcc supports -c -o file.o
configure:11025: result: yes
configure:11058: checking whether the gcc linker (/usr/x86_64-suse-linux/bin/ld -m elf_x86_64) supports shared libraries
configure:12211: result: yes
configure:12248: checking whether -lc should be explicitly linked in
configure:12256: gcc -c -fPIC -D_FILE_OFFSET_BITS=64 -D_LARGEFILE_SOURCE -DBINTRAJ   conftest.c >&5
configure:12259: $? = 0
configure:12274: gcc -shared  -fPIC -DPIC conftest.o  -v -Wl,-soname -Wl,conftest -o conftest 2\>\&1 \| /usr/bin/grep  -lc  \>/dev/null 2\>\&1
configure:12277: $? = 0
configure:12291: result: no
configure:12451: checking dynamic linker characteristics
configure:12962: gcc -o conftest -fPIC -D_FILE_OFFSET_BITS=64 -D_LARGEFILE_SOURCE -DBINTRAJ    -Wl,-rpath -Wl,/foo conftest.c  >&5
configure:12962: $? = 0
configure:13184: result: GNU/Linux ld.so
configure:13291: checking how to hardcode library paths into programs
configure:13316: result: immediate
configure:13856: checking whether stripping libraries is possible
configure:13861: result: yes
configure:13896: checking if libtool supports shared libraries
configure:13898: result: yes
configure:13901: checking whether to build shared libraries
configure:13922: result: yes
configure:13925: checking whether to build static libraries
configure:13929: result: yes
configure:13975: finding other utilities
configure:13983: checking for doxygen
configure:14013: result: no
configure:14022: WARNING: Doxygen not found - documentation will not be built
configure:14049: checking for special C compiler options needed for large files
configure:14094: result: no
configure:14100: checking for _FILE_OFFSET_BITS value needed for large files
configure:14125: gcc -c -fPIC -D_FILE_OFFSET_BITS=64 -D_LARGEFILE_SOURCE -DBINTRAJ   conftest.c >&5
configure:14125: $? = 0
configure:14157: result: no
configure:14243: displaying some results
configure:14249: checking CPPFLAGS
configure:14251: result: 
configure:14253: checking CC CFLAGS
configure:14255: result: gcc -fPIC -D_FILE_OFFSET_BITS=64 -D_LARGEFILE_SOURCE -DBINTRAJ 
configure:14258: checking type gcc
configure:14260: result: gcc is /usr/bin/gcc
configure:14263: checking CXX
configure:14278: result: unset
configure:14282: checking FC
configure:14297: result: unset
configure:14301: checking F90
configure:14316: result: unset
configure:14320: checking AR
configure:14323: result: ar
configure:14325: checking AR_FLAGS
configure:14327: result: cru
configure:14330: checking type ar
configure:14332: result: ar is /usr/bin/ar
configure:14339: checking NM
configure:14342: result: /usr/bin/nm -B
configure:14344: checking NMFLAGS
configure:14346: result: 
configure:14361: checking types, headers, and functions
configure:14364: checking for stdlib.h
configure:14364: result: yes
configure:14374: checking for sys/types.h
configure:14374: result: yes
configure:14386: checking sys/param.h usability
configure:14386: gcc -c -fPIC -D_FILE_OFFSET_BITS=64 -D_LARGEFILE_SOURCE -DBINTRAJ   conftest.c >&5
configure:14386: $? = 0
configure:14386: result: yes
configure:14386: checking sys/param.h presence
configure:14386: gcc -E  conftest.c
configure:14386: $? = 0
configure:14386: result: yes
configure:14386: checking for sys/param.h
configure:14386: result: yes
configure:14400: checking for dirent.h that defines DIR
configure:14419: gcc -c -fPIC -D_FILE_OFFSET_BITS=64 -D_LARGEFILE_SOURCE -DBINTRAJ   conftest.c >&5
configure:14419: $? = 0
configure:14427: result: yes
configure:14440: checking for library containing opendir
configure:14471: gcc -o conftest -fPIC -D_FILE_OFFSET_BITS=64 -D_LARGEFILE_SOURCE -DBINTRAJ    conftest.c  >&5
configure:14471: $? = 0
configure:14488: result: none required
configure:14555: checking for ANSI C header files
configure:14659: result: yes
configure:14667: checking for sys/wait.h that is POSIX.1 compatible
configure:14693: gcc -c -fPIC -D_FILE_OFFSET_BITS=64 -D_LARGEFILE_SOURCE -DBINTRAJ   conftest.c >&5
configure:14693: $? = 0
configure:14700: result: yes
configure:14708: checking whether time.h and sys/time.h may both be included
configure:14728: gcc -c -fPIC -D_FILE_OFFSET_BITS=64 -D_LARGEFILE_SOURCE -DBINTRAJ   conftest.c >&5
configure:14728: $? = 0
configure:14735: result: yes
configure:14746: checking locale.h usability
configure:14746: gcc -c -fPIC -D_FILE_OFFSET_BITS=64 -D_LARGEFILE_SOURCE -DBINTRAJ   conftest.c >&5
configure:14746: $? = 0
configure:14746: result: yes
configure:14746: checking locale.h presence
configure:14746: gcc -E  conftest.c
configure:14746: $? = 0
configure:14746: result: yes
configure:14746: checking for locale.h
configure:14746: result: yes
configure:14746: checking stdio.h usability
configure:14746: gcc -c -fPIC -D_FILE_OFFSET_BITS=64 -D_LARGEFILE_SOURCE -DBINTRAJ   conftest.c >&5
configure:14746: $? = 0
configure:14746: result: yes
configure:14746: checking stdio.h presence
configure:14746: gcc -E  conftest.c
configure:14746: $? = 0
configure:14746: result: yes
configure:14746: checking for stdio.h
configure:14746: result: yes
configure:14746: checking stdarg.h usability
configure:14746: gcc -c -fPIC -D_FILE_OFFSET_BITS=64 -D_LARGEFILE_SOURCE -DBINTRAJ   conftest.c >&5
configure:14746: $? = 0
configure:14746: result: yes
configure:14746: checking stdarg.h presence
configure:14746: gcc -E  conftest.c
configure:14746: $? = 0
configure:14746: result: yes
configure:14746: checking for stdarg.h
configure:14746: result: yes
configure:14746: checking errno.h usability
configure:14746: gcc -c -fPIC -D_FILE_OFFSET_BITS=64 -D_LARGEFILE_SOURCE -DBINTRAJ   conftest.c >&5
configure:14746: $? = 0
configure:14746: result: yes
configure:14746: checking errno.h presence
configure:14746: gcc -E  conftest.c
configure:14746: $? = 0
configure:14746: result: yes
configure:14746: checking for errno.h
configure:14746: result: yes
configure:14746: checking ctype.h usability
configure:14746: gcc -c -fPIC -D_FILE_OFFSET_BITS=64 -D_LARGEFILE_SOURCE -DBINTRAJ   conftest.c >&5
configure:14746: $? = 0
configure:14746: result: yes
configure:14746: checking ctype.h presence
configure:14746: gcc -E  conftest.c
configure:14746: $? = 0
configure:14746: result: yes
configure:14746: checking for ctype.h
configure:14746: result: yes
configure:14746: checking fcntl.h usability
configure:14746: gcc -c -fPIC -D_FILE_OFFSET_BITS=64 -D_LARGEFILE_SOURCE -DBINTRAJ   conftest.c >&5
configure:14746: $? = 0
configure:14746: result: yes
configure:14746: checking fcntl.h presence
configure:14746: gcc -E  conftest.c
configure:14746: $? = 0
configure:14746: result: yes
configure:14746: checking for fcntl.h
configure:14746: result: yes
configure:14746: checking malloc.h usability
configure:14746: gcc -c -fPIC -D_FILE_OFFSET_BITS=64 -D_LARGEFILE_SOURCE -DBINTRAJ   conftest.c >&5
configure:14746: $? = 0
configure:14746: result: yes
configure:14746: checking malloc.h presence
configure:14746: gcc -E  conftest.c
configure:14746: $? = 0
configure:14746: result: yes
configure:14746: checking for malloc.h
configure:14746: result: yes
configure:14746: checking for stdlib.h
configure:14746: result: yes
configure:14746: checking for string.h
configure:14746: result: yes
configure:14746: checking for strings.h
configure:14746: result: yes
configure:14746: checking for unistd.h
configure:14746: result: yes
configure:14746: checking for sys/stat.h
configure:14746: result: yes
configure:14746: checking getopt.h usability
configure:14746: gcc -c -fPIC -D_FILE_OFFSET_BITS=64 -D_LARGEFILE_SOURCE -DBINTRAJ   conftest.c >&5
configure:14746: $? = 0
configure:14746: result: yes
configure:14746: checking getopt.h presence
configure:14746: gcc -E  conftest.c
configure:14746: $? = 0
configure:14746: result: yes
configure:14746: checking for getopt.h
configure:14746: result: yes
configure:14746: checking sys/time.h usability
configure:14746: gcc -c -fPIC -D_FILE_OFFSET_BITS=64 -D_LARGEFILE_SOURCE -DBINTRAJ   conftest.c >&5
configure:14746: $? = 0
configure:14746: result: yes
configure:14746: checking sys/time.h presence
configure:14746: gcc -E  conftest.c
configure:14746: $? = 0
configure:14746: result: yes
configure:14746: checking for sys/time.h
configure:14746: result: yes
configure:14758: checking for vprintf
configure:14758: gcc -o conftest -fPIC -D_FILE_OFFSET_BITS=64 -D_LARGEFILE_SOURCE -DBINTRAJ    conftest.c  >&5
conftest.c:75: warning: conflicting types for built-in function 'vprintf'
configure:14758: $? = 0
configure:14758: result: yes
configure:14764: checking for _doprnt
configure:14764: gcc -o conftest -fPIC -D_FILE_OFFSET_BITS=64 -D_LARGEFILE_SOURCE -DBINTRAJ    conftest.c  >&5
/localscratch/users/tmp/ccfTpxI1.o: In function `main':
conftest.c:(.text+0xa): undefined reference to `_doprnt'
collect2: ld returned 1 exit status
configure:14764: $? = 1
configure: failed program was:
| /* confdefs.h */
| #define PACKAGE_NAME "netCDF"
| #define PACKAGE_TARNAME "netcdf"
| #define PACKAGE_VERSION "4.3.0"
| #define PACKAGE_STRING "netCDF 4.3.0"
| #define PACKAGE_BUGREPORT "support-netcdf@unidata.ucar.edu"
| #define PACKAGE_URL ""
| #define PACKAGE "netcdf"
| #define VERSION "4.3.0"
| #define NCIO_MINBLOCKSIZE 256
| #define DEFAULT_CHUNK_SIZE 4194304
| #define MAX_DEFAULT_CACHE_SIZE 67108864
| #define DEFAULT_CHUNKS_IN_CACHE 10
| #define CHUNK_CACHE_SIZE 4194304
| #define CHUNK_CACHE_NELEMS 1009
| #define CHUNK_CACHE_PREEMPTION 0.75
| #define USE_EXTREME_NUMBERS 1
| #define TEMP_LARGE "."
| #define HAVE_CURLOPT_KEYPASSWD 1
| #define STDC_HEADERS 1
| #define HAVE_SYS_TYPES_H 1
| #define HAVE_SYS_STAT_H 1
| #define HAVE_STDLIB_H 1
| #define HAVE_STRING_H 1
| #define HAVE_MEMORY_H 1
| #define HAVE_STRINGS_H 1
| #define HAVE_INTTYPES_H 1
| #define HAVE_STDINT_H 1
| #define HAVE_UNISTD_H 1
| #define HAVE_DLFCN_H 1
| #define LT_OBJDIR ".libs/"
| #define HAVE_SYS_PARAM_H 1
| #define HAVE_DIRENT_H 1
| #define STDC_HEADERS 1
| #define HAVE_SYS_WAIT_H 1
| #define TIME_WITH_SYS_TIME 1
| #define HAVE_LOCALE_H 1
| #define HAVE_STDIO_H 1
| #define HAVE_STDARG_H 1
| #define HAVE_ERRNO_H 1
| #define HAVE_CTYPE_H 1
| #define HAVE_FCNTL_H 1
| #define HAVE_MALLOC_H 1
| #define HAVE_STDLIB_H 1
| #define HAVE_STRING_H 1
| #define HAVE_STRINGS_H 1
| #define HAVE_UNISTD_H 1
| #define HAVE_SYS_STAT_H 1
| #define HAVE_GETOPT_H 1
| #define HAVE_SYS_TIME_H 1
| #define HAVE_VPRINTF 1
| /* end confdefs.h.  */
| /* Define _doprnt to an innocuous variant, in case <limits.h> declares _doprnt.
|    For example, HP-UX 11i <limits.h> declares gettimeofday.  */
| #define _doprnt innocuous__doprnt
| 
| /* System header to define __stub macros and hopefully few prototypes,
|     which can conflict with char _doprnt (); below.
|     Prefer <limits.h> to <assert.h> if __STDC__ is defined, since
|     <limits.h> exists even on freestanding compilers.  */
| 
| #ifdef __STDC__
| # include <limits.h>
| #else
| # include <assert.h>
| #endif
| 
| #undef _doprnt
| 
| /* Override any GCC internal prototype to avoid an error.
|    Use char because int might match the return type of a GCC
|    builtin and then its argument prototype would still apply.  */
| #ifdef __cplusplus
| extern "C"
| #endif
| char _doprnt ();
| /* The GNU C library defines this for functions which it implements
|     to always fail with ENOSYS.  Some functions are actually named
|     something starting with __ and the normal name is an alias.  */
| #if defined __stub__doprnt || defined __stub____doprnt
| choke me
| #endif
| 
| int
| main ()
| {
| return _doprnt ();
|   ;
|   return 0;
| }
configure:14764: result: no
configure:14781: checking sys/resource.h usability
configure:14781: gcc -c -fPIC -D_FILE_OFFSET_BITS=64 -D_LARGEFILE_SOURCE -DBINTRAJ   conftest.c >&5
configure:14781: $? = 0
configure:14781: result: yes
configure:14781: checking sys/resource.h presence
configure:14781: gcc -E  conftest.c
configure:14781: $? = 0
configure:14781: result: yes
configure:14781: checking for sys/resource.h
configure:14781: result: yes
configure:14794: checking for stdbool.h that conforms to C99
configure:14861: gcc -c -fPIC -D_FILE_OFFSET_BITS=64 -D_LARGEFILE_SOURCE -DBINTRAJ   conftest.c >&5
configure:14861: $? = 0
configure:14868: result: yes
configure:14870: checking for _Bool
configure:14870: gcc -c -fPIC -D_FILE_OFFSET_BITS=64 -D_LARGEFILE_SOURCE -DBINTRAJ   conftest.c >&5
configure:14870: $? = 0
configure:14870: gcc -c -fPIC -D_FILE_OFFSET_BITS=64 -D_LARGEFILE_SOURCE -DBINTRAJ   conftest.c >&5
conftest.c: In function 'main':
conftest.c:90: error: expected expression before ')' token
configure:14870: $? = 1
configure: failed program was:
| /* confdefs.h */
| #define PACKAGE_NAME "netCDF"
| #define PACKAGE_TARNAME "netcdf"
| #define PACKAGE_VERSION "4.3.0"
| #define PACKAGE_STRING "netCDF 4.3.0"
| #define PACKAGE_BUGREPORT "support-netcdf@unidata.ucar.edu"
| #define PACKAGE_URL ""
| #define PACKAGE "netcdf"
| #define VERSION "4.3.0"
| #define NCIO_MINBLOCKSIZE 256
| #define DEFAULT_CHUNK_SIZE 4194304
| #define MAX_DEFAULT_CACHE_SIZE 67108864
| #define DEFAULT_CHUNKS_IN_CACHE 10
| #define CHUNK_CACHE_SIZE 4194304
| #define CHUNK_CACHE_NELEMS 1009
| #define CHUNK_CACHE_PREEMPTION 0.75
| #define USE_EXTREME_NUMBERS 1
| #define TEMP_LARGE "."
| #define HAVE_CURLOPT_KEYPASSWD 1
| #define STDC_HEADERS 1
| #define HAVE_SYS_TYPES_H 1
| #define HAVE_SYS_STAT_H 1
| #define HAVE_STDLIB_H 1
| #define HAVE_STRING_H 1
| #define HAVE_MEMORY_H 1
| #define HAVE_STRINGS_H 1
| #define HAVE_INTTYPES_H 1
| #define HAVE_STDINT_H 1
| #define HAVE_UNISTD_H 1
| #define HAVE_DLFCN_H 1
| #define LT_OBJDIR ".libs/"
| #define HAVE_SYS_PARAM_H 1
| #define HAVE_DIRENT_H 1
| #define STDC_HEADERS 1
| #define HAVE_SYS_WAIT_H 1
| #define TIME_WITH_SYS_TIME 1
| #define HAVE_LOCALE_H 1
| #define HAVE_STDIO_H 1
| #define HAVE_STDARG_H 1
| #define HAVE_ERRNO_H 1
| #define HAVE_CTYPE_H 1
| #define HAVE_FCNTL_H 1
| #define HAVE_MALLOC_H 1
| #define HAVE_STDLIB_H 1
| #define HAVE_STRING_H 1
| #define HAVE_STRINGS_H 1
| #define HAVE_UNISTD_H 1
| #define HAVE_SYS_STAT_H 1
| #define HAVE_GETOPT_H 1
| #define HAVE_SYS_TIME_H 1
| #define HAVE_VPRINTF 1
| #define HAVE_SYS_RESOURCE_H 1
| /* end confdefs.h.  */
| #include <stdio.h>
| #ifdef HAVE_SYS_TYPES_H
| # include <sys/types.h>
| #endif
| #ifdef HAVE_SYS_STAT_H
| # include <sys/stat.h>
| #endif
| #ifdef STDC_HEADERS
| # include <stdlib.h>
| # include <stddef.h>
| #else
| # ifdef HAVE_STDLIB_H
| #  include <stdlib.h>
| # endif
| #endif
| #ifdef HAVE_STRING_H
| # if !defined STDC_HEADERS && defined HAVE_MEMORY_H
| #  include <memory.h>
| # endif
| # include <string.h>
| #endif
| #ifdef HAVE_STRINGS_H
| # include <strings.h>
| #endif
| #ifdef HAVE_INTTYPES_H
| # include <inttypes.h>
| #endif
| #ifdef HAVE_STDINT_H
| # include <stdint.h>
| #endif
| #ifdef HAVE_UNISTD_H
| # include <unistd.h>
| #endif
| int
| main ()
| {
| if (sizeof ((_Bool)))
| 	    return 0;
|   ;
|   return 0;
| }
configure:14870: result: yes
configure:14895: checking for strlcat
configure:14895: gcc -o conftest -fPIC -D_FILE_OFFSET_BITS=64 -D_LARGEFILE_SOURCE -DBINTRAJ    conftest.c  >&5
/localscratch/users/tmp/ccdnsImg.o: In function `main':
conftest.c:(.text+0xa): undefined reference to `strlcat'
collect2: ld returned 1 exit status
configure:14895: $? = 1
configure: failed program was:
| /* confdefs.h */
| #define PACKAGE_NAME "netCDF"
| #define PACKAGE_TARNAME "netcdf"
| #define PACKAGE_VERSION "4.3.0"
| #define PACKAGE_STRING "netCDF 4.3.0"
| #define PACKAGE_BUGREPORT "support-netcdf@unidata.ucar.edu"
| #define PACKAGE_URL ""
| #define PACKAGE "netcdf"
| #define VERSION "4.3.0"
| #define NCIO_MINBLOCKSIZE 256
| #define DEFAULT_CHUNK_SIZE 4194304
| #define MAX_DEFAULT_CACHE_SIZE 67108864
| #define DEFAULT_CHUNKS_IN_CACHE 10
| #define CHUNK_CACHE_SIZE 4194304
| #define CHUNK_CACHE_NELEMS 1009
| #define CHUNK_CACHE_PREEMPTION 0.75
| #define USE_EXTREME_NUMBERS 1
| #define TEMP_LARGE "."
| #define HAVE_CURLOPT_KEYPASSWD 1
| #define STDC_HEADERS 1
| #define HAVE_SYS_TYPES_H 1
| #define HAVE_SYS_STAT_H 1
| #define HAVE_STDLIB_H 1
| #define HAVE_STRING_H 1
| #define HAVE_MEMORY_H 1
| #define HAVE_STRINGS_H 1
| #define HAVE_INTTYPES_H 1
| #define HAVE_STDINT_H 1
| #define HAVE_UNISTD_H 1
| #define HAVE_DLFCN_H 1
| #define LT_OBJDIR ".libs/"
| #define HAVE_SYS_PARAM_H 1
| #define HAVE_DIRENT_H 1
| #define STDC_HEADERS 1
| #define HAVE_SYS_WAIT_H 1
| #define TIME_WITH_SYS_TIME 1
| #define HAVE_LOCALE_H 1
| #define HAVE_STDIO_H 1
| #define HAVE_STDARG_H 1
| #define HAVE_ERRNO_H 1
| #define HAVE_CTYPE_H 1
| #define HAVE_FCNTL_H 1
| #define HAVE_MALLOC_H 1
| #define HAVE_STDLIB_H 1
| #define HAVE_STRING_H 1
| #define HAVE_STRINGS_H 1
| #define HAVE_UNISTD_H 1
| #define HAVE_SYS_STAT_H 1
| #define HAVE_GETOPT_H 1
| #define HAVE_SYS_TIME_H 1
| #define HAVE_VPRINTF 1
| #define HAVE_SYS_RESOURCE_H 1
| #define HAVE__BOOL 1
| #define HAVE_STDBOOL_H 1
| /* end confdefs.h.  */
| /* Define strlcat to an innocuous variant, in case <limits.h> declares strlcat.
|    For example, HP-UX 11i <limits.h> declares gettimeofday.  */
| #define strlcat innocuous_strlcat
| 
| /* System header to define __stub macros and hopefully few prototypes,
|     which can conflict with char strlcat (); below.
|     Prefer <limits.h> to <assert.h> if __STDC__ is defined, since
|     <limits.h> exists even on freestanding compilers.  */
| 
| #ifdef __STDC__
| # include <limits.h>
| #else
| # include <assert.h>
| #endif
| 
| #undef strlcat
| 
| /* Override any GCC internal prototype to avoid an error.
|    Use char because int might match the return type of a GCC
|    builtin and then its argument prototype would still apply.  */
| #ifdef __cplusplus
| extern "C"
| #endif
| char strlcat ();
| /* The GNU C library defines this for functions which it implements
|     to always fail with ENOSYS.  Some functions are actually named
|     something starting with __ and the normal name is an alias.  */
| #if defined __stub_strlcat || defined __stub___strlcat
| choke me
| #endif
| 
| int
| main ()
| {
| return strlcat ();
|   ;
|   return 0;
| }
configure:14895: result: no
configure:14895: checking for strerror
configure:14895: gcc -o conftest -fPIC -D_FILE_OFFSET_BITS=64 -D_LARGEFILE_SOURCE -DBINTRAJ    conftest.c  >&5
configure:14895: $? = 0
configure:14895: result: yes
configure:14895: checking for snprintf
configure:14895: gcc -o conftest -fPIC -D_FILE_OFFSET_BITS=64 -D_LARGEFILE_SOURCE -DBINTRAJ    conftest.c  >&5
conftest.c:80: warning: conflicting types for built-in function 'snprintf'
configure:14895: $? = 0
configure:14895: result: yes
configure:14895: checking for strchr
configure:14895: gcc -o conftest -fPIC -D_FILE_OFFSET_BITS=64 -D_LARGEFILE_SOURCE -DBINTRAJ    conftest.c  >&5
conftest.c:81: warning: conflicting types for built-in function 'strchr'
configure:14895: $? = 0
configure:14895: result: yes
configure:14895: checking for strrchr
configure:14895: gcc -o conftest -fPIC -D_FILE_OFFSET_BITS=64 -D_LARGEFILE_SOURCE -DBINTRAJ    conftest.c  >&5
conftest.c:82: warning: conflicting types for built-in function 'strrchr'
configure:14895: $? = 0
configure:14895: result: yes
configure:14895: checking for strcat
configure:14895: gcc -o conftest -fPIC -D_FILE_OFFSET_BITS=64 -D_LARGEFILE_SOURCE -DBINTRAJ    conftest.c  >&5
conftest.c:83: warning: conflicting types for built-in function 'strcat'
configure:14895: $? = 0
configure:14895: result: yes
configure:14895: checking for strcpy
configure:14895: gcc -o conftest -fPIC -D_FILE_OFFSET_BITS=64 -D_LARGEFILE_SOURCE -DBINTRAJ    conftest.c  >&5
conftest.c:84: warning: conflicting types for built-in function 'strcpy'
configure:14895: $? = 0
configure:14895: result: yes
configure:14895: checking for strdup
configure:14895: gcc -o conftest -fPIC -D_FILE_OFFSET_BITS=64 -D_LARGEFILE_SOURCE -DBINTRAJ    conftest.c  >&5
conftest.c:85: warning: conflicting types for built-in function 'strdup'
configure:14895: $? = 0
configure:14895: result: yes
configure:14895: checking for strcasecmp
configure:14895: gcc -o conftest -fPIC -D_FILE_OFFSET_BITS=64 -D_LARGEFILE_SOURCE -DBINTRAJ    conftest.c  >&5
conftest.c:86: warning: conflicting types for built-in function 'strcasecmp'
configure:14895: $? = 0
configure:14895: result: yes
configure:14895: checking for strtod
configure:14895: gcc -o conftest -fPIC -D_FILE_OFFSET_BITS=64 -D_LARGEFILE_SOURCE -DBINTRAJ    conftest.c  >&5
configure:14895: $? = 0
configure:14895: result: yes
configure:14895: checking for strtoll
configure:14895: gcc -o conftest -fPIC -D_FILE_OFFSET_BITS=64 -D_LARGEFILE_SOURCE -DBINTRAJ    conftest.c  >&5
configure:14895: $? = 0
configure:14895: result: yes
configure:14895: checking for strtoull
configure:14895: gcc -o conftest -fPIC -D_FILE_OFFSET_BITS=64 -D_LARGEFILE_SOURCE -DBINTRAJ    conftest.c  >&5
configure:14895: $? = 0
configure:14895: result: yes
configure:14895: checking for strstr
configure:14895: gcc -o conftest -fPIC -D_FILE_OFFSET_BITS=64 -D_LARGEFILE_SOURCE -DBINTRAJ    conftest.c  >&5
conftest.c:90: warning: conflicting types for built-in function 'strstr'
configure:14895: $? = 0
configure:14895: result: yes
configure:14895: checking for mkstemp
configure:14895: gcc -o conftest -fPIC -D_FILE_OFFSET_BITS=64 -D_LARGEFILE_SOURCE -DBINTRAJ    conftest.c  >&5
configure:14895: $? = 0
configure:14895: result: yes
configure:14895: checking for rand
configure:14895: gcc -o conftest -fPIC -D_FILE_OFFSET_BITS=64 -D_LARGEFILE_SOURCE -DBINTRAJ    conftest.c  >&5
configure:14895: $? = 0
configure:14895: result: yes
configure:14895: checking for getrlimit
configure:14895: gcc -o conftest -fPIC -D_FILE_OFFSET_BITS=64 -D_LARGEFILE_SOURCE -DBINTRAJ    conftest.c  >&5
configure:14895: $? = 0
configure:14895: result: yes
configure:14895: checking for gettimeofday
configure:14895: gcc -o conftest -fPIC -D_FILE_OFFSET_BITS=64 -D_LARGEFILE_SOURCE -DBINTRAJ    conftest.c  >&5
configure:14895: $? = 0
configure:14895: result: yes
configure:14895: checking for fsync
configure:14895: gcc -o conftest -fPIC -D_FILE_OFFSET_BITS=64 -D_LARGEFILE_SOURCE -DBINTRAJ    conftest.c  >&5
configure:14895: $? = 0
configure:14895: result: yes
configure:14895: checking for MPI_Comm_f2c
configure:14895: gcc -o conftest -fPIC -D_FILE_OFFSET_BITS=64 -D_LARGEFILE_SOURCE -DBINTRAJ    conftest.c  >&5
/localscratch/users/tmp/ccKUySSa.o: In function `main':
conftest.c:(.text+0xa): undefined reference to `MPI_Comm_f2c'
collect2: ld returned 1 exit status
configure:14895: $? = 1
configure: failed program was:
| /* confdefs.h */
| #define PACKAGE_NAME "netCDF"
| #define PACKAGE_TARNAME "netcdf"
| #define PACKAGE_VERSION "4.3.0"
| #define PACKAGE_STRING "netCDF 4.3.0"
| #define PACKAGE_BUGREPORT "support-netcdf@unidata.ucar.edu"
| #define PACKAGE_URL ""
| #define PACKAGE "netcdf"
| #define VERSION "4.3.0"
| #define NCIO_MINBLOCKSIZE 256
| #define DEFAULT_CHUNK_SIZE 4194304
| #define MAX_DEFAULT_CACHE_SIZE 67108864
| #define DEFAULT_CHUNKS_IN_CACHE 10
| #define CHUNK_CACHE_SIZE 4194304
| #define CHUNK_CACHE_NELEMS 1009
| #define CHUNK_CACHE_PREEMPTION 0.75
| #define USE_EXTREME_NUMBERS 1
| #define TEMP_LARGE "."
| #define HAVE_CURLOPT_KEYPASSWD 1
| #define STDC_HEADERS 1
| #define HAVE_SYS_TYPES_H 1
| #define HAVE_SYS_STAT_H 1
| #define HAVE_STDLIB_H 1
| #define HAVE_STRING_H 1
| #define HAVE_MEMORY_H 1
| #define HAVE_STRINGS_H 1
| #define HAVE_INTTYPES_H 1
| #define HAVE_STDINT_H 1
| #define HAVE_UNISTD_H 1
| #define HAVE_DLFCN_H 1
| #define LT_OBJDIR ".libs/"
| #define HAVE_SYS_PARAM_H 1
| #define HAVE_DIRENT_H 1
| #define STDC_HEADERS 1
| #define HAVE_SYS_WAIT_H 1
| #define TIME_WITH_SYS_TIME 1
| #define HAVE_LOCALE_H 1
| #define HAVE_STDIO_H 1
| #define HAVE_STDARG_H 1
| #define HAVE_ERRNO_H 1
| #define HAVE_CTYPE_H 1
| #define HAVE_FCNTL_H 1
| #define HAVE_MALLOC_H 1
| #define HAVE_STDLIB_H 1
| #define HAVE_STRING_H 1
| #define HAVE_STRINGS_H 1
| #define HAVE_UNISTD_H 1
| #define HAVE_SYS_STAT_H 1
| #define HAVE_GETOPT_H 1
| #define HAVE_SYS_TIME_H 1
| #define HAVE_VPRINTF 1
| #define HAVE_SYS_RESOURCE_H 1
| #define HAVE__BOOL 1
| #define HAVE_STDBOOL_H 1
| #define HAVE_STRERROR 1
| #define HAVE_SNPRINTF 1
| #define HAVE_STRCHR 1
| #define HAVE_STRRCHR 1
| #define HAVE_STRCAT 1
| #define HAVE_STRCPY 1
| #define HAVE_STRDUP 1
| #define HAVE_STRCASECMP 1
| #define HAVE_STRTOD 1
| #define HAVE_STRTOLL 1
| #define HAVE_STRTOULL 1
| #define HAVE_STRSTR 1
| #define HAVE_MKSTEMP 1
| #define HAVE_RAND 1
| #define HAVE_GETRLIMIT 1
| #define HAVE_GETTIMEOFDAY 1
| #define HAVE_FSYNC 1
| /* end confdefs.h.  */
| /* Define MPI_Comm_f2c to an innocuous variant, in case <limits.h> declares MPI_Comm_f2c.
|    For example, HP-UX 11i <limits.h> declares gettimeofday.  */
| #define MPI_Comm_f2c innocuous_MPI_Comm_f2c
| 
| /* System header to define __stub macros and hopefully few prototypes,
|     which can conflict with char MPI_Comm_f2c (); below.
|     Prefer <limits.h> to <assert.h> if __STDC__ is defined, since
|     <limits.h> exists even on freestanding compilers.  */
| 
| #ifdef __STDC__
| # include <limits.h>
| #else
| # include <assert.h>
| #endif
| 
| #undef MPI_Comm_f2c
| 
| /* Override any GCC internal prototype to avoid an error.
|    Use char because int might match the return type of a GCC
|    builtin and then its argument prototype would still apply.  */
| #ifdef __cplusplus
| extern "C"
| #endif
| char MPI_Comm_f2c ();
| /* The GNU C library defines this for functions which it implements
|     to always fail with ENOSYS.  Some functions are actually named
|     something starting with __ and the normal name is an alias.  */
| #if defined __stub_MPI_Comm_f2c || defined __stub___MPI_Comm_f2c
| choke me
| #endif
| 
| int
| main ()
| {
| return MPI_Comm_f2c ();
|   ;
|   return 0;
| }
configure:14895: result: no
configure:14906: checking whether in-memory files are enabled
configure:14921: result: yes
configure:14929: checking for memmove
configure:14929: gcc -o conftest -fPIC -D_FILE_OFFSET_BITS=64 -D_LARGEFILE_SOURCE -DBINTRAJ    conftest.c  >&5
conftest.c:96: warning: conflicting types for built-in function 'memmove'
configure:14929: $? = 0
configure:14929: result: yes
configure:14929: checking for getpagesize
configure:14929: gcc -o conftest -fPIC -D_FILE_OFFSET_BITS=64 -D_LARGEFILE_SOURCE -DBINTRAJ    conftest.c  >&5
configure:14929: $? = 0
configure:14929: result: yes
configure:14929: checking for sysconf
configure:14929: gcc -o conftest -fPIC -D_FILE_OFFSET_BITS=64 -D_LARGEFILE_SOURCE -DBINTRAJ    conftest.c  >&5
configure:14929: $? = 0
configure:14929: result: yes
configure:14940: checking whether mmap is enabled for in-memory files
configure:14948: result: no
configure:14958: checking for stdlib.h
configure:14958: result: yes
configure:14958: checking for unistd.h
configure:14958: result: yes
configure:14958: checking for sys/param.h
configure:14958: result: yes
configure:14978: checking for getpagesize
configure:14978: result: yes
configure:14987: checking for working mmap
configure:15134: gcc -o conftest -fPIC -D_FILE_OFFSET_BITS=64 -D_LARGEFILE_SOURCE -DBINTRAJ    conftest.c  >&5
configure:15134: $? = 0
configure:15134: ./conftest
configure:15134: $? = 0
configure:15144: result: yes
configure:15155: checking for mremap
configure:15155: gcc -o conftest -fPIC -D_FILE_OFFSET_BITS=64 -D_LARGEFILE_SOURCE -DBINTRAJ    conftest.c  >&5
configure:15155: $? = 0
configure:15155: result: yes
configure:15182: checking for size_t
configure:15182: gcc -c -fPIC -D_FILE_OFFSET_BITS=64 -D_LARGEFILE_SOURCE -DBINTRAJ   conftest.c >&5
configure:15182: $? = 0
configure:15182: gcc -c -fPIC -D_FILE_OFFSET_BITS=64 -D_LARGEFILE_SOURCE -DBINTRAJ   conftest.c >&5
conftest.c: In function 'main':
conftest.c:119: error: expected expression before ')' token
configure:15182: $? = 1
configure: failed program was:
| /* confdefs.h */
| #define PACKAGE_NAME "netCDF"
| #define PACKAGE_TARNAME "netcdf"
| #define PACKAGE_VERSION "4.3.0"
| #define PACKAGE_STRING "netCDF 4.3.0"
| #define PACKAGE_BUGREPORT "support-netcdf@unidata.ucar.edu"
| #define PACKAGE_URL ""
| #define PACKAGE "netcdf"
| #define VERSION "4.3.0"
| #define NCIO_MINBLOCKSIZE 256
| #define DEFAULT_CHUNK_SIZE 4194304
| #define MAX_DEFAULT_CACHE_SIZE 67108864
| #define DEFAULT_CHUNKS_IN_CACHE 10
| #define CHUNK_CACHE_SIZE 4194304
| #define CHUNK_CACHE_NELEMS 1009
| #define CHUNK_CACHE_PREEMPTION 0.75
| #define USE_EXTREME_NUMBERS 1
| #define TEMP_LARGE "."
| #define HAVE_CURLOPT_KEYPASSWD 1
| #define STDC_HEADERS 1
| #define HAVE_SYS_TYPES_H 1
| #define HAVE_SYS_STAT_H 1
| #define HAVE_STDLIB_H 1
| #define HAVE_STRING_H 1
| #define HAVE_MEMORY_H 1
| #define HAVE_STRINGS_H 1
| #define HAVE_INTTYPES_H 1
| #define HAVE_STDINT_H 1
| #define HAVE_UNISTD_H 1
| #define HAVE_DLFCN_H 1
| #define LT_OBJDIR ".libs/"
| #define HAVE_SYS_PARAM_H 1
| #define HAVE_DIRENT_H 1
| #define STDC_HEADERS 1
| #define HAVE_SYS_WAIT_H 1
| #define TIME_WITH_SYS_TIME 1
| #define HAVE_LOCALE_H 1
| #define HAVE_STDIO_H 1
| #define HAVE_STDARG_H 1
| #define HAVE_ERRNO_H 1
| #define HAVE_CTYPE_H 1
| #define HAVE_FCNTL_H 1
| #define HAVE_MALLOC_H 1
| #define HAVE_STDLIB_H 1
| #define HAVE_STRING_H 1
| #define HAVE_STRINGS_H 1
| #define HAVE_UNISTD_H 1
| #define HAVE_SYS_STAT_H 1
| #define HAVE_GETOPT_H 1
| #define HAVE_SYS_TIME_H 1
| #define HAVE_VPRINTF 1
| #define HAVE_SYS_RESOURCE_H 1
| #define HAVE__BOOL 1
| #define HAVE_STDBOOL_H 1
| #define HAVE_STRERROR 1
| #define HAVE_SNPRINTF 1
| #define HAVE_STRCHR 1
| #define HAVE_STRRCHR 1
| #define HAVE_STRCAT 1
| #define HAVE_STRCPY 1
| #define HAVE_STRDUP 1
| #define HAVE_STRCASECMP 1
| #define HAVE_STRTOD 1
| #define HAVE_STRTOLL 1
| #define HAVE_STRTOULL 1
| #define HAVE_STRSTR 1
| #define HAVE_MKSTEMP 1
| #define HAVE_RAND 1
| #define HAVE_GETRLIMIT 1
| #define HAVE_GETTIMEOFDAY 1
| #define HAVE_FSYNC 1
| #define HAVE_MEMMOVE 1
| #define HAVE_GETPAGESIZE 1
| #define HAVE_SYSCONF 1
| #define HAVE_STDLIB_H 1
| #define HAVE_UNISTD_H 1
| #define HAVE_SYS_PARAM_H 1
| #define HAVE_GETPAGESIZE 1
| #define HAVE_MMAP 1
| #define HAVE_MREMAP 1
| #define USE_DISKLESS 1
| /* end confdefs.h.  */
| #include <stdio.h>
| #ifdef HAVE_SYS_TYPES_H
| # include <sys/types.h>
| #endif
| #ifdef HAVE_SYS_STAT_H
| # include <sys/stat.h>
| #endif
| #ifdef STDC_HEADERS
| # include <stdlib.h>
| # include <stddef.h>
| #else
| # ifdef HAVE_STDLIB_H
| #  include <stdlib.h>
| # endif
| #endif
| #ifdef HAVE_STRING_H
| # if !defined STDC_HEADERS && defined HAVE_MEMORY_H
| #  include <memory.h>
| # endif
| # include <string.h>
| #endif
| #ifdef HAVE_STRINGS_H
| # include <strings.h>
| #endif
| #ifdef HAVE_INTTYPES_H
| # include <inttypes.h>
| #endif
| #ifdef HAVE_STDINT_H
| # include <stdint.h>
| #endif
| #ifdef HAVE_UNISTD_H
| # include <unistd.h>
| #endif
| int
| main ()
| {
| if (sizeof ((size_t)))
| 	    return 0;
|   ;
|   return 0;
| }
configure:15182: result: yes
configure:15195: checking for working alloca.h
configure:15212: gcc -o conftest -fPIC -D_FILE_OFFSET_BITS=64 -D_LARGEFILE_SOURCE -DBINTRAJ    conftest.c  >&5
configure:15212: $? = 0
configure:15220: result: yes
configure:15228: checking for alloca
configure:15265: gcc -o conftest -fPIC -D_FILE_OFFSET_BITS=64 -D_LARGEFILE_SOURCE -DBINTRAJ    conftest.c  >&5
configure:15265: $? = 0
configure:15273: result: yes
configure:15379: checking whether isnan is declared
configure:15379: gcc -c -fPIC -D_FILE_OFFSET_BITS=64 -D_LARGEFILE_SOURCE -DBINTRAJ   conftest.c >&5
configure:15379: $? = 0
configure:15379: result: yes
configure:15390: checking whether isinf is declared
configure:15390: gcc -c -fPIC -D_FILE_OFFSET_BITS=64 -D_LARGEFILE_SOURCE -DBINTRAJ   conftest.c >&5
configure:15390: $? = 0
configure:15390: result: yes
configure:15401: checking whether isfinite is declared
configure:15401: gcc -c -fPIC -D_FILE_OFFSET_BITS=64 -D_LARGEFILE_SOURCE -DBINTRAJ   conftest.c >&5
configure:15401: $? = 0
configure:15401: result: yes
configure:15412: checking whether signbit is declared
configure:15412: gcc -c -fPIC -D_FILE_OFFSET_BITS=64 -D_LARGEFILE_SOURCE -DBINTRAJ   conftest.c >&5
configure:15412: $? = 0
configure:15412: result: yes
configure:15424: checking for struct stat.st_blksize
configure:15424: gcc -c -fPIC -D_FILE_OFFSET_BITS=64 -D_LARGEFILE_SOURCE -DBINTRAJ   conftest.c >&5
configure:15424: $? = 0
configure:15424: result: yes
configure:15438: checking for IEEE floating point format
configure:15476: gcc -o conftest -fPIC -D_FILE_OFFSET_BITS=64 -D_LARGEFILE_SOURCE -DBINTRAJ    conftest.c  >&5
configure:15476: $? = 0
configure:15476: ./conftest
configure:15476: $? = 0
configure:15485: result: yes
configure:15493: checking for size_t
configure:15493: result: yes
configure:15504: checking for off_t
configure:15504: gcc -c -fPIC -D_FILE_OFFSET_BITS=64 -D_LARGEFILE_SOURCE -DBINTRAJ   conftest.c >&5
configure:15504: $? = 0
configure:15504: gcc -c -fPIC -D_FILE_OFFSET_BITS=64 -D_LARGEFILE_SOURCE -DBINTRAJ   conftest.c >&5
conftest.c: In function 'main':
conftest.c:127: error: expected expression before ')' token
configure:15504: $? = 1
configure: failed program was:
| /* confdefs.h */
| #define PACKAGE_NAME "netCDF"
| #define PACKAGE_TARNAME "netcdf"
| #define PACKAGE_VERSION "4.3.0"
| #define PACKAGE_STRING "netCDF 4.3.0"
| #define PACKAGE_BUGREPORT "support-netcdf@unidata.ucar.edu"
| #define PACKAGE_URL ""
| #define PACKAGE "netcdf"
| #define VERSION "4.3.0"
| #define NCIO_MINBLOCKSIZE 256
| #define DEFAULT_CHUNK_SIZE 4194304
| #define MAX_DEFAULT_CACHE_SIZE 67108864
| #define DEFAULT_CHUNKS_IN_CACHE 10
| #define CHUNK_CACHE_SIZE 4194304
| #define CHUNK_CACHE_NELEMS 1009
| #define CHUNK_CACHE_PREEMPTION 0.75
| #define USE_EXTREME_NUMBERS 1
| #define TEMP_LARGE "."
| #define HAVE_CURLOPT_KEYPASSWD 1
| #define STDC_HEADERS 1
| #define HAVE_SYS_TYPES_H 1
| #define HAVE_SYS_STAT_H 1
| #define HAVE_STDLIB_H 1
| #define HAVE_STRING_H 1
| #define HAVE_MEMORY_H 1
| #define HAVE_STRINGS_H 1
| #define HAVE_INTTYPES_H 1
| #define HAVE_STDINT_H 1
| #define HAVE_UNISTD_H 1
| #define HAVE_DLFCN_H 1
| #define LT_OBJDIR ".libs/"
| #define HAVE_SYS_PARAM_H 1
| #define HAVE_DIRENT_H 1
| #define STDC_HEADERS 1
| #define HAVE_SYS_WAIT_H 1
| #define TIME_WITH_SYS_TIME 1
| #define HAVE_LOCALE_H 1
| #define HAVE_STDIO_H 1
| #define HAVE_STDARG_H 1
| #define HAVE_ERRNO_H 1
| #define HAVE_CTYPE_H 1
| #define HAVE_FCNTL_H 1
| #define HAVE_MALLOC_H 1
| #define HAVE_STDLIB_H 1
| #define HAVE_STRING_H 1
| #define HAVE_STRINGS_H 1
| #define HAVE_UNISTD_H 1
| #define HAVE_SYS_STAT_H 1
| #define HAVE_GETOPT_H 1
| #define HAVE_SYS_TIME_H 1
| #define HAVE_VPRINTF 1
| #define HAVE_SYS_RESOURCE_H 1
| #define HAVE__BOOL 1
| #define HAVE_STDBOOL_H 1
| #define HAVE_STRERROR 1
| #define HAVE_SNPRINTF 1
| #define HAVE_STRCHR 1
| #define HAVE_STRRCHR 1
| #define HAVE_STRCAT 1
| #define HAVE_STRCPY 1
| #define HAVE_STRDUP 1
| #define HAVE_STRCASECMP 1
| #define HAVE_STRTOD 1
| #define HAVE_STRTOLL 1
| #define HAVE_STRTOULL 1
| #define HAVE_STRSTR 1
| #define HAVE_MKSTEMP 1
| #define HAVE_RAND 1
| #define HAVE_GETRLIMIT 1
| #define HAVE_GETTIMEOFDAY 1
| #define HAVE_FSYNC 1
| #define HAVE_MEMMOVE 1
| #define HAVE_GETPAGESIZE 1
| #define HAVE_SYSCONF 1
| #define HAVE_STDLIB_H 1
| #define HAVE_UNISTD_H 1
| #define HAVE_SYS_PARAM_H 1
| #define HAVE_GETPAGESIZE 1
| #define HAVE_MMAP 1
| #define HAVE_MREMAP 1
| #define USE_DISKLESS 1
| #define HAVE_ALLOCA_H 1
| #define HAVE_ALLOCA 1
| #define HAVE_DECL_ISNAN 1
| #define HAVE_DECL_ISINF 1
| #define HAVE_DECL_ISFINITE 1
| #define HAVE_DECL_SIGNBIT 1
| #define HAVE_STRUCT_STAT_ST_BLKSIZE 1
| #define HAVE_ST_BLKSIZE 1
| /* end confdefs.h.  */
| #include <stdio.h>
| #ifdef HAVE_SYS_TYPES_H
| # include <sys/types.h>
| #endif
| #ifdef HAVE_SYS_STAT_H
| # include <sys/stat.h>
| #endif
| #ifdef STDC_HEADERS
| # include <stdlib.h>
| # include <stddef.h>
| #else
| # ifdef HAVE_STDLIB_H
| #  include <stdlib.h>
| # endif
| #endif
| #ifdef HAVE_STRING_H
| # if !defined STDC_HEADERS && defined HAVE_MEMORY_H
| #  include <memory.h>
| # endif
| # include <string.h>
| #endif
| #ifdef HAVE_STRINGS_H
| # include <strings.h>
| #endif
| #ifdef HAVE_INTTYPES_H
| # include <inttypes.h>
| #endif
| #ifdef HAVE_STDINT_H
| # include <stdint.h>
| #endif
| #ifdef HAVE_UNISTD_H
| # include <unistd.h>
| #endif
| int
| main ()
| {
| if (sizeof ((off_t)))
| 	    return 0;
|   ;
|   return 0;
| }
configure:15504: result: yes
configure:15515: checking for ssize_t
configure:15515: gcc -c -fPIC -D_FILE_OFFSET_BITS=64 -D_LARGEFILE_SOURCE -DBINTRAJ   conftest.c >&5
configure:15515: $? = 0
configure:15515: gcc -c -fPIC -D_FILE_OFFSET_BITS=64 -D_LARGEFILE_SOURCE -DBINTRAJ   conftest.c >&5
conftest.c: In function 'main':
conftest.c:127: error: expected expression before ')' token
configure:15515: $? = 1
configure: failed program was:
| /* confdefs.h */
| #define PACKAGE_NAME "netCDF"
| #define PACKAGE_TARNAME "netcdf"
| #define PACKAGE_VERSION "4.3.0"
| #define PACKAGE_STRING "netCDF 4.3.0"
| #define PACKAGE_BUGREPORT "support-netcdf@unidata.ucar.edu"
| #define PACKAGE_URL ""
| #define PACKAGE "netcdf"
| #define VERSION "4.3.0"
| #define NCIO_MINBLOCKSIZE 256
| #define DEFAULT_CHUNK_SIZE 4194304
| #define MAX_DEFAULT_CACHE_SIZE 67108864
| #define DEFAULT_CHUNKS_IN_CACHE 10
| #define CHUNK_CACHE_SIZE 4194304
| #define CHUNK_CACHE_NELEMS 1009
| #define CHUNK_CACHE_PREEMPTION 0.75
| #define USE_EXTREME_NUMBERS 1
| #define TEMP_LARGE "."
| #define HAVE_CURLOPT_KEYPASSWD 1
| #define STDC_HEADERS 1
| #define HAVE_SYS_TYPES_H 1
| #define HAVE_SYS_STAT_H 1
| #define HAVE_STDLIB_H 1
| #define HAVE_STRING_H 1
| #define HAVE_MEMORY_H 1
| #define HAVE_STRINGS_H 1
| #define HAVE_INTTYPES_H 1
| #define HAVE_STDINT_H 1
| #define HAVE_UNISTD_H 1
| #define HAVE_DLFCN_H 1
| #define LT_OBJDIR ".libs/"
| #define HAVE_SYS_PARAM_H 1
| #define HAVE_DIRENT_H 1
| #define STDC_HEADERS 1
| #define HAVE_SYS_WAIT_H 1
| #define TIME_WITH_SYS_TIME 1
| #define HAVE_LOCALE_H 1
| #define HAVE_STDIO_H 1
| #define HAVE_STDARG_H 1
| #define HAVE_ERRNO_H 1
| #define HAVE_CTYPE_H 1
| #define HAVE_FCNTL_H 1
| #define HAVE_MALLOC_H 1
| #define HAVE_STDLIB_H 1
| #define HAVE_STRING_H 1
| #define HAVE_STRINGS_H 1
| #define HAVE_UNISTD_H 1
| #define HAVE_SYS_STAT_H 1
| #define HAVE_GETOPT_H 1
| #define HAVE_SYS_TIME_H 1
| #define HAVE_VPRINTF 1
| #define HAVE_SYS_RESOURCE_H 1
| #define HAVE__BOOL 1
| #define HAVE_STDBOOL_H 1
| #define HAVE_STRERROR 1
| #define HAVE_SNPRINTF 1
| #define HAVE_STRCHR 1
| #define HAVE_STRRCHR 1
| #define HAVE_STRCAT 1
| #define HAVE_STRCPY 1
| #define HAVE_STRDUP 1
| #define HAVE_STRCASECMP 1
| #define HAVE_STRTOD 1
| #define HAVE_STRTOLL 1
| #define HAVE_STRTOULL 1
| #define HAVE_STRSTR 1
| #define HAVE_MKSTEMP 1
| #define HAVE_RAND 1
| #define HAVE_GETRLIMIT 1
| #define HAVE_GETTIMEOFDAY 1
| #define HAVE_FSYNC 1
| #define HAVE_MEMMOVE 1
| #define HAVE_GETPAGESIZE 1
| #define HAVE_SYSCONF 1
| #define HAVE_STDLIB_H 1
| #define HAVE_UNISTD_H 1
| #define HAVE_SYS_PARAM_H 1
| #define HAVE_GETPAGESIZE 1
| #define HAVE_MMAP 1
| #define HAVE_MREMAP 1
| #define USE_DISKLESS 1
| #define HAVE_ALLOCA_H 1
| #define HAVE_ALLOCA 1
| #define HAVE_DECL_ISNAN 1
| #define HAVE_DECL_ISINF 1
| #define HAVE_DECL_ISFINITE 1
| #define HAVE_DECL_SIGNBIT 1
| #define HAVE_STRUCT_STAT_ST_BLKSIZE 1
| #define HAVE_ST_BLKSIZE 1
| /* end confdefs.h.  */
| #include <stdio.h>
| #ifdef HAVE_SYS_TYPES_H
| # include <sys/types.h>
| #endif
| #ifdef HAVE_SYS_STAT_H
| # include <sys/stat.h>
| #endif
| #ifdef STDC_HEADERS
| # include <stdlib.h>
| # include <stddef.h>
| #else
| # ifdef HAVE_STDLIB_H
| #  include <stdlib.h>
| # endif
| #endif
| #ifdef HAVE_STRING_H
| # if !defined STDC_HEADERS && defined HAVE_MEMORY_H
| #  include <memory.h>
| # endif
| # include <string.h>
| #endif
| #ifdef HAVE_STRINGS_H
| # include <strings.h>
| #endif
| #ifdef HAVE_INTTYPES_H
| # include <inttypes.h>
| #endif
| #ifdef HAVE_STDINT_H
| # include <stdint.h>
| #endif
| #ifdef HAVE_UNISTD_H
| # include <unistd.h>
| #endif
| int
| main ()
| {
| if (sizeof ((ssize_t)))
| 	    return 0;
|   ;
|   return 0;
| }
configure:15515: result: yes
configure:15524: checking for ptrdiff_t
configure:15524: gcc -c -fPIC -D_FILE_OFFSET_BITS=64 -D_LARGEFILE_SOURCE -DBINTRAJ   conftest.c >&5
configure:15524: $? = 0
configure:15524: gcc -c -fPIC -D_FILE_OFFSET_BITS=64 -D_LARGEFILE_SOURCE -DBINTRAJ   conftest.c >&5
conftest.c: In function 'main':
conftest.c:128: error: expected expression before ')' token
configure:15524: $? = 1
configure: failed program was:
| /* confdefs.h */
| #define PACKAGE_NAME "netCDF"
| #define PACKAGE_TARNAME "netcdf"
| #define PACKAGE_VERSION "4.3.0"
| #define PACKAGE_STRING "netCDF 4.3.0"
| #define PACKAGE_BUGREPORT "support-netcdf@unidata.ucar.edu"
| #define PACKAGE_URL ""
| #define PACKAGE "netcdf"
| #define VERSION "4.3.0"
| #define NCIO_MINBLOCKSIZE 256
| #define DEFAULT_CHUNK_SIZE 4194304
| #define MAX_DEFAULT_CACHE_SIZE 67108864
| #define DEFAULT_CHUNKS_IN_CACHE 10
| #define CHUNK_CACHE_SIZE 4194304
| #define CHUNK_CACHE_NELEMS 1009
| #define CHUNK_CACHE_PREEMPTION 0.75
| #define USE_EXTREME_NUMBERS 1
| #define TEMP_LARGE "."
| #define HAVE_CURLOPT_KEYPASSWD 1
| #define STDC_HEADERS 1
| #define HAVE_SYS_TYPES_H 1
| #define HAVE_SYS_STAT_H 1
| #define HAVE_STDLIB_H 1
| #define HAVE_STRING_H 1
| #define HAVE_MEMORY_H 1
| #define HAVE_STRINGS_H 1
| #define HAVE_INTTYPES_H 1
| #define HAVE_STDINT_H 1
| #define HAVE_UNISTD_H 1
| #define HAVE_DLFCN_H 1
| #define LT_OBJDIR ".libs/"
| #define HAVE_SYS_PARAM_H 1
| #define HAVE_DIRENT_H 1
| #define STDC_HEADERS 1
| #define HAVE_SYS_WAIT_H 1
| #define TIME_WITH_SYS_TIME 1
| #define HAVE_LOCALE_H 1
| #define HAVE_STDIO_H 1
| #define HAVE_STDARG_H 1
| #define HAVE_ERRNO_H 1
| #define HAVE_CTYPE_H 1
| #define HAVE_FCNTL_H 1
| #define HAVE_MALLOC_H 1
| #define HAVE_STDLIB_H 1
| #define HAVE_STRING_H 1
| #define HAVE_STRINGS_H 1
| #define HAVE_UNISTD_H 1
| #define HAVE_SYS_STAT_H 1
| #define HAVE_GETOPT_H 1
| #define HAVE_SYS_TIME_H 1
| #define HAVE_VPRINTF 1
| #define HAVE_SYS_RESOURCE_H 1
| #define HAVE__BOOL 1
| #define HAVE_STDBOOL_H 1
| #define HAVE_STRERROR 1
| #define HAVE_SNPRINTF 1
| #define HAVE_STRCHR 1
| #define HAVE_STRRCHR 1
| #define HAVE_STRCAT 1
| #define HAVE_STRCPY 1
| #define HAVE_STRDUP 1
| #define HAVE_STRCASECMP 1
| #define HAVE_STRTOD 1
| #define HAVE_STRTOLL 1
| #define HAVE_STRTOULL 1
| #define HAVE_STRSTR 1
| #define HAVE_MKSTEMP 1
| #define HAVE_RAND 1
| #define HAVE_GETRLIMIT 1
| #define HAVE_GETTIMEOFDAY 1
| #define HAVE_FSYNC 1
| #define HAVE_MEMMOVE 1
| #define HAVE_GETPAGESIZE 1
| #define HAVE_SYSCONF 1
| #define HAVE_STDLIB_H 1
| #define HAVE_UNISTD_H 1
| #define HAVE_SYS_PARAM_H 1
| #define HAVE_GETPAGESIZE 1
| #define HAVE_MMAP 1
| #define HAVE_MREMAP 1
| #define USE_DISKLESS 1
| #define HAVE_ALLOCA_H 1
| #define HAVE_ALLOCA 1
| #define HAVE_DECL_ISNAN 1
| #define HAVE_DECL_ISINF 1
| #define HAVE_DECL_ISFINITE 1
| #define HAVE_DECL_SIGNBIT 1
| #define HAVE_STRUCT_STAT_ST_BLKSIZE 1
| #define HAVE_ST_BLKSIZE 1
| #define HAVE_SSIZE_T 1
| /* end confdefs.h.  */
| #include <stdio.h>
| #ifdef HAVE_SYS_TYPES_H
| # include <sys/types.h>
| #endif
| #ifdef HAVE_SYS_STAT_H
| # include <sys/stat.h>
| #endif
| #ifdef STDC_HEADERS
| # include <stdlib.h>
| # include <stddef.h>
| #else
| # ifdef HAVE_STDLIB_H
| #  include <stdlib.h>
| # endif
| #endif
| #ifdef HAVE_STRING_H
| # if !defined STDC_HEADERS && defined HAVE_MEMORY_H
| #  include <memory.h>
| # endif
| # include <string.h>
| #endif
| #ifdef HAVE_STRINGS_H
| # include <strings.h>
| #endif
| #ifdef HAVE_INTTYPES_H
| # include <inttypes.h>
| #endif
| #ifdef HAVE_STDINT_H
| # include <stdint.h>
| #endif
| #ifdef HAVE_UNISTD_H
| # include <unistd.h>
| #endif
| int
| main ()
| {
| if (sizeof ((ptrdiff_t)))
| 	    return 0;
|   ;
|   return 0;
| }
configure:15524: result: yes
configure:15533: checking for uchar
configure:15533: gcc -c -fPIC -D_FILE_OFFSET_BITS=64 -D_LARGEFILE_SOURCE -DBINTRAJ   conftest.c >&5
conftest.c: In function 'main':
conftest.c:129: error: 'uchar' undeclared (first use in this function)
conftest.c:129: error: (Each undeclared identifier is reported only once
conftest.c:129: error: for each function it appears in.)
configure:15533: $? = 1
configure: failed program was:
| /* confdefs.h */
| #define PACKAGE_NAME "netCDF"
| #define PACKAGE_TARNAME "netcdf"
| #define PACKAGE_VERSION "4.3.0"
| #define PACKAGE_STRING "netCDF 4.3.0"
| #define PACKAGE_BUGREPORT "support-netcdf@unidata.ucar.edu"
| #define PACKAGE_URL ""
| #define PACKAGE "netcdf"
| #define VERSION "4.3.0"
| #define NCIO_MINBLOCKSIZE 256
| #define DEFAULT_CHUNK_SIZE 4194304
| #define MAX_DEFAULT_CACHE_SIZE 67108864
| #define DEFAULT_CHUNKS_IN_CACHE 10
| #define CHUNK_CACHE_SIZE 4194304
| #define CHUNK_CACHE_NELEMS 1009
| #define CHUNK_CACHE_PREEMPTION 0.75
| #define USE_EXTREME_NUMBERS 1
| #define TEMP_LARGE "."
| #define HAVE_CURLOPT_KEYPASSWD 1
| #define STDC_HEADERS 1
| #define HAVE_SYS_TYPES_H 1
| #define HAVE_SYS_STAT_H 1
| #define HAVE_STDLIB_H 1
| #define HAVE_STRING_H 1
| #define HAVE_MEMORY_H 1
| #define HAVE_STRINGS_H 1
| #define HAVE_INTTYPES_H 1
| #define HAVE_STDINT_H 1
| #define HAVE_UNISTD_H 1
| #define HAVE_DLFCN_H 1
| #define LT_OBJDIR ".libs/"
| #define HAVE_SYS_PARAM_H 1
| #define HAVE_DIRENT_H 1
| #define STDC_HEADERS 1
| #define HAVE_SYS_WAIT_H 1
| #define TIME_WITH_SYS_TIME 1
| #define HAVE_LOCALE_H 1
| #define HAVE_STDIO_H 1
| #define HAVE_STDARG_H 1
| #define HAVE_ERRNO_H 1
| #define HAVE_CTYPE_H 1
| #define HAVE_FCNTL_H 1
| #define HAVE_MALLOC_H 1
| #define HAVE_STDLIB_H 1
| #define HAVE_STRING_H 1
| #define HAVE_STRINGS_H 1
| #define HAVE_UNISTD_H 1
| #define HAVE_SYS_STAT_H 1
| #define HAVE_GETOPT_H 1
| #define HAVE_SYS_TIME_H 1
| #define HAVE_VPRINTF 1
| #define HAVE_SYS_RESOURCE_H 1
| #define HAVE__BOOL 1
| #define HAVE_STDBOOL_H 1
| #define HAVE_STRERROR 1
| #define HAVE_SNPRINTF 1
| #define HAVE_STRCHR 1
| #define HAVE_STRRCHR 1
| #define HAVE_STRCAT 1
| #define HAVE_STRCPY 1
| #define HAVE_STRDUP 1
| #define HAVE_STRCASECMP 1
| #define HAVE_STRTOD 1
| #define HAVE_STRTOLL 1
| #define HAVE_STRTOULL 1
| #define HAVE_STRSTR 1
| #define HAVE_MKSTEMP 1
| #define HAVE_RAND 1
| #define HAVE_GETRLIMIT 1
| #define HAVE_GETTIMEOFDAY 1
| #define HAVE_FSYNC 1
| #define HAVE_MEMMOVE 1
| #define HAVE_GETPAGESIZE 1
| #define HAVE_SYSCONF 1
| #define HAVE_STDLIB_H 1
| #define HAVE_UNISTD_H 1
| #define HAVE_SYS_PARAM_H 1
| #define HAVE_GETPAGESIZE 1
| #define HAVE_MMAP 1
| #define HAVE_MREMAP 1
| #define USE_DISKLESS 1
| #define HAVE_ALLOCA_H 1
| #define HAVE_ALLOCA 1
| #define HAVE_DECL_ISNAN 1
| #define HAVE_DECL_ISINF 1
| #define HAVE_DECL_ISFINITE 1
| #define HAVE_DECL_SIGNBIT 1
| #define HAVE_STRUCT_STAT_ST_BLKSIZE 1
| #define HAVE_ST_BLKSIZE 1
| #define HAVE_SSIZE_T 1
| #define HAVE_PTRDIFF_T 1
| /* end confdefs.h.  */
| #include <stdio.h>
| #ifdef HAVE_SYS_TYPES_H
| # include <sys/types.h>
| #endif
| #ifdef HAVE_SYS_STAT_H
| # include <sys/stat.h>
| #endif
| #ifdef STDC_HEADERS
| # include <stdlib.h>
| # include <stddef.h>
| #else
| # ifdef HAVE_STDLIB_H
| #  include <stdlib.h>
| # endif
| #endif
| #ifdef HAVE_STRING_H
| # if !defined STDC_HEADERS && defined HAVE_MEMORY_H
| #  include <memory.h>
| # endif
| # include <string.h>
| #endif
| #ifdef HAVE_STRINGS_H
| # include <strings.h>
| #endif
| #ifdef HAVE_INTTYPES_H
| # include <inttypes.h>
| #endif
| #ifdef HAVE_STDINT_H
| # include <stdint.h>
| #endif
| #ifdef HAVE_UNISTD_H
| # include <unistd.h>
| #endif
| int
| main ()
| {
| if (sizeof (uchar))
| 	 return 0;
|   ;
|   return 0;
| }
configure:15533: result: no
configure:15542: checking for longlong
configure:15542: gcc -c -fPIC -D_FILE_OFFSET_BITS=64 -D_LARGEFILE_SOURCE -DBINTRAJ   conftest.c >&5
conftest.c: In function 'main':
conftest.c:129: error: 'longlong' undeclared (first use in this function)
conftest.c:129: error: (Each undeclared identifier is reported only once
conftest.c:129: error: for each function it appears in.)
configure:15542: $? = 1
configure: failed program was:
| /* confdefs.h */
| #define PACKAGE_NAME "netCDF"
| #define PACKAGE_TARNAME "netcdf"
| #define PACKAGE_VERSION "4.3.0"
| #define PACKAGE_STRING "netCDF 4.3.0"
| #define PACKAGE_BUGREPORT "support-netcdf@unidata.ucar.edu"
| #define PACKAGE_URL ""
| #define PACKAGE "netcdf"
| #define VERSION "4.3.0"
| #define NCIO_MINBLOCKSIZE 256
| #define DEFAULT_CHUNK_SIZE 4194304
| #define MAX_DEFAULT_CACHE_SIZE 67108864
| #define DEFAULT_CHUNKS_IN_CACHE 10
| #define CHUNK_CACHE_SIZE 4194304
| #define CHUNK_CACHE_NELEMS 1009
| #define CHUNK_CACHE_PREEMPTION 0.75
| #define USE_EXTREME_NUMBERS 1
| #define TEMP_LARGE "."
| #define HAVE_CURLOPT_KEYPASSWD 1
| #define STDC_HEADERS 1
| #define HAVE_SYS_TYPES_H 1
| #define HAVE_SYS_STAT_H 1
| #define HAVE_STDLIB_H 1
| #define HAVE_STRING_H 1
| #define HAVE_MEMORY_H 1
| #define HAVE_STRINGS_H 1
| #define HAVE_INTTYPES_H 1
| #define HAVE_STDINT_H 1
| #define HAVE_UNISTD_H 1
| #define HAVE_DLFCN_H 1
| #define LT_OBJDIR ".libs/"
| #define HAVE_SYS_PARAM_H 1
| #define HAVE_DIRENT_H 1
| #define STDC_HEADERS 1
| #define HAVE_SYS_WAIT_H 1
| #define TIME_WITH_SYS_TIME 1
| #define HAVE_LOCALE_H 1
| #define HAVE_STDIO_H 1
| #define HAVE_STDARG_H 1
| #define HAVE_ERRNO_H 1
| #define HAVE_CTYPE_H 1
| #define HAVE_FCNTL_H 1
| #define HAVE_MALLOC_H 1
| #define HAVE_STDLIB_H 1
| #define HAVE_STRING_H 1
| #define HAVE_STRINGS_H 1
| #define HAVE_UNISTD_H 1
| #define HAVE_SYS_STAT_H 1
| #define HAVE_GETOPT_H 1
| #define HAVE_SYS_TIME_H 1
| #define HAVE_VPRINTF 1
| #define HAVE_SYS_RESOURCE_H 1
| #define HAVE__BOOL 1
| #define HAVE_STDBOOL_H 1
| #define HAVE_STRERROR 1
| #define HAVE_SNPRINTF 1
| #define HAVE_STRCHR 1
| #define HAVE_STRRCHR 1
| #define HAVE_STRCAT 1
| #define HAVE_STRCPY 1
| #define HAVE_STRDUP 1
| #define HAVE_STRCASECMP 1
| #define HAVE_STRTOD 1
| #define HAVE_STRTOLL 1
| #define HAVE_STRTOULL 1
| #define HAVE_STRSTR 1
| #define HAVE_MKSTEMP 1
| #define HAVE_RAND 1
| #define HAVE_GETRLIMIT 1
| #define HAVE_GETTIMEOFDAY 1
| #define HAVE_FSYNC 1
| #define HAVE_MEMMOVE 1
| #define HAVE_GETPAGESIZE 1
| #define HAVE_SYSCONF 1
| #define HAVE_STDLIB_H 1
| #define HAVE_UNISTD_H 1
| #define HAVE_SYS_PARAM_H 1
| #define HAVE_GETPAGESIZE 1
| #define HAVE_MMAP 1
| #define HAVE_MREMAP 1
| #define USE_DISKLESS 1
| #define HAVE_ALLOCA_H 1
| #define HAVE_ALLOCA 1
| #define HAVE_DECL_ISNAN 1
| #define HAVE_DECL_ISINF 1
| #define HAVE_DECL_ISFINITE 1
| #define HAVE_DECL_SIGNBIT 1
| #define HAVE_STRUCT_STAT_ST_BLKSIZE 1
| #define HAVE_ST_BLKSIZE 1
| #define HAVE_SSIZE_T 1
| #define HAVE_PTRDIFF_T 1
| /* end confdefs.h.  */
| #include <stdio.h>
| #ifdef HAVE_SYS_TYPES_H
| # include <sys/types.h>
| #endif
| #ifdef HAVE_SYS_STAT_H
| # include <sys/stat.h>
| #endif
| #ifdef STDC_HEADERS
| # include <stdlib.h>
| # include <stddef.h>
| #else
| # ifdef HAVE_STDLIB_H
| #  include <stdlib.h>
| # endif
| #endif
| #ifdef HAVE_STRING_H
| # if !defined STDC_HEADERS && defined HAVE_MEMORY_H
| #  include <memory.h>
| # endif
| # include <string.h>
| #endif
| #ifdef HAVE_STRINGS_H
| # include <strings.h>
| #endif
| #ifdef HAVE_INTTYPES_H
| # include <inttypes.h>
| #endif
| #ifdef HAVE_STDINT_H
| # include <stdint.h>
| #endif
| #ifdef HAVE_UNISTD_H
| # include <unistd.h>
| #endif
| int
| main ()
| {
| if (sizeof (longlong))
| 	 return 0;
|   ;
|   return 0;
| }
configure:15542: result: no
configure:15552: checking whether char is unsigned
configure:15571: gcc -c -fPIC -D_FILE_OFFSET_BITS=64 -D_LARGEFILE_SOURCE -DBINTRAJ   conftest.c >&5
configure:15571: $? = 0
configure:15578: result: no
configure:15585: checking whether byte ordering is bigendian
configure:15600: gcc -c -fPIC -D_FILE_OFFSET_BITS=64 -D_LARGEFILE_SOURCE -DBINTRAJ   conftest.c >&5
conftest.c:94: error: expected '=', ',', ';', 'asm' or '__attribute__' before 'a'
configure:15600: $? = 1
configure: failed program was:
| /* confdefs.h */
| #define PACKAGE_NAME "netCDF"
| #define PACKAGE_TARNAME "netcdf"
| #define PACKAGE_VERSION "4.3.0"
| #define PACKAGE_STRING "netCDF 4.3.0"
| #define PACKAGE_BUGREPORT "support-netcdf@unidata.ucar.edu"
| #define PACKAGE_URL ""
| #define PACKAGE "netcdf"
| #define VERSION "4.3.0"
| #define NCIO_MINBLOCKSIZE 256
| #define DEFAULT_CHUNK_SIZE 4194304
| #define MAX_DEFAULT_CACHE_SIZE 67108864
| #define DEFAULT_CHUNKS_IN_CACHE 10
| #define CHUNK_CACHE_SIZE 4194304
| #define CHUNK_CACHE_NELEMS 1009
| #define CHUNK_CACHE_PREEMPTION 0.75
| #define USE_EXTREME_NUMBERS 1
| #define TEMP_LARGE "."
| #define HAVE_CURLOPT_KEYPASSWD 1
| #define STDC_HEADERS 1
| #define HAVE_SYS_TYPES_H 1
| #define HAVE_SYS_STAT_H 1
| #define HAVE_STDLIB_H 1
| #define HAVE_STRING_H 1
| #define HAVE_MEMORY_H 1
| #define HAVE_STRINGS_H 1
| #define HAVE_INTTYPES_H 1
| #define HAVE_STDINT_H 1
| #define HAVE_UNISTD_H 1
| #define HAVE_DLFCN_H 1
| #define LT_OBJDIR ".libs/"
| #define HAVE_SYS_PARAM_H 1
| #define HAVE_DIRENT_H 1
| #define STDC_HEADERS 1
| #define HAVE_SYS_WAIT_H 1
| #define TIME_WITH_SYS_TIME 1
| #define HAVE_LOCALE_H 1
| #define HAVE_STDIO_H 1
| #define HAVE_STDARG_H 1
| #define HAVE_ERRNO_H 1
| #define HAVE_CTYPE_H 1
| #define HAVE_FCNTL_H 1
| #define HAVE_MALLOC_H 1
| #define HAVE_STDLIB_H 1
| #define HAVE_STRING_H 1
| #define HAVE_STRINGS_H 1
| #define HAVE_UNISTD_H 1
| #define HAVE_SYS_STAT_H 1
| #define HAVE_GETOPT_H 1
| #define HAVE_SYS_TIME_H 1
| #define HAVE_VPRINTF 1
| #define HAVE_SYS_RESOURCE_H 1
| #define HAVE__BOOL 1
| #define HAVE_STDBOOL_H 1
| #define HAVE_STRERROR 1
| #define HAVE_SNPRINTF 1
| #define HAVE_STRCHR 1
| #define HAVE_STRRCHR 1
| #define HAVE_STRCAT 1
| #define HAVE_STRCPY 1
| #define HAVE_STRDUP 1
| #define HAVE_STRCASECMP 1
| #define HAVE_STRTOD 1
| #define HAVE_STRTOLL 1
| #define HAVE_STRTOULL 1
| #define HAVE_STRSTR 1
| #define HAVE_MKSTEMP 1
| #define HAVE_RAND 1
| #define HAVE_GETRLIMIT 1
| #define HAVE_GETTIMEOFDAY 1
| #define HAVE_FSYNC 1
| #define HAVE_MEMMOVE 1
| #define HAVE_GETPAGESIZE 1
| #define HAVE_SYSCONF 1
| #define HAVE_STDLIB_H 1
| #define HAVE_UNISTD_H 1
| #define HAVE_SYS_PARAM_H 1
| #define HAVE_GETPAGESIZE 1
| #define HAVE_MMAP 1
| #define HAVE_MREMAP 1
| #define USE_DISKLESS 1
| #define HAVE_ALLOCA_H 1
| #define HAVE_ALLOCA 1
| #define HAVE_DECL_ISNAN 1
| #define HAVE_DECL_ISINF 1
| #define HAVE_DECL_ISFINITE 1
| #define HAVE_DECL_SIGNBIT 1
| #define HAVE_STRUCT_STAT_ST_BLKSIZE 1
| #define HAVE_ST_BLKSIZE 1
| #define HAVE_SSIZE_T 1
| #define HAVE_PTRDIFF_T 1
| /* end confdefs.h.  */
| #ifndef __APPLE_CC__
| 	       not a universal capable compiler
| 	     #endif
| 	     typedef int dummy;
| 
configure:15645: gcc -c -fPIC -D_FILE_OFFSET_BITS=64 -D_LARGEFILE_SOURCE -DBINTRAJ   conftest.c >&5
configure:15645: $? = 0
configure:15663: gcc -c -fPIC -D_FILE_OFFSET_BITS=64 -D_LARGEFILE_SOURCE -DBINTRAJ   conftest.c >&5
conftest.c: In function 'main':
conftest.c:100: error: 'not' undeclared (first use in this function)
conftest.c:100: error: (Each undeclared identifier is reported only once
conftest.c:100: error: for each function it appears in.)
conftest.c:100: error: expected ';' before 'big'
configure:15663: $? = 1
configure: failed program was:
| /* confdefs.h */
| #define PACKAGE_NAME "netCDF"
| #define PACKAGE_TARNAME "netcdf"
| #define PACKAGE_VERSION "4.3.0"
| #define PACKAGE_STRING "netCDF 4.3.0"
| #define PACKAGE_BUGREPORT "support-netcdf@unidata.ucar.edu"
| #define PACKAGE_URL ""
| #define PACKAGE "netcdf"
| #define VERSION "4.3.0"
| #define NCIO_MINBLOCKSIZE 256
| #define DEFAULT_CHUNK_SIZE 4194304
| #define MAX_DEFAULT_CACHE_SIZE 67108864
| #define DEFAULT_CHUNKS_IN_CACHE 10
| #define CHUNK_CACHE_SIZE 4194304
| #define CHUNK_CACHE_NELEMS 1009
| #define CHUNK_CACHE_PREEMPTION 0.75
| #define USE_EXTREME_NUMBERS 1
| #define TEMP_LARGE "."
| #define HAVE_CURLOPT_KEYPASSWD 1
| #define STDC_HEADERS 1
| #define HAVE_SYS_TYPES_H 1
| #define HAVE_SYS_STAT_H 1
| #define HAVE_STDLIB_H 1
| #define HAVE_STRING_H 1
| #define HAVE_MEMORY_H 1
| #define HAVE_STRINGS_H 1
| #define HAVE_INTTYPES_H 1
| #define HAVE_STDINT_H 1
| #define HAVE_UNISTD_H 1
| #define HAVE_DLFCN_H 1
| #define LT_OBJDIR ".libs/"
| #define HAVE_SYS_PARAM_H 1
| #define HAVE_DIRENT_H 1
| #define STDC_HEADERS 1
| #define HAVE_SYS_WAIT_H 1
| #define TIME_WITH_SYS_TIME 1
| #define HAVE_LOCALE_H 1
| #define HAVE_STDIO_H 1
| #define HAVE_STDARG_H 1
| #define HAVE_ERRNO_H 1
| #define HAVE_CTYPE_H 1
| #define HAVE_FCNTL_H 1
| #define HAVE_MALLOC_H 1
| #define HAVE_STDLIB_H 1
| #define HAVE_STRING_H 1
| #define HAVE_STRINGS_H 1
| #define HAVE_UNISTD_H 1
| #define HAVE_SYS_STAT_H 1
| #define HAVE_GETOPT_H 1
| #define HAVE_SYS_TIME_H 1
| #define HAVE_VPRINTF 1
| #define HAVE_SYS_RESOURCE_H 1
| #define HAVE__BOOL 1
| #define HAVE_STDBOOL_H 1
| #define HAVE_STRERROR 1
| #define HAVE_SNPRINTF 1
| #define HAVE_STRCHR 1
| #define HAVE_STRRCHR 1
| #define HAVE_STRCAT 1
| #define HAVE_STRCPY 1
| #define HAVE_STRDUP 1
| #define HAVE_STRCASECMP 1
| #define HAVE_STRTOD 1
| #define HAVE_STRTOLL 1
| #define HAVE_STRTOULL 1
| #define HAVE_STRSTR 1
| #define HAVE_MKSTEMP 1
| #define HAVE_RAND 1
| #define HAVE_GETRLIMIT 1
| #define HAVE_GETTIMEOFDAY 1
| #define HAVE_FSYNC 1
| #define HAVE_MEMMOVE 1
| #define HAVE_GETPAGESIZE 1
| #define HAVE_SYSCONF 1
| #define HAVE_STDLIB_H 1
| #define HAVE_UNISTD_H 1
| #define HAVE_SYS_PARAM_H 1
| #define HAVE_GETPAGESIZE 1
| #define HAVE_MMAP 1
| #define HAVE_MREMAP 1
| #define USE_DISKLESS 1
| #define HAVE_ALLOCA_H 1
| #define HAVE_ALLOCA 1
| #define HAVE_DECL_ISNAN 1
| #define HAVE_DECL_ISINF 1
| #define HAVE_DECL_ISFINITE 1
| #define HAVE_DECL_SIGNBIT 1
| #define HAVE_STRUCT_STAT_ST_BLKSIZE 1
| #define HAVE_ST_BLKSIZE 1
| #define HAVE_SSIZE_T 1
| #define HAVE_PTRDIFF_T 1
| /* end confdefs.h.  */
| #include <sys/types.h>
| 		#include <sys/param.h>
| 
| int
| main ()
| {
| #if BYTE_ORDER != BIG_ENDIAN
| 		 not big endian
| 		#endif
| 
|   ;
|   return 0;
| }
configure:15791: result: no
configure:15813: checking size of short
configure:15818: gcc -o conftest -fPIC -D_FILE_OFFSET_BITS=64 -D_LARGEFILE_SOURCE -DBINTRAJ    conftest.c  >&5
configure:15818: $? = 0
configure:15818: ./conftest
configure:15818: $? = 0
configure:15832: result: 2
configure:15846: checking size of int
configure:15851: gcc -o conftest -fPIC -D_FILE_OFFSET_BITS=64 -D_LARGEFILE_SOURCE -DBINTRAJ    conftest.c  >&5
configure:15851: $? = 0
configure:15851: ./conftest
configure:15851: $? = 0
configure:15865: result: 4
configure:15879: checking size of long
configure:15884: gcc -o conftest -fPIC -D_FILE_OFFSET_BITS=64 -D_LARGEFILE_SOURCE -DBINTRAJ    conftest.c  >&5
configure:15884: $? = 0
configure:15884: ./conftest
configure:15884: $? = 0
configure:15898: result: 8
configure:15912: checking size of long long
configure:15917: gcc -o conftest -fPIC -D_FILE_OFFSET_BITS=64 -D_LARGEFILE_SOURCE -DBINTRAJ    conftest.c  >&5
configure:15917: $? = 0
configure:15917: ./conftest
configure:15917: $? = 0
configure:15931: result: 8
configure:15945: checking size of float
configure:15950: gcc -o conftest -fPIC -D_FILE_OFFSET_BITS=64 -D_LARGEFILE_SOURCE -DBINTRAJ    conftest.c  >&5
configure:15950: $? = 0
configure:15950: ./conftest
configure:15950: $? = 0
configure:15964: result: 4
configure:15978: checking size of double
configure:15983: gcc -o conftest -fPIC -D_FILE_OFFSET_BITS=64 -D_LARGEFILE_SOURCE -DBINTRAJ    conftest.c  >&5
configure:15983: $? = 0
configure:15983: ./conftest
configure:15983: $? = 0
configure:15997: result: 8
configure:16011: checking size of off_t
configure:16016: gcc -o conftest -fPIC -D_FILE_OFFSET_BITS=64 -D_LARGEFILE_SOURCE -DBINTRAJ    conftest.c  >&5
configure:16016: $? = 0
configure:16016: ./conftest
configure:16016: $? = 0
configure:16030: result: 8
configure:16044: checking size of size_t
configure:16049: gcc -o conftest -fPIC -D_FILE_OFFSET_BITS=64 -D_LARGEFILE_SOURCE -DBINTRAJ    conftest.c  >&5
configure:16049: $? = 0
configure:16049: ./conftest
configure:16049: $? = 0
configure:16063: result: 8
configure:16138: checking for floor in -lm
configure:16163: gcc -o conftest -fPIC -D_FILE_OFFSET_BITS=64 -D_LARGEFILE_SOURCE -DBINTRAJ    conftest.c -lm   >&5
conftest.c:108: warning: conflicting types for built-in function 'floor'
configure:16163: $? = 0
configure:16172: result: yes
configure:17015: checking what to call the output of the ftpbin target
configure:17021: result: binary-netcdf-4.3.0_nc3.tar  
configure:17026: checking value of LIBS
configure:17028: result: -lm 
configure:17091: generating header files and makefiles
configure:17204: checking that generated files are newer than configure
configure:17210: result: done
configure:17370: creating ./config.status

## ---------------------- ##
## Running config.status. ##
## ---------------------- ##

This file was extended by netCDF config.status 4.3.0, which was
generated by GNU Autoconf 2.69.  Invocation command line was

  CONFIG_FILES    = 
  CONFIG_HEADERS  = 
  CONFIG_LINKS    = 
  CONFIG_COMMANDS = 
  $ ./config.status 

on picasso

config.status:1275: creating Makefile
config.status:1275: creating nc-config
config.status:1275: creating netcdf.pc
config.status:1275: creating include/Makefile
config.status:1275: creating h5_test/Makefile
config.status:1275: creating man4/Makefile
config.status:1275: creating man4/images/Makefile
config.status:1275: creating libsrc/Makefile
config.status:1275: creating libsrc4/Makefile
config.status:1275: creating nctest/Makefile
config.status:1275: creating nc_test4/Makefile
config.status:1275: creating nc_test/Makefile
config.status:1275: creating ncdump/Makefile
config.status:1275: creating ncgen3/Makefile
config.status:1275: creating ncgen/Makefile
config.status:1275: creating examples/Makefile
config.status:1275: creating examples/C/Makefile
config.status:1275: creating examples/CDL/Makefile
config.status:1275: creating oc2/Makefile
config.status:1275: creating libdap2/Makefile
config.status:1275: creating libcdmr/Makefile
config.status:1275: creating librpc/Makefile
config.status:1275: creating libdispatch/Makefile
config.status:1275: creating liblib/Makefile
config.status:1275: creating ncdump/cdl4/Makefile
config.status:1275: creating ncdump/expected4/Makefile
config.status:1275: creating ncdap_test/Makefile
config.status:1275: creating ncdap_test/testdata3/Makefile
config.status:1275: creating ncdap_test/expected3/Makefile
config.status:1275: creating ncdap_test/expected4/Makefile
config.status:1275: creating ncdap_test/expectremote3/Makefile
config.status:1275: creating ncdap_test/expectremote4/Makefile
config.status:1275: creating config.h
config.status:1504: executing depfiles commands
config.status:1504: executing libtool commands

## ---------------- ##
## Cache variables. ##
## ---------------- ##

ac_cv_build=x86_64-unknown-linux-gnu
ac_cv_c_bigendian=no
ac_cv_c_char_unsigned=no
ac_cv_c_compiler_gnu=yes
ac_cv_c_const=yes
ac_cv_c_ieeefloat=yes
ac_cv_env_CC_set=set
ac_cv_env_CC_value=gcc
ac_cv_env_CFLAGS_set=set
ac_cv_env_CFLAGS_value='-fPIC -D_FILE_OFFSET_BITS=64 -D_LARGEFILE_SOURCE -DBINTRAJ '
ac_cv_env_CPPFLAGS_set=
ac_cv_env_CPPFLAGS_value=
ac_cv_env_CPP_set=
ac_cv_env_CPP_value=
ac_cv_env_LDFLAGS_set=set
ac_cv_env_LDFLAGS_value=
ac_cv_env_LIBS_set=
ac_cv_env_LIBS_value=
ac_cv_env_build_alias_set=
ac_cv_env_build_alias_value=
ac_cv_env_host_alias_set=
ac_cv_env_host_alias_value=
ac_cv_env_target_alias_set=
ac_cv_env_target_alias_value=
ac_cv_func_MPI_Comm_f2c=no
ac_cv_func__doprnt=no
ac_cv_func_alloca_works=yes
ac_cv_func_fsync=yes
ac_cv_func_getpagesize=yes
ac_cv_func_getrlimit=yes
ac_cv_func_gettimeofday=yes
ac_cv_func_memmove=yes
ac_cv_func_mkstemp=yes
ac_cv_func_mmap_fixed_mapped=yes
ac_cv_func_mremap=yes
ac_cv_func_rand=yes
ac_cv_func_snprintf=yes
ac_cv_func_strcasecmp=yes
ac_cv_func_strcat=yes
ac_cv_func_strchr=yes
ac_cv_func_strcpy=yes
ac_cv_func_strdup=yes
ac_cv_func_strerror=yes
ac_cv_func_strlcat=no
ac_cv_func_strrchr=yes
ac_cv_func_strstr=yes
ac_cv_func_strtod=yes
ac_cv_func_strtoll=yes
ac_cv_func_strtoull=yes
ac_cv_func_sysconf=yes
ac_cv_func_vprintf=yes
ac_cv_have_decl_isfinite=yes
ac_cv_have_decl_isinf=yes
ac_cv_have_decl_isnan=yes
ac_cv_have_decl_signbit=yes
ac_cv_header_ctype_h=yes
ac_cv_header_dirent_dirent_h=yes
ac_cv_header_dlfcn_h=yes
ac_cv_header_errno_h=yes
ac_cv_header_fcntl_h=yes
ac_cv_header_getopt_h=yes
ac_cv_header_inttypes_h=yes
ac_cv_header_locale_h=yes
ac_cv_header_malloc_h=yes
ac_cv_header_memory_h=yes
ac_cv_header_stdarg_h=yes
ac_cv_header_stdbool_h=yes
ac_cv_header_stdc=yes
ac_cv_header_stdint_h=yes
ac_cv_header_stdio_h=yes
ac_cv_header_stdlib_h=yes
ac_cv_header_string_h=yes
ac_cv_header_strings_h=yes
ac_cv_header_sys_param_h=yes
ac_cv_header_sys_resource_h=yes
ac_cv_header_sys_stat_h=yes
ac_cv_header_sys_time_h=yes
ac_cv_header_sys_types_h=yes
ac_cv_header_sys_wait_h=yes
ac_cv_header_time=yes
ac_cv_header_unistd_h=yes
ac_cv_host=x86_64-unknown-linux-gnu
ac_cv_lib_curl_curl_easy_setopt=yes
ac_cv_lib_m_floor=yes
ac_cv_member_struct_stat_st_blksize=yes
ac_cv_objext=o
ac_cv_path_EGREP='/usr/bin/grep -E'
ac_cv_path_FGREP='/usr/bin/grep -F'
ac_cv_path_GREP=/usr/bin/grep
ac_cv_path_SED=/usr/bin/sed
ac_cv_path_install='/usr/bin/install -c'
ac_cv_path_mkdir=/bin/mkdir
ac_cv_prog_AWK=gawk
ac_cv_prog_CPP='gcc -E'
ac_cv_prog_ac_ct_AR=ar
ac_cv_prog_ac_ct_CC=gcc
ac_cv_prog_ac_ct_MANIFEST_TOOL=mt
ac_cv_prog_ac_ct_OBJDUMP=objdump
ac_cv_prog_ac_ct_RANLIB=ranlib
ac_cv_prog_ac_ct_STRIP=strip
ac_cv_prog_cc_c89=
ac_cv_prog_cc_g=yes
ac_cv_prog_cc_gcc_c_o=yes
ac_cv_prog_make_make_set=yes
ac_cv_search_opendir='none required'
ac_cv_sizeof_double=8
ac_cv_sizeof_float=4
ac_cv_sizeof_int=4
ac_cv_sizeof_long=8
ac_cv_sizeof_long_long=8
ac_cv_sizeof_off_t=8
ac_cv_sizeof_short=2
ac_cv_sizeof_size_t=8
ac_cv_sys_file_offset_bits=no
ac_cv_sys_largefile_CC=no
ac_cv_target=x86_64-unknown-linux-gnu
ac_cv_type__Bool=yes
ac_cv_type_longlong=no
ac_cv_type_off_t=yes
ac_cv_type_ptrdiff_t=yes
ac_cv_type_size_t=yes
ac_cv_type_ssize_t=yes
ac_cv_type_uchar=no
ac_cv_working_alloca_h=yes
am_cv_CC_dependencies_compiler_type=gcc3
am_cv_make_support_nested_variables=yes
lt_cv_ar_at_file=@
lt_cv_archive_cmds_need_lc=no
lt_cv_deplibs_check_method=pass_all
lt_cv_file_magic_cmd='$MAGIC_CMD'
lt_cv_file_magic_test_file=
lt_cv_ld_reload_flag=-r
lt_cv_nm_interface='BSD nm'
lt_cv_objdir=.libs
lt_cv_path_LD=/usr/x86_64-suse-linux/bin/ld
lt_cv_path_NM='/usr/bin/nm -B'
lt_cv_path_mainfest_tool=no
lt_cv_prog_compiler_c_o=yes
lt_cv_prog_compiler_pic='-fPIC -DPIC'
lt_cv_prog_compiler_pic_works=yes
lt_cv_prog_compiler_rtti_exceptions=no
lt_cv_prog_compiler_static_works=yes
lt_cv_prog_gnu_ld=yes
lt_cv_sharedlib_from_linklib_cmd='printf %s\n'
lt_cv_shlibpath_overrides_runpath=yes
lt_cv_sys_global_symbol_pipe='sed -n -e '\''s/^.*[	 ]\([ABCDGIRSTW][ABCDGIRSTW]*\)[	 ][	 ]*\([_A-Za-z][_A-Za-z0-9]*\)$/\1 \2 \2/p'\'' | sed '\''/ __gnu_lto/d'\'''
lt_cv_sys_global_symbol_to_c_name_address='sed -n -e '\''s/^: \([^ ]*\)[ ]*$/  {\"\1\", (void *) 0},/p'\'' -e '\''s/^[ABCDGIRSTW]* \([^ ]*\) \([^ ]*\)$/  {"\2", (void *) \&\2},/p'\'''
lt_cv_sys_global_symbol_to_c_name_address_lib_prefix='sed -n -e '\''s/^: \([^ ]*\)[ ]*$/  {\"\1\", (void *) 0},/p'\'' -e '\''s/^[ABCDGIRSTW]* \([^ ]*\) \(lib[^ ]*\)$/  {"\2", (void *) \&\2},/p'\'' -e '\''s/^[ABCDGIRSTW]* \([^ ]*\) \([^ ]*\)$/  {"lib\2", (void *) \&\2},/p'\'''
lt_cv_sys_global_symbol_to_cdecl='sed -n -e '\''s/^T .* \(.*\)$/extern int \1();/p'\'' -e '\''s/^[ABCDGIRSTW]* .* \(.*\)$/extern char \1;/p'\'''
lt_cv_sys_max_cmd_len=1920000
lt_cv_to_host_file_cmd=func_convert_file_noop
lt_cv_to_tool_file_cmd=func_convert_file_noop

## ----------------- ##
## Output variables. ##
## ----------------- ##

ACLOCAL='${SHELL} /mnt/home/users/ac_001_um/jorgedlpg/gromacs/amber14/AmberTools/src/netcdf-4.3.0/missing aclocal-1.13'
ALLOCA=''
AMDEPBACKSLASH='\'
AMDEP_FALSE='#'
AMDEP_TRUE=''
AMTAR='$${TAR-tar}'
AM_BACKSLASH='\'
AM_DEFAULT_V='$(AM_DEFAULT_VERBOSITY)'
AM_DEFAULT_VERBOSITY='1'
AM_V='$(V)'
AR='ar'
AS='as'
AUTOCONF='${SHELL} /mnt/home/users/ac_001_um/jorgedlpg/gromacs/amber14/AmberTools/src/netcdf-4.3.0/missing autoconf'
AUTOHEADER='${SHELL} /mnt/home/users/ac_001_um/jorgedlpg/gromacs/amber14/AmberTools/src/netcdf-4.3.0/missing autoheader'
AUTOMAKE='${SHELL} /mnt/home/users/ac_001_um/jorgedlpg/gromacs/amber14/AmberTools/src/netcdf-4.3.0/missing automake-1.13'
AWK='gawk'
BINFILE_NAME='binary-netcdf-4.3.0_nc3.tar'
BUILD_BENCHMARKS_FALSE=''
BUILD_BENCHMARKS_TRUE='#'
BUILD_CDMREMOTE_FALSE=''
BUILD_CDMREMOTE_TRUE='#'
BUILD_DAP_FALSE=''
BUILD_DAP_TRUE='#'
BUILD_DISKLESS_FALSE='#'
BUILD_DISKLESS_TRUE=''
BUILD_DLL_FALSE=''
BUILD_DLL_TRUE='#'
BUILD_DOCS_FALSE=''
BUILD_DOCS_TRUE='#'
BUILD_EXAMPLES_FALSE='#'
BUILD_EXAMPLES_TRUE=''
BUILD_INTERNAL_DOCS='no'
BUILD_MMAP_FALSE=''
BUILD_MMAP_TRUE='#'
BUILD_PARALLEL_FALSE=''
BUILD_PARALLEL_TRUE='#'
BUILD_RPC_FALSE=''
BUILD_RPC_TRUE='#'
BUILD_TESTSETS_FALSE='#'
BUILD_TESTSETS_TRUE=''
BUILD_UTILITIES_FALSE='#'
BUILD_UTILITIES_TRUE=''
BUILD_V2_FALSE='#'
BUILD_V2_TRUE=''
CC='gcc'
CCDEPMODE='depmode=gcc3'
CFLAGS='-fPIC -D_FILE_OFFSET_BITS=64 -D_LARGEFILE_SOURCE -DBINTRAJ '
CPP='gcc -E'
CPPFLAGS=''
CROSS_COMPILING_FALSE=''
CROSS_COMPILING_TRUE='#'
CYGPATH_W='echo'
DEFS='-DHAVE_CONFIG_H'
DEPDIR='.deps'
DLLTOOL='false'
DOXYGEN=''
DSYMUTIL=''
DUMPBIN=''
ECHO_C=''
ECHO_N='-n'
ECHO_T=''
EGREP='/usr/bin/grep -E'
ENABLE_DAP_LONG_TESTS_FALSE=''
ENABLE_DAP_LONG_TESTS_TRUE='#'
ENABLE_DAP_REMOTE_TESTS_FALSE=''
ENABLE_DAP_REMOTE_TESTS_TRUE='#'
EXEEXT=''
EXTRA_EXAMPLE_TESTS_FALSE=''
EXTRA_EXAMPLE_TESTS_TRUE='#'
EXTRA_TESTS_FALSE=''
EXTRA_TESTS_TRUE='#'
FGREP='/usr/bin/grep -F'
GREP='/usr/bin/grep'
HAS_DAP='no'
HAS_HDF4='no'
HAS_HDF5='no'
HAS_NC2='yes'
HAS_NC4='no'
HAS_PNETCDF='no'
HAS_SZLIB=''
INSTALL_DATA='${INSTALL} -m 644'
INSTALL_PROGRAM='${INSTALL}'
INSTALL_SCRIPT='${INSTALL}'
INSTALL_STRIP_PROGRAM='$(install_sh) -c -s'
INTERNAL_OCLIB_FALSE='#'
INTERNAL_OCLIB_TRUE=''
LARGE_FILE_TESTS_FALSE=''
LARGE_FILE_TESTS_TRUE='#'
LD='/usr/x86_64-suse-linux/bin/ld -m elf_x86_64'
LDFLAGS=''
LIBOBJS=''
LIBS='-lm '
LIBTOOL='$(SHELL) $(top_builddir)/libtool'
LIPO=''
LN_S='ln -s'
LTLIBOBJS=''
MAKEINFO='${SHELL} /mnt/home/users/ac_001_um/jorgedlpg/gromacs/amber14/AmberTools/src/netcdf-4.3.0/missing makeinfo'
MANIFEST_TOOL=':'
MKDIR_P='/bin/mkdir -p'
NC_LIBS='-lnetcdf'
NM='/usr/bin/nm -B'
NMEDIT=''
OBJDUMP='objdump'
OBJEXT='o'
OTOOL64=''
OTOOL=''
PACKAGE='netcdf'
PACKAGE_BUGREPORT='support-netcdf@unidata.ucar.edu'
PACKAGE_NAME='netCDF'
PACKAGE_STRING='netCDF 4.3.0'
PACKAGE_TARNAME='netcdf'
PACKAGE_URL=''
PACKAGE_VERSION='4.3.0'
PATH_SEPARATOR=':'
RANLIB='ranlib'
SED='/usr/bin/sed'
SET_MAKE=''
SHELL='/bin/sh'
STRIP='strip'
TEST_PARALLEL_FALSE=''
TEST_PARALLEL_TRUE='#'
USE_DAP_FALSE=''
USE_DAP_TRUE='#'
USE_DISPATCH_FALSE=''
USE_DISPATCH_TRUE='#'
USE_FFIO_FALSE=''
USE_FFIO_TRUE='#'
USE_HDF4_FALSE=''
USE_HDF4_FILE_TESTS_FALSE=''
USE_HDF4_FILE_TESTS_TRUE='#'
USE_HDF4_TRUE='#'
USE_LOGGING_FALSE=''
USE_LOGGING_TRUE='#'
USE_NETCDF4_FALSE=''
USE_NETCDF4_TRUE='#'
USE_PNETCDF_DIR_FALSE=''
USE_PNETCDF_DIR_TRUE='#'
USE_PNETCDF_FALSE=''
USE_PNETCDF_TRUE='#'
USE_RENAMEV3_FALSE=''
USE_RENAMEV3_TRUE='#'
USE_SZIP_FALSE=''
USE_SZIP_TRUE='#'
USE_VALGRIND_TESTS_FALSE=''
USE_VALGRIND_TESTS_TRUE='#'
VERSION='4.3.0'
ac_ct_AR='ar'
ac_ct_CC='gcc'
ac_ct_DUMPBIN=''
am__EXEEXT_FALSE=''
am__EXEEXT_TRUE='#'
am__fastdepCC_FALSE='#'
am__fastdepCC_TRUE=''
am__include='include'
am__isrc=''
am__leading_dot='.'
am__nodep='_no'
am__quote=''
am__tar='$${TAR-tar} chof - "$$tardir"'
am__untar='$${TAR-tar} xf -'
bindir='${exec_prefix}/bin'
build='x86_64-unknown-linux-gnu'
build_alias=''
build_cpu='x86_64'
build_os='linux-gnu'
build_vendor='unknown'
datadir='${datarootdir}'
datarootdir='${prefix}/share'
docdir='${datarootdir}/doc/${PACKAGE_TARNAME}'
dvidir='${docdir}'
exec_prefix='${prefix}'
host='x86_64-unknown-linux-gnu'
host_alias=''
host_cpu='x86_64'
host_os='linux-gnu'
host_vendor='unknown'
htmldir='${docdir}'
includedir='${prefix}/include'
infodir='${datarootdir}/info'
install_sh='${SHELL} /mnt/home/users/ac_001_um/jorgedlpg/gromacs/amber14/AmberTools/src/netcdf-4.3.0/install-sh'
libdir='${exec_prefix}/lib'
libexecdir='${exec_prefix}/libexec'
localedir='${datarootdir}/locale'
localstatedir='${prefix}/var'
mandir='${datarootdir}/man'
mkdir_p='$(MKDIR_P)'
oldincludedir='/usr/include'
pdfdir='${docdir}'
prefix='/mnt/home/users/ac_001_um/jorgedlpg/gromacs/amber14'
program_transform_name='s,x,x,'
psdir='${docdir}'
sbindir='${exec_prefix}/sbin'
sharedstatedir='${prefix}/com'
sysconfdir='${prefix}/etc'
target='x86_64-unknown-linux-gnu'
target_alias=''
target_cpu='x86_64'
target_os='linux-gnu'
target_vendor='unknown'

## ----------- ##
## confdefs.h. ##
## ----------- ##

/* confdefs.h */
#define PACKAGE_NAME "netCDF"
#define PACKAGE_TARNAME "netcdf"
#define PACKAGE_VERSION "4.3.0"
#define PACKAGE_STRING "netCDF 4.3.0"
#define PACKAGE_BUGREPORT "support-netcdf@unidata.ucar.edu"
#define PACKAGE_URL ""
#define PACKAGE "netcdf"
#define VERSION "4.3.0"
#define NCIO_MINBLOCKSIZE 256
#define DEFAULT_CHUNK_SIZE 4194304
#define MAX_DEFAULT_CACHE_SIZE 67108864
#define DEFAULT_CHUNKS_IN_CACHE 10
#define CHUNK_CACHE_SIZE 4194304
#define CHUNK_CACHE_NELEMS 1009
#define CHUNK_CACHE_PREEMPTION 0.75
#define USE_EXTREME_NUMBERS 1
#define TEMP_LARGE "."
#define HAVE_CURLOPT_KEYPASSWD 1
#define STDC_HEADERS 1
#define HAVE_SYS_TYPES_H 1
#define HAVE_SYS_STAT_H 1
#define HAVE_STDLIB_H 1
#define HAVE_STRING_H 1
#define HAVE_MEMORY_H 1
#define HAVE_STRINGS_H 1
#define HAVE_INTTYPES_H 1
#define HAVE_STDINT_H 1
#define HAVE_UNISTD_H 1
#define HAVE_DLFCN_H 1
#define LT_OBJDIR ".libs/"
#define HAVE_SYS_PARAM_H 1
#define HAVE_DIRENT_H 1
#define STDC_HEADERS 1
#define HAVE_SYS_WAIT_H 1
#define TIME_WITH_SYS_TIME 1
#define HAVE_LOCALE_H 1
#define HAVE_STDIO_H 1
#define HAVE_STDARG_H 1
#define HAVE_ERRNO_H 1
#define HAVE_CTYPE_H 1
#define HAVE_FCNTL_H 1
#define HAVE_MALLOC_H 1
#define HAVE_STDLIB_H 1
#define HAVE_STRING_H 1
#define HAVE_STRINGS_H 1
#define HAVE_UNISTD_H 1
#define HAVE_SYS_STAT_H 1
#define HAVE_GETOPT_H 1
#define HAVE_SYS_TIME_H 1
#define HAVE_VPRINTF 1
#define HAVE_SYS_RESOURCE_H 1
#define HAVE__BOOL 1
#define HAVE_STDBOOL_H 1
#define HAVE_STRERROR 1
#define HAVE_SNPRINTF 1
#define HAVE_STRCHR 1
#define HAVE_STRRCHR 1
#define HAVE_STRCAT 1
#define HAVE_STRCPY 1
#define HAVE_STRDUP 1
#define HAVE_STRCASECMP 1
#define HAVE_STRTOD 1
#define HAVE_STRTOLL 1
#define HAVE_STRTOULL 1
#define HAVE_STRSTR 1
#define HAVE_MKSTEMP 1
#define HAVE_RAND 1
#define HAVE_GETRLIMIT 1
#define HAVE_GETTIMEOFDAY 1
#define HAVE_FSYNC 1
#define HAVE_MEMMOVE 1
#define HAVE_GETPAGESIZE 1
#define HAVE_SYSCONF 1
#define HAVE_STDLIB_H 1
#define HAVE_UNISTD_H 1
#define HAVE_SYS_PARAM_H 1
#define HAVE_GETPAGESIZE 1
#define HAVE_MMAP 1
#define HAVE_MREMAP 1
#define USE_DISKLESS 1
#define HAVE_ALLOCA_H 1
#define HAVE_ALLOCA 1
#define HAVE_DECL_ISNAN 1
#define HAVE_DECL_ISINF 1
#define HAVE_DECL_ISFINITE 1
#define HAVE_DECL_SIGNBIT 1
#define HAVE_STRUCT_STAT_ST_BLKSIZE 1
#define HAVE_ST_BLKSIZE 1
#define HAVE_SSIZE_T 1
#define HAVE_PTRDIFF_T 1
#define SIZEOF_SHORT 2
#define SIZEOF_INT 4
#define SIZEOF_LONG 8
#define SIZEOF_LONG_LONG 8
#define SIZEOF_FLOAT 4
#define SIZEOF_DOUBLE 8
#define SIZEOF_OFF_T 8
#define SIZEOF_SIZE_T 8
#define HAVE_LIBM 1

configure: exit 0
