Making install in include
make[1]: se ingresa al directorio `/mnt/home/users/ac_001_um/jorgedlpg/gromacs/amber14/AmberTools/src/netcdf-4.3.0/include'
make[2]: se ingresa al directorio `/mnt/home/users/ac_001_um/jorgedlpg/gromacs/amber14/AmberTools/src/netcdf-4.3.0/include'
make[2]: No se hace nada para `install-exec-am'.
 /bin/mkdir -p '/mnt/home/users/ac_001_um/jorgedlpg/gromacs/amber14/include'
 /usr/bin/install -c -m 644 netcdf.h '/mnt/home/users/ac_001_um/jorgedlpg/gromacs/amber14/include'
make[2]: se sale del directorio `/mnt/home/users/ac_001_um/jorgedlpg/gromacs/amber14/AmberTools/src/netcdf-4.3.0/include'
make[1]: se sale del directorio `/mnt/home/users/ac_001_um/jorgedlpg/gromacs/amber14/AmberTools/src/netcdf-4.3.0/include'
Making install in libdispatch
make[1]: se ingresa al directorio `/mnt/home/users/ac_001_um/jorgedlpg/gromacs/amber14/AmberTools/src/netcdf-4.3.0/libdispatch'
/bin/sh ../libtool  --tag=CC   --mode=compile gcc -DHAVE_CONFIG_H -I. -I..  -I../include      -fPIC -D_FILE_OFFSET_BITS=64 -D_LARGEFILE_SOURCE -DBINTRAJ  -MT libdispatch_la-dparallel.lo -MD -MP -MF .deps/libdispatch_la-dparallel.Tpo -c -o libdispatch_la-dparallel.lo `test -f 'dparallel.c' || echo './'`dparallel.c
libtool: compile:  gcc -DHAVE_CONFIG_H -I. -I.. -I../include -fPIC -D_FILE_OFFSET_BITS=64 -D_LARGEFILE_SOURCE -DBINTRAJ -MT libdispatch_la-dparallel.lo -MD -MP -MF .deps/libdispatch_la-dparallel.Tpo -c dparallel.c  -fPIC -DPIC -o .libs/libdispatch_la-dparallel.o
libtool: compile:  gcc -DHAVE_CONFIG_H -I. -I.. -I../include -fPIC -D_FILE_OFFSET_BITS=64 -D_LARGEFILE_SOURCE -DBINTRAJ -MT libdispatch_la-dparallel.lo -MD -MP -MF .deps/libdispatch_la-dparallel.Tpo -c dparallel.c -o libdispatch_la-dparallel.o >/dev/null 2>&1
mv -f .deps/libdispatch_la-dparallel.Tpo .deps/libdispatch_la-dparallel.Plo
/bin/sh ../libtool  --tag=CC   --mode=compile gcc -DHAVE_CONFIG_H -I. -I..  -I../include      -fPIC -D_FILE_OFFSET_BITS=64 -D_LARGEFILE_SOURCE -DBINTRAJ  -MT libdispatch_la-dcopy.lo -MD -MP -MF .deps/libdispatch_la-dcopy.Tpo -c -o libdispatch_la-dcopy.lo `test -f 'dcopy.c' || echo './'`dcopy.c
libtool: compile:  gcc -DHAVE_CONFIG_H -I. -I.. -I../include -fPIC -D_FILE_OFFSET_BITS=64 -D_LARGEFILE_SOURCE -DBINTRAJ -MT libdispatch_la-dcopy.lo -MD -MP -MF .deps/libdispatch_la-dcopy.Tpo -c dcopy.c  -fPIC -DPIC -o .libs/libdispatch_la-dcopy.o
libtool: compile:  gcc -DHAVE_CONFIG_H -I. -I.. -I../include -fPIC -D_FILE_OFFSET_BITS=64 -D_LARGEFILE_SOURCE -DBINTRAJ -MT libdispatch_la-dcopy.lo -MD -MP -MF .deps/libdispatch_la-dcopy.Tpo -c dcopy.c -o libdispatch_la-dcopy.o >/dev/null 2>&1
mv -f .deps/libdispatch_la-dcopy.Tpo .deps/libdispatch_la-dcopy.Plo
/bin/sh ../libtool  --tag=CC   --mode=compile gcc -DHAVE_CONFIG_H -I. -I..  -I../include      -fPIC -D_FILE_OFFSET_BITS=64 -D_LARGEFILE_SOURCE -DBINTRAJ  -MT libdispatch_la-dfile.lo -MD -MP -MF .deps/libdispatch_la-dfile.Tpo -c -o libdispatch_la-dfile.lo `test -f 'dfile.c' || echo './'`dfile.c
libtool: compile:  gcc -DHAVE_CONFIG_H -I. -I.. -I../include -fPIC -D_FILE_OFFSET_BITS=64 -D_LARGEFILE_SOURCE -DBINTRAJ -MT libdispatch_la-dfile.lo -MD -MP -MF .deps/libdispatch_la-dfile.Tpo -c dfile.c  -fPIC -DPIC -o .libs/libdispatch_la-dfile.o
libtool: compile:  gcc -DHAVE_CONFIG_H -I. -I.. -I../include -fPIC -D_FILE_OFFSET_BITS=64 -D_LARGEFILE_SOURCE -DBINTRAJ -MT libdispatch_la-dfile.lo -MD -MP -MF .deps/libdispatch_la-dfile.Tpo -c dfile.c -o libdispatch_la-dfile.o >/dev/null 2>&1
mv -f .deps/libdispatch_la-dfile.Tpo .deps/libdispatch_la-dfile.Plo
/bin/sh ../libtool  --tag=CC   --mode=compile gcc -DHAVE_CONFIG_H -I. -I..  -I../include      -fPIC -D_FILE_OFFSET_BITS=64 -D_LARGEFILE_SOURCE -DBINTRAJ  -MT libdispatch_la-ddim.lo -MD -MP -MF .deps/libdispatch_la-ddim.Tpo -c -o libdispatch_la-ddim.lo `test -f 'ddim.c' || echo './'`ddim.c
libtool: compile:  gcc -DHAVE_CONFIG_H -I. -I.. -I../include -fPIC -D_FILE_OFFSET_BITS=64 -D_LARGEFILE_SOURCE -DBINTRAJ -MT libdispatch_la-ddim.lo -MD -MP -MF .deps/libdispatch_la-ddim.Tpo -c ddim.c  -fPIC -DPIC -o .libs/libdispatch_la-ddim.o
libtool: compile:  gcc -DHAVE_CONFIG_H -I. -I.. -I../include -fPIC -D_FILE_OFFSET_BITS=64 -D_LARGEFILE_SOURCE -DBINTRAJ -MT libdispatch_la-ddim.lo -MD -MP -MF .deps/libdispatch_la-ddim.Tpo -c ddim.c -o libdispatch_la-ddim.o >/dev/null 2>&1
mv -f .deps/libdispatch_la-ddim.Tpo .deps/libdispatch_la-ddim.Plo
/bin/sh ../libtool  --tag=CC   --mode=compile gcc -DHAVE_CONFIG_H -I. -I..  -I../include      -fPIC -D_FILE_OFFSET_BITS=64 -D_LARGEFILE_SOURCE -DBINTRAJ  -MT libdispatch_la-datt.lo -MD -MP -MF .deps/libdispatch_la-datt.Tpo -c -o libdispatch_la-datt.lo `test -f 'datt.c' || echo './'`datt.c
libtool: compile:  gcc -DHAVE_CONFIG_H -I. -I.. -I../include -fPIC -D_FILE_OFFSET_BITS=64 -D_LARGEFILE_SOURCE -DBINTRAJ -MT libdispatch_la-datt.lo -MD -MP -MF .deps/libdispatch_la-datt.Tpo -c datt.c  -fPIC -DPIC -o .libs/libdispatch_la-datt.o
libtool: compile:  gcc -DHAVE_CONFIG_H -I. -I.. -I../include -fPIC -D_FILE_OFFSET_BITS=64 -D_LARGEFILE_SOURCE -DBINTRAJ -MT libdispatch_la-datt.lo -MD -MP -MF .deps/libdispatch_la-datt.Tpo -c datt.c -o libdispatch_la-datt.o >/dev/null 2>&1
mv -f .deps/libdispatch_la-datt.Tpo .deps/libdispatch_la-datt.Plo
/bin/sh ../libtool  --tag=CC   --mode=compile gcc -DHAVE_CONFIG_H -I. -I..  -I../include      -fPIC -D_FILE_OFFSET_BITS=64 -D_LARGEFILE_SOURCE -DBINTRAJ  -MT libdispatch_la-dattinq.lo -MD -MP -MF .deps/libdispatch_la-dattinq.Tpo -c -o libdispatch_la-dattinq.lo `test -f 'dattinq.c' || echo './'`dattinq.c
libtool: compile:  gcc -DHAVE_CONFIG_H -I. -I.. -I../include -fPIC -D_FILE_OFFSET_BITS=64 -D_LARGEFILE_SOURCE -DBINTRAJ -MT libdispatch_la-dattinq.lo -MD -MP -MF .deps/libdispatch_la-dattinq.Tpo -c dattinq.c  -fPIC -DPIC -o .libs/libdispatch_la-dattinq.o
libtool: compile:  gcc -DHAVE_CONFIG_H -I. -I.. -I../include -fPIC -D_FILE_OFFSET_BITS=64 -D_LARGEFILE_SOURCE -DBINTRAJ -MT libdispatch_la-dattinq.lo -MD -MP -MF .deps/libdispatch_la-dattinq.Tpo -c dattinq.c -o libdispatch_la-dattinq.o >/dev/null 2>&1
mv -f .deps/libdispatch_la-dattinq.Tpo .deps/libdispatch_la-dattinq.Plo
/bin/sh ../libtool  --tag=CC   --mode=compile gcc -DHAVE_CONFIG_H -I. -I..  -I../include      -fPIC -D_FILE_OFFSET_BITS=64 -D_LARGEFILE_SOURCE -DBINTRAJ  -MT libdispatch_la-dattput.lo -MD -MP -MF .deps/libdispatch_la-dattput.Tpo -c -o libdispatch_la-dattput.lo `test -f 'dattput.c' || echo './'`dattput.c
libtool: compile:  gcc -DHAVE_CONFIG_H -I. -I.. -I../include -fPIC -D_FILE_OFFSET_BITS=64 -D_LARGEFILE_SOURCE -DBINTRAJ -MT libdispatch_la-dattput.lo -MD -MP -MF .deps/libdispatch_la-dattput.Tpo -c dattput.c  -fPIC -DPIC -o .libs/libdispatch_la-dattput.o
libtool: compile:  gcc -DHAVE_CONFIG_H -I. -I.. -I../include -fPIC -D_FILE_OFFSET_BITS=64 -D_LARGEFILE_SOURCE -DBINTRAJ -MT libdispatch_la-dattput.lo -MD -MP -MF .deps/libdispatch_la-dattput.Tpo -c dattput.c -o libdispatch_la-dattput.o >/dev/null 2>&1
mv -f .deps/libdispatch_la-dattput.Tpo .deps/libdispatch_la-dattput.Plo
/bin/sh ../libtool  --tag=CC   --mode=compile gcc -DHAVE_CONFIG_H -I. -I..  -I../include      -fPIC -D_FILE_OFFSET_BITS=64 -D_LARGEFILE_SOURCE -DBINTRAJ  -MT libdispatch_la-dattget.lo -MD -MP -MF .deps/libdispatch_la-dattget.Tpo -c -o libdispatch_la-dattget.lo `test -f 'dattget.c' || echo './'`dattget.c
libtool: compile:  gcc -DHAVE_CONFIG_H -I. -I.. -I../include -fPIC -D_FILE_OFFSET_BITS=64 -D_LARGEFILE_SOURCE -DBINTRAJ -MT libdispatch_la-dattget.lo -MD -MP -MF .deps/libdispatch_la-dattget.Tpo -c dattget.c  -fPIC -DPIC -o .libs/libdispatch_la-dattget.o
libtool: compile:  gcc -DHAVE_CONFIG_H -I. -I.. -I../include -fPIC -D_FILE_OFFSET_BITS=64 -D_LARGEFILE_SOURCE -DBINTRAJ -MT libdispatch_la-dattget.lo -MD -MP -MF .deps/libdispatch_la-dattget.Tpo -c dattget.c -o libdispatch_la-dattget.o >/dev/null 2>&1
mv -f .deps/libdispatch_la-dattget.Tpo .deps/libdispatch_la-dattget.Plo
/bin/sh ../libtool  --tag=CC   --mode=compile gcc -DHAVE_CONFIG_H -I. -I..  -I../include      -fPIC -D_FILE_OFFSET_BITS=64 -D_LARGEFILE_SOURCE -DBINTRAJ  -MT libdispatch_la-derror.lo -MD -MP -MF .deps/libdispatch_la-derror.Tpo -c -o libdispatch_la-derror.lo `test -f 'derror.c' || echo './'`derror.c
libtool: compile:  gcc -DHAVE_CONFIG_H -I. -I.. -I../include -fPIC -D_FILE_OFFSET_BITS=64 -D_LARGEFILE_SOURCE -DBINTRAJ -MT libdispatch_la-derror.lo -MD -MP -MF .deps/libdispatch_la-derror.Tpo -c derror.c  -fPIC -DPIC -o .libs/libdispatch_la-derror.o
libtool: compile:  gcc -DHAVE_CONFIG_H -I. -I.. -I../include -fPIC -D_FILE_OFFSET_BITS=64 -D_LARGEFILE_SOURCE -DBINTRAJ -MT libdispatch_la-derror.lo -MD -MP -MF .deps/libdispatch_la-derror.Tpo -c derror.c -o libdispatch_la-derror.o >/dev/null 2>&1
mv -f .deps/libdispatch_la-derror.Tpo .deps/libdispatch_la-derror.Plo
/bin/sh ../libtool  --tag=CC   --mode=compile gcc -DHAVE_CONFIG_H -I. -I..  -I../include      -fPIC -D_FILE_OFFSET_BITS=64 -D_LARGEFILE_SOURCE -DBINTRAJ  -MT libdispatch_la-dvar.lo -MD -MP -MF .deps/libdispatch_la-dvar.Tpo -c -o libdispatch_la-dvar.lo `test -f 'dvar.c' || echo './'`dvar.c
libtool: compile:  gcc -DHAVE_CONFIG_H -I. -I.. -I../include -fPIC -D_FILE_OFFSET_BITS=64 -D_LARGEFILE_SOURCE -DBINTRAJ -MT libdispatch_la-dvar.lo -MD -MP -MF .deps/libdispatch_la-dvar.Tpo -c dvar.c  -fPIC -DPIC -o .libs/libdispatch_la-dvar.o
libtool: compile:  gcc -DHAVE_CONFIG_H -I. -I.. -I../include -fPIC -D_FILE_OFFSET_BITS=64 -D_LARGEFILE_SOURCE -DBINTRAJ -MT libdispatch_la-dvar.lo -MD -MP -MF .deps/libdispatch_la-dvar.Tpo -c dvar.c -o libdispatch_la-dvar.o >/dev/null 2>&1
mv -f .deps/libdispatch_la-dvar.Tpo .deps/libdispatch_la-dvar.Plo
/bin/sh ../libtool  --tag=CC   --mode=compile gcc -DHAVE_CONFIG_H -I. -I..  -I../include      -fPIC -D_FILE_OFFSET_BITS=64 -D_LARGEFILE_SOURCE -DBINTRAJ  -MT libdispatch_la-dvarget.lo -MD -MP -MF .deps/libdispatch_la-dvarget.Tpo -c -o libdispatch_la-dvarget.lo `test -f 'dvarget.c' || echo './'`dvarget.c
libtool: compile:  gcc -DHAVE_CONFIG_H -I. -I.. -I../include -fPIC -D_FILE_OFFSET_BITS=64 -D_LARGEFILE_SOURCE -DBINTRAJ -MT libdispatch_la-dvarget.lo -MD -MP -MF .deps/libdispatch_la-dvarget.Tpo -c dvarget.c  -fPIC -DPIC -o .libs/libdispatch_la-dvarget.o
libtool: compile:  gcc -DHAVE_CONFIG_H -I. -I.. -I../include -fPIC -D_FILE_OFFSET_BITS=64 -D_LARGEFILE_SOURCE -DBINTRAJ -MT libdispatch_la-dvarget.lo -MD -MP -MF .deps/libdispatch_la-dvarget.Tpo -c dvarget.c -o libdispatch_la-dvarget.o >/dev/null 2>&1
mv -f .deps/libdispatch_la-dvarget.Tpo .deps/libdispatch_la-dvarget.Plo
/bin/sh ../libtool  --tag=CC   --mode=compile gcc -DHAVE_CONFIG_H -I. -I..  -I../include      -fPIC -D_FILE_OFFSET_BITS=64 -D_LARGEFILE_SOURCE -DBINTRAJ  -MT libdispatch_la-dvarput.lo -MD -MP -MF .deps/libdispatch_la-dvarput.Tpo -c -o libdispatch_la-dvarput.lo `test -f 'dvarput.c' || echo './'`dvarput.c
libtool: compile:  gcc -DHAVE_CONFIG_H -I. -I.. -I../include -fPIC -D_FILE_OFFSET_BITS=64 -D_LARGEFILE_SOURCE -DBINTRAJ -MT libdispatch_la-dvarput.lo -MD -MP -MF .deps/libdispatch_la-dvarput.Tpo -c dvarput.c  -fPIC -DPIC -o .libs/libdispatch_la-dvarput.o
libtool: compile:  gcc -DHAVE_CONFIG_H -I. -I.. -I../include -fPIC -D_FILE_OFFSET_BITS=64 -D_LARGEFILE_SOURCE -DBINTRAJ -MT libdispatch_la-dvarput.lo -MD -MP -MF .deps/libdispatch_la-dvarput.Tpo -c dvarput.c -o libdispatch_la-dvarput.o >/dev/null 2>&1
mv -f .deps/libdispatch_la-dvarput.Tpo .deps/libdispatch_la-dvarput.Plo
/bin/sh ../libtool  --tag=CC   --mode=compile gcc -DHAVE_CONFIG_H -I. -I..  -I../include      -fPIC -D_FILE_OFFSET_BITS=64 -D_LARGEFILE_SOURCE -DBINTRAJ  -MT libdispatch_la-dvarinq.lo -MD -MP -MF .deps/libdispatch_la-dvarinq.Tpo -c -o libdispatch_la-dvarinq.lo `test -f 'dvarinq.c' || echo './'`dvarinq.c
libtool: compile:  gcc -DHAVE_CONFIG_H -I. -I.. -I../include -fPIC -D_FILE_OFFSET_BITS=64 -D_LARGEFILE_SOURCE -DBINTRAJ -MT libdispatch_la-dvarinq.lo -MD -MP -MF .deps/libdispatch_la-dvarinq.Tpo -c dvarinq.c  -fPIC -DPIC -o .libs/libdispatch_la-dvarinq.o
libtool: compile:  gcc -DHAVE_CONFIG_H -I. -I.. -I../include -fPIC -D_FILE_OFFSET_BITS=64 -D_LARGEFILE_SOURCE -DBINTRAJ -MT libdispatch_la-dvarinq.lo -MD -MP -MF .deps/libdispatch_la-dvarinq.Tpo -c dvarinq.c -o libdispatch_la-dvarinq.o >/dev/null 2>&1
mv -f .deps/libdispatch_la-dvarinq.Tpo .deps/libdispatch_la-dvarinq.Plo
/bin/sh ../libtool  --tag=CC   --mode=compile gcc -DHAVE_CONFIG_H -I. -I..  -I../include      -fPIC -D_FILE_OFFSET_BITS=64 -D_LARGEFILE_SOURCE -DBINTRAJ  -MT libdispatch_la-ddispatch.lo -MD -MP -MF .deps/libdispatch_la-ddispatch.Tpo -c -o libdispatch_la-ddispatch.lo `test -f 'ddispatch.c' || echo './'`ddispatch.c
libtool: compile:  gcc -DHAVE_CONFIG_H -I. -I.. -I../include -fPIC -D_FILE_OFFSET_BITS=64 -D_LARGEFILE_SOURCE -DBINTRAJ -MT libdispatch_la-ddispatch.lo -MD -MP -MF .deps/libdispatch_la-ddispatch.Tpo -c ddispatch.c  -fPIC -DPIC -o .libs/libdispatch_la-ddispatch.o
libtool: compile:  gcc -DHAVE_CONFIG_H -I. -I.. -I../include -fPIC -D_FILE_OFFSET_BITS=64 -D_LARGEFILE_SOURCE -DBINTRAJ -MT libdispatch_la-ddispatch.lo -MD -MP -MF .deps/libdispatch_la-ddispatch.Tpo -c ddispatch.c -o libdispatch_la-ddispatch.o >/dev/null 2>&1
mv -f .deps/libdispatch_la-ddispatch.Tpo .deps/libdispatch_la-ddispatch.Plo
/bin/sh ../libtool  --tag=CC   --mode=compile gcc -DHAVE_CONFIG_H -I. -I..  -I../include      -fPIC -D_FILE_OFFSET_BITS=64 -D_LARGEFILE_SOURCE -DBINTRAJ  -MT libdispatch_la-nclog.lo -MD -MP -MF .deps/libdispatch_la-nclog.Tpo -c -o libdispatch_la-nclog.lo `test -f 'nclog.c' || echo './'`nclog.c
libtool: compile:  gcc -DHAVE_CONFIG_H -I. -I.. -I../include -fPIC -D_FILE_OFFSET_BITS=64 -D_LARGEFILE_SOURCE -DBINTRAJ -MT libdispatch_la-nclog.lo -MD -MP -MF .deps/libdispatch_la-nclog.Tpo -c nclog.c  -fPIC -DPIC -o .libs/libdispatch_la-nclog.o
libtool: compile:  gcc -DHAVE_CONFIG_H -I. -I.. -I../include -fPIC -D_FILE_OFFSET_BITS=64 -D_LARGEFILE_SOURCE -DBINTRAJ -MT libdispatch_la-nclog.lo -MD -MP -MF .deps/libdispatch_la-nclog.Tpo -c nclog.c -o libdispatch_la-nclog.o >/dev/null 2>&1
mv -f .deps/libdispatch_la-nclog.Tpo .deps/libdispatch_la-nclog.Plo
/bin/sh ../libtool  --tag=CC   --mode=compile gcc -DHAVE_CONFIG_H -I. -I..  -I../include      -fPIC -D_FILE_OFFSET_BITS=64 -D_LARGEFILE_SOURCE -DBINTRAJ  -MT libdispatch_la-dstring.lo -MD -MP -MF .deps/libdispatch_la-dstring.Tpo -c -o libdispatch_la-dstring.lo `test -f 'dstring.c' || echo './'`dstring.c
libtool: compile:  gcc -DHAVE_CONFIG_H -I. -I.. -I../include -fPIC -D_FILE_OFFSET_BITS=64 -D_LARGEFILE_SOURCE -DBINTRAJ -MT libdispatch_la-dstring.lo -MD -MP -MF .deps/libdispatch_la-dstring.Tpo -c dstring.c  -fPIC -DPIC -o .libs/libdispatch_la-dstring.o
libtool: compile:  gcc -DHAVE_CONFIG_H -I. -I.. -I../include -fPIC -D_FILE_OFFSET_BITS=64 -D_LARGEFILE_SOURCE -DBINTRAJ -MT libdispatch_la-dstring.lo -MD -MP -MF .deps/libdispatch_la-dstring.Tpo -c dstring.c -o libdispatch_la-dstring.o >/dev/null 2>&1
mv -f .deps/libdispatch_la-dstring.Tpo .deps/libdispatch_la-dstring.Plo
/bin/sh ../libtool  --tag=CC   --mode=compile gcc -DHAVE_CONFIG_H -I. -I..  -I../include      -fPIC -D_FILE_OFFSET_BITS=64 -D_LARGEFILE_SOURCE -DBINTRAJ  -MT libdispatch_la-dutf8proc.lo -MD -MP -MF .deps/libdispatch_la-dutf8proc.Tpo -c -o libdispatch_la-dutf8proc.lo `test -f 'dutf8proc.c' || echo './'`dutf8proc.c
libtool: compile:  gcc -DHAVE_CONFIG_H -I. -I.. -I../include -fPIC -D_FILE_OFFSET_BITS=64 -D_LARGEFILE_SOURCE -DBINTRAJ -MT libdispatch_la-dutf8proc.lo -MD -MP -MF .deps/libdispatch_la-dutf8proc.Tpo -c dutf8proc.c  -fPIC -DPIC -o .libs/libdispatch_la-dutf8proc.o
libtool: compile:  gcc -DHAVE_CONFIG_H -I. -I.. -I../include -fPIC -D_FILE_OFFSET_BITS=64 -D_LARGEFILE_SOURCE -DBINTRAJ -MT libdispatch_la-dutf8proc.lo -MD -MP -MF .deps/libdispatch_la-dutf8proc.Tpo -c dutf8proc.c -o libdispatch_la-dutf8proc.o >/dev/null 2>&1
mv -f .deps/libdispatch_la-dutf8proc.Tpo .deps/libdispatch_la-dutf8proc.Plo
/bin/sh ../libtool  --tag=CC   --mode=compile gcc -DHAVE_CONFIG_H -I. -I..  -I../include      -fPIC -D_FILE_OFFSET_BITS=64 -D_LARGEFILE_SOURCE -DBINTRAJ  -MT libdispatch_la-ncuri.lo -MD -MP -MF .deps/libdispatch_la-ncuri.Tpo -c -o libdispatch_la-ncuri.lo `test -f 'ncuri.c' || echo './'`ncuri.c
libtool: compile:  gcc -DHAVE_CONFIG_H -I. -I.. -I../include -fPIC -D_FILE_OFFSET_BITS=64 -D_LARGEFILE_SOURCE -DBINTRAJ -MT libdispatch_la-ncuri.lo -MD -MP -MF .deps/libdispatch_la-ncuri.Tpo -c ncuri.c  -fPIC -DPIC -o .libs/libdispatch_la-ncuri.o
libtool: compile:  gcc -DHAVE_CONFIG_H -I. -I.. -I../include -fPIC -D_FILE_OFFSET_BITS=64 -D_LARGEFILE_SOURCE -DBINTRAJ -MT libdispatch_la-ncuri.lo -MD -MP -MF .deps/libdispatch_la-ncuri.Tpo -c ncuri.c -o libdispatch_la-ncuri.o >/dev/null 2>&1
mv -f .deps/libdispatch_la-ncuri.Tpo .deps/libdispatch_la-ncuri.Plo
/bin/sh ../libtool  --tag=CC   --mode=compile gcc -DHAVE_CONFIG_H -I. -I..  -I../include      -fPIC -D_FILE_OFFSET_BITS=64 -D_LARGEFILE_SOURCE -DBINTRAJ  -MT libdispatch_la-nclist.lo -MD -MP -MF .deps/libdispatch_la-nclist.Tpo -c -o libdispatch_la-nclist.lo `test -f 'nclist.c' || echo './'`nclist.c
libtool: compile:  gcc -DHAVE_CONFIG_H -I. -I.. -I../include -fPIC -D_FILE_OFFSET_BITS=64 -D_LARGEFILE_SOURCE -DBINTRAJ -MT libdispatch_la-nclist.lo -MD -MP -MF .deps/libdispatch_la-nclist.Tpo -c nclist.c  -fPIC -DPIC -o .libs/libdispatch_la-nclist.o
libtool: compile:  gcc -DHAVE_CONFIG_H -I. -I.. -I../include -fPIC -D_FILE_OFFSET_BITS=64 -D_LARGEFILE_SOURCE -DBINTRAJ -MT libdispatch_la-nclist.lo -MD -MP -MF .deps/libdispatch_la-nclist.Tpo -c nclist.c -o libdispatch_la-nclist.o >/dev/null 2>&1
mv -f .deps/libdispatch_la-nclist.Tpo .deps/libdispatch_la-nclist.Plo
/bin/sh ../libtool  --tag=CC   --mode=compile gcc -DHAVE_CONFIG_H -I. -I..  -I../include      -fPIC -D_FILE_OFFSET_BITS=64 -D_LARGEFILE_SOURCE -DBINTRAJ  -MT libdispatch_la-ncbytes.lo -MD -MP -MF .deps/libdispatch_la-ncbytes.Tpo -c -o libdispatch_la-ncbytes.lo `test -f 'ncbytes.c' || echo './'`ncbytes.c
libtool: compile:  gcc -DHAVE_CONFIG_H -I. -I.. -I../include -fPIC -D_FILE_OFFSET_BITS=64 -D_LARGEFILE_SOURCE -DBINTRAJ -MT libdispatch_la-ncbytes.lo -MD -MP -MF .deps/libdispatch_la-ncbytes.Tpo -c ncbytes.c  -fPIC -DPIC -o .libs/libdispatch_la-ncbytes.o
libtool: compile:  gcc -DHAVE_CONFIG_H -I. -I.. -I../include -fPIC -D_FILE_OFFSET_BITS=64 -D_LARGEFILE_SOURCE -DBINTRAJ -MT libdispatch_la-ncbytes.lo -MD -MP -MF .deps/libdispatch_la-ncbytes.Tpo -c ncbytes.c -o libdispatch_la-ncbytes.o >/dev/null 2>&1
mv -f .deps/libdispatch_la-ncbytes.Tpo .deps/libdispatch_la-ncbytes.Plo
/bin/sh ../libtool  --tag=CC   --mode=compile gcc -DHAVE_CONFIG_H -I. -I..  -I../include      -fPIC -D_FILE_OFFSET_BITS=64 -D_LARGEFILE_SOURCE -DBINTRAJ  -MT libdispatch_la-nchashmap.lo -MD -MP -MF .deps/libdispatch_la-nchashmap.Tpo -c -o libdispatch_la-nchashmap.lo `test -f 'nchashmap.c' || echo './'`nchashmap.c
libtool: compile:  gcc -DHAVE_CONFIG_H -I. -I.. -I../include -fPIC -D_FILE_OFFSET_BITS=64 -D_LARGEFILE_SOURCE -DBINTRAJ -MT libdispatch_la-nchashmap.lo -MD -MP -MF .deps/libdispatch_la-nchashmap.Tpo -c nchashmap.c  -fPIC -DPIC -o .libs/libdispatch_la-nchashmap.o
libtool: compile:  gcc -DHAVE_CONFIG_H -I. -I.. -I../include -fPIC -D_FILE_OFFSET_BITS=64 -D_LARGEFILE_SOURCE -DBINTRAJ -MT libdispatch_la-nchashmap.lo -MD -MP -MF .deps/libdispatch_la-nchashmap.Tpo -c nchashmap.c -o libdispatch_la-nchashmap.o >/dev/null 2>&1
mv -f .deps/libdispatch_la-nchashmap.Tpo .deps/libdispatch_la-nchashmap.Plo
/bin/sh ../libtool  --tag=CC   --mode=compile gcc -DHAVE_CONFIG_H -I. -I..  -I../include      -fPIC -D_FILE_OFFSET_BITS=64 -D_LARGEFILE_SOURCE -DBINTRAJ  -MT libdispatch_la-nctime.lo -MD -MP -MF .deps/libdispatch_la-nctime.Tpo -c -o libdispatch_la-nctime.lo `test -f 'nctime.c' || echo './'`nctime.c
libtool: compile:  gcc -DHAVE_CONFIG_H -I. -I.. -I../include -fPIC -D_FILE_OFFSET_BITS=64 -D_LARGEFILE_SOURCE -DBINTRAJ -MT libdispatch_la-nctime.lo -MD -MP -MF .deps/libdispatch_la-nctime.Tpo -c nctime.c  -fPIC -DPIC -o .libs/libdispatch_la-nctime.o
libtool: compile:  gcc -DHAVE_CONFIG_H -I. -I.. -I../include -fPIC -D_FILE_OFFSET_BITS=64 -D_LARGEFILE_SOURCE -DBINTRAJ -MT libdispatch_la-nctime.lo -MD -MP -MF .deps/libdispatch_la-nctime.Tpo -c nctime.c -o libdispatch_la-nctime.o >/dev/null 2>&1
mv -f .deps/libdispatch_la-nctime.Tpo .deps/libdispatch_la-nctime.Plo
/bin/sh ../libtool  --tag=CC   --mode=compile gcc -DHAVE_CONFIG_H -I. -I..  -I../include      -fPIC -D_FILE_OFFSET_BITS=64 -D_LARGEFILE_SOURCE -DBINTRAJ  -MT libdispatch_la-dsubstrate.lo -MD -MP -MF .deps/libdispatch_la-dsubstrate.Tpo -c -o libdispatch_la-dsubstrate.lo `test -f 'dsubstrate.c' || echo './'`dsubstrate.c
libtool: compile:  gcc -DHAVE_CONFIG_H -I. -I.. -I../include -fPIC -D_FILE_OFFSET_BITS=64 -D_LARGEFILE_SOURCE -DBINTRAJ -MT libdispatch_la-dsubstrate.lo -MD -MP -MF .deps/libdispatch_la-dsubstrate.Tpo -c dsubstrate.c  -fPIC -DPIC -o .libs/libdispatch_la-dsubstrate.o
libtool: compile:  gcc -DHAVE_CONFIG_H -I. -I.. -I../include -fPIC -D_FILE_OFFSET_BITS=64 -D_LARGEFILE_SOURCE -DBINTRAJ -MT libdispatch_la-dsubstrate.lo -MD -MP -MF .deps/libdispatch_la-dsubstrate.Tpo -c dsubstrate.c -o libdispatch_la-dsubstrate.o >/dev/null 2>&1
mv -f .deps/libdispatch_la-dsubstrate.Tpo .deps/libdispatch_la-dsubstrate.Plo
/bin/sh ../libtool  --tag=CC   --mode=compile gcc -DHAVE_CONFIG_H -I. -I..  -I../include      -fPIC -D_FILE_OFFSET_BITS=64 -D_LARGEFILE_SOURCE -DBINTRAJ  -MT libdispatch_la-nc.lo -MD -MP -MF .deps/libdispatch_la-nc.Tpo -c -o libdispatch_la-nc.lo `test -f 'nc.c' || echo './'`nc.c
libtool: compile:  gcc -DHAVE_CONFIG_H -I. -I.. -I../include -fPIC -D_FILE_OFFSET_BITS=64 -D_LARGEFILE_SOURCE -DBINTRAJ -MT libdispatch_la-nc.lo -MD -MP -MF .deps/libdispatch_la-nc.Tpo -c nc.c  -fPIC -DPIC -o .libs/libdispatch_la-nc.o
libtool: compile:  gcc -DHAVE_CONFIG_H -I. -I.. -I../include -fPIC -D_FILE_OFFSET_BITS=64 -D_LARGEFILE_SOURCE -DBINTRAJ -MT libdispatch_la-nc.lo -MD -MP -MF .deps/libdispatch_la-nc.Tpo -c nc.c -o libdispatch_la-nc.o >/dev/null 2>&1
mv -f .deps/libdispatch_la-nc.Tpo .deps/libdispatch_la-nc.Plo
/bin/sh ../libtool  --tag=CC   --mode=compile gcc -DHAVE_CONFIG_H -I. -I..  -I../include      -fPIC -D_FILE_OFFSET_BITS=64 -D_LARGEFILE_SOURCE -DBINTRAJ  -MT libdispatch_la-nclistmgr.lo -MD -MP -MF .deps/libdispatch_la-nclistmgr.Tpo -c -o libdispatch_la-nclistmgr.lo `test -f 'nclistmgr.c' || echo './'`nclistmgr.c
libtool: compile:  gcc -DHAVE_CONFIG_H -I. -I.. -I../include -fPIC -D_FILE_OFFSET_BITS=64 -D_LARGEFILE_SOURCE -DBINTRAJ -MT libdispatch_la-nclistmgr.lo -MD -MP -MF .deps/libdispatch_la-nclistmgr.Tpo -c nclistmgr.c  -fPIC -DPIC -o .libs/libdispatch_la-nclistmgr.o
libtool: compile:  gcc -DHAVE_CONFIG_H -I. -I.. -I../include -fPIC -D_FILE_OFFSET_BITS=64 -D_LARGEFILE_SOURCE -DBINTRAJ -MT libdispatch_la-nclistmgr.lo -MD -MP -MF .deps/libdispatch_la-nclistmgr.Tpo -c nclistmgr.c -o libdispatch_la-nclistmgr.o >/dev/null 2>&1
mv -f .deps/libdispatch_la-nclistmgr.Tpo .deps/libdispatch_la-nclistmgr.Plo
/bin/sh ../libtool  --tag=CC   --mode=link gcc  -fPIC -D_FILE_OFFSET_BITS=64 -D_LARGEFILE_SOURCE -DBINTRAJ    -o libdispatch.la  libdispatch_la-dparallel.lo libdispatch_la-dcopy.lo libdispatch_la-dfile.lo libdispatch_la-ddim.lo libdispatch_la-datt.lo libdispatch_la-dattinq.lo libdispatch_la-dattput.lo libdispatch_la-dattget.lo libdispatch_la-derror.lo libdispatch_la-dvar.lo libdispatch_la-dvarget.lo libdispatch_la-dvarput.lo libdispatch_la-dvarinq.lo libdispatch_la-ddispatch.lo libdispatch_la-nclog.lo libdispatch_la-dstring.lo libdispatch_la-dutf8proc.lo libdispatch_la-ncuri.lo libdispatch_la-nclist.lo libdispatch_la-ncbytes.lo libdispatch_la-nchashmap.lo libdispatch_la-nctime.lo libdispatch_la-dsubstrate.lo libdispatch_la-nc.lo libdispatch_la-nclistmgr.lo   -lm 
libtool: link: ar cru .libs/libdispatch.a .libs/libdispatch_la-dparallel.o .libs/libdispatch_la-dcopy.o .libs/libdispatch_la-dfile.o .libs/libdispatch_la-ddim.o .libs/libdispatch_la-datt.o .libs/libdispatch_la-dattinq.o .libs/libdispatch_la-dattput.o .libs/libdispatch_la-dattget.o .libs/libdispatch_la-derror.o .libs/libdispatch_la-dvar.o .libs/libdispatch_la-dvarget.o .libs/libdispatch_la-dvarput.o .libs/libdispatch_la-dvarinq.o .libs/libdispatch_la-ddispatch.o .libs/libdispatch_la-nclog.o .libs/libdispatch_la-dstring.o .libs/libdispatch_la-dutf8proc.o .libs/libdispatch_la-ncuri.o .libs/libdispatch_la-nclist.o .libs/libdispatch_la-ncbytes.o .libs/libdispatch_la-nchashmap.o .libs/libdispatch_la-nctime.o .libs/libdispatch_la-dsubstrate.o .libs/libdispatch_la-nc.o .libs/libdispatch_la-nclistmgr.o 
libtool: link: ranlib .libs/libdispatch.a
libtool: link: ( cd ".libs" && rm -f "libdispatch.la" && ln -s "../libdispatch.la" "libdispatch.la" )
/bin/sh ../libtool  --tag=CC   --mode=compile gcc -DHAVE_CONFIG_H -I. -I..  -I../include   -DDLL_EXPORT   -fPIC -D_FILE_OFFSET_BITS=64 -D_LARGEFILE_SOURCE -DBINTRAJ  -MT libnetcdf2_la-dv2i.lo -MD -MP -MF .deps/libnetcdf2_la-dv2i.Tpo -c -o libnetcdf2_la-dv2i.lo `test -f 'dv2i.c' || echo './'`dv2i.c
libtool: compile:  gcc -DHAVE_CONFIG_H -I. -I.. -I../include -DDLL_EXPORT -fPIC -D_FILE_OFFSET_BITS=64 -D_LARGEFILE_SOURCE -DBINTRAJ -MT libnetcdf2_la-dv2i.lo -MD -MP -MF .deps/libnetcdf2_la-dv2i.Tpo -c dv2i.c  -fPIC -DPIC -o .libs/libnetcdf2_la-dv2i.o
libtool: compile:  gcc -DHAVE_CONFIG_H -I. -I.. -I../include -DDLL_EXPORT -fPIC -D_FILE_OFFSET_BITS=64 -D_LARGEFILE_SOURCE -DBINTRAJ -MT libnetcdf2_la-dv2i.lo -MD -MP -MF .deps/libnetcdf2_la-dv2i.Tpo -c dv2i.c -o libnetcdf2_la-dv2i.o >/dev/null 2>&1
mv -f .deps/libnetcdf2_la-dv2i.Tpo .deps/libnetcdf2_la-dv2i.Plo
/bin/sh ../libtool  --tag=CC   --mode=link gcc  -fPIC -D_FILE_OFFSET_BITS=64 -D_LARGEFILE_SOURCE -DBINTRAJ    -o libnetcdf2.la  libnetcdf2_la-dv2i.lo  -lm 
libtool: link: ar cru .libs/libnetcdf2.a .libs/libnetcdf2_la-dv2i.o 
libtool: link: ranlib .libs/libnetcdf2.a
libtool: link: ( cd ".libs" && rm -f "libnetcdf2.la" && ln -s "../libnetcdf2.la" "libnetcdf2.la" )
make[2]: se ingresa al directorio `/mnt/home/users/ac_001_um/jorgedlpg/gromacs/amber14/AmberTools/src/netcdf-4.3.0/libdispatch'
make[2]: No se hace nada para `install-exec-am'.
make[2]: No se hace nada para `install-data-am'.
make[2]: se sale del directorio `/mnt/home/users/ac_001_um/jorgedlpg/gromacs/amber14/AmberTools/src/netcdf-4.3.0/libdispatch'
make[1]: se sale del directorio `/mnt/home/users/ac_001_um/jorgedlpg/gromacs/amber14/AmberTools/src/netcdf-4.3.0/libdispatch'
Making install in libsrc
make[1]: se ingresa al directorio `/mnt/home/users/ac_001_um/jorgedlpg/gromacs/amber14/AmberTools/src/netcdf-4.3.0/libsrc'
/bin/sh ../libtool  --tag=CC   --mode=compile gcc -DHAVE_CONFIG_H -I. -I..  -I../include      -fPIC -D_FILE_OFFSET_BITS=64 -D_LARGEFILE_SOURCE -DBINTRAJ  -MT libnetcdf3_la-v1hpg.lo -MD -MP -MF .deps/libnetcdf3_la-v1hpg.Tpo -c -o libnetcdf3_la-v1hpg.lo `test -f 'v1hpg.c' || echo './'`v1hpg.c
libtool: compile:  gcc -DHAVE_CONFIG_H -I. -I.. -I../include -fPIC -D_FILE_OFFSET_BITS=64 -D_LARGEFILE_SOURCE -DBINTRAJ -MT libnetcdf3_la-v1hpg.lo -MD -MP -MF .deps/libnetcdf3_la-v1hpg.Tpo -c v1hpg.c  -fPIC -DPIC -o .libs/libnetcdf3_la-v1hpg.o
libtool: compile:  gcc -DHAVE_CONFIG_H -I. -I.. -I../include -fPIC -D_FILE_OFFSET_BITS=64 -D_LARGEFILE_SOURCE -DBINTRAJ -MT libnetcdf3_la-v1hpg.lo -MD -MP -MF .deps/libnetcdf3_la-v1hpg.Tpo -c v1hpg.c -o libnetcdf3_la-v1hpg.o >/dev/null 2>&1
mv -f .deps/libnetcdf3_la-v1hpg.Tpo .deps/libnetcdf3_la-v1hpg.Plo
/bin/sh ../libtool  --tag=CC   --mode=compile gcc -DHAVE_CONFIG_H -I. -I..  -I../include      -fPIC -D_FILE_OFFSET_BITS=64 -D_LARGEFILE_SOURCE -DBINTRAJ  -MT libnetcdf3_la-putget.lo -MD -MP -MF .deps/libnetcdf3_la-putget.Tpo -c -o libnetcdf3_la-putget.lo `test -f 'putget.c' || echo './'`putget.c
libtool: compile:  gcc -DHAVE_CONFIG_H -I. -I.. -I../include -fPIC -D_FILE_OFFSET_BITS=64 -D_LARGEFILE_SOURCE -DBINTRAJ -MT libnetcdf3_la-putget.lo -MD -MP -MF .deps/libnetcdf3_la-putget.Tpo -c putget.c  -fPIC -DPIC -o .libs/libnetcdf3_la-putget.o
libtool: compile:  gcc -DHAVE_CONFIG_H -I. -I.. -I../include -fPIC -D_FILE_OFFSET_BITS=64 -D_LARGEFILE_SOURCE -DBINTRAJ -MT libnetcdf3_la-putget.lo -MD -MP -MF .deps/libnetcdf3_la-putget.Tpo -c putget.c -o libnetcdf3_la-putget.o >/dev/null 2>&1
mv -f .deps/libnetcdf3_la-putget.Tpo .deps/libnetcdf3_la-putget.Plo
/bin/sh ../libtool  --tag=CC   --mode=compile gcc -DHAVE_CONFIG_H -I. -I..  -I../include      -fPIC -D_FILE_OFFSET_BITS=64 -D_LARGEFILE_SOURCE -DBINTRAJ  -MT libnetcdf3_la-attr.lo -MD -MP -MF .deps/libnetcdf3_la-attr.Tpo -c -o libnetcdf3_la-attr.lo `test -f 'attr.c' || echo './'`attr.c
libtool: compile:  gcc -DHAVE_CONFIG_H -I. -I.. -I../include -fPIC -D_FILE_OFFSET_BITS=64 -D_LARGEFILE_SOURCE -DBINTRAJ -MT libnetcdf3_la-attr.lo -MD -MP -MF .deps/libnetcdf3_la-attr.Tpo -c attr.c  -fPIC -DPIC -o .libs/libnetcdf3_la-attr.o
libtool: compile:  gcc -DHAVE_CONFIG_H -I. -I.. -I../include -fPIC -D_FILE_OFFSET_BITS=64 -D_LARGEFILE_SOURCE -DBINTRAJ -MT libnetcdf3_la-attr.lo -MD -MP -MF .deps/libnetcdf3_la-attr.Tpo -c attr.c -o libnetcdf3_la-attr.o >/dev/null 2>&1
mv -f .deps/libnetcdf3_la-attr.Tpo .deps/libnetcdf3_la-attr.Plo
/bin/sh ../libtool  --tag=CC   --mode=compile gcc -DHAVE_CONFIG_H -I. -I..  -I../include      -fPIC -D_FILE_OFFSET_BITS=64 -D_LARGEFILE_SOURCE -DBINTRAJ  -MT libnetcdf3_la-nc3dispatch.lo -MD -MP -MF .deps/libnetcdf3_la-nc3dispatch.Tpo -c -o libnetcdf3_la-nc3dispatch.lo `test -f 'nc3dispatch.c' || echo './'`nc3dispatch.c
libtool: compile:  gcc -DHAVE_CONFIG_H -I. -I.. -I../include -fPIC -D_FILE_OFFSET_BITS=64 -D_LARGEFILE_SOURCE -DBINTRAJ -MT libnetcdf3_la-nc3dispatch.lo -MD -MP -MF .deps/libnetcdf3_la-nc3dispatch.Tpo -c nc3dispatch.c  -fPIC -DPIC -o .libs/libnetcdf3_la-nc3dispatch.o
libtool: compile:  gcc -DHAVE_CONFIG_H -I. -I.. -I../include -fPIC -D_FILE_OFFSET_BITS=64 -D_LARGEFILE_SOURCE -DBINTRAJ -MT libnetcdf3_la-nc3dispatch.lo -MD -MP -MF .deps/libnetcdf3_la-nc3dispatch.Tpo -c nc3dispatch.c -o libnetcdf3_la-nc3dispatch.o >/dev/null 2>&1
mv -f .deps/libnetcdf3_la-nc3dispatch.Tpo .deps/libnetcdf3_la-nc3dispatch.Plo
/bin/sh ../libtool  --tag=CC   --mode=compile gcc -DHAVE_CONFIG_H -I. -I..  -I../include      -fPIC -D_FILE_OFFSET_BITS=64 -D_LARGEFILE_SOURCE -DBINTRAJ  -MT libnetcdf3_la-nc3internal.lo -MD -MP -MF .deps/libnetcdf3_la-nc3internal.Tpo -c -o libnetcdf3_la-nc3internal.lo `test -f 'nc3internal.c' || echo './'`nc3internal.c
libtool: compile:  gcc -DHAVE_CONFIG_H -I. -I.. -I../include -fPIC -D_FILE_OFFSET_BITS=64 -D_LARGEFILE_SOURCE -DBINTRAJ -MT libnetcdf3_la-nc3internal.lo -MD -MP -MF .deps/libnetcdf3_la-nc3internal.Tpo -c nc3internal.c  -fPIC -DPIC -o .libs/libnetcdf3_la-nc3internal.o
libtool: compile:  gcc -DHAVE_CONFIG_H -I. -I.. -I../include -fPIC -D_FILE_OFFSET_BITS=64 -D_LARGEFILE_SOURCE -DBINTRAJ -MT libnetcdf3_la-nc3internal.lo -MD -MP -MF .deps/libnetcdf3_la-nc3internal.Tpo -c nc3internal.c -o libnetcdf3_la-nc3internal.o >/dev/null 2>&1
mv -f .deps/libnetcdf3_la-nc3internal.Tpo .deps/libnetcdf3_la-nc3internal.Plo
/bin/sh ../libtool  --tag=CC   --mode=compile gcc -DHAVE_CONFIG_H -I. -I..  -I../include      -fPIC -D_FILE_OFFSET_BITS=64 -D_LARGEFILE_SOURCE -DBINTRAJ  -MT libnetcdf3_la-var.lo -MD -MP -MF .deps/libnetcdf3_la-var.Tpo -c -o libnetcdf3_la-var.lo `test -f 'var.c' || echo './'`var.c
libtool: compile:  gcc -DHAVE_CONFIG_H -I. -I.. -I../include -fPIC -D_FILE_OFFSET_BITS=64 -D_LARGEFILE_SOURCE -DBINTRAJ -MT libnetcdf3_la-var.lo -MD -MP -MF .deps/libnetcdf3_la-var.Tpo -c var.c  -fPIC -DPIC -o .libs/libnetcdf3_la-var.o
libtool: compile:  gcc -DHAVE_CONFIG_H -I. -I.. -I../include -fPIC -D_FILE_OFFSET_BITS=64 -D_LARGEFILE_SOURCE -DBINTRAJ -MT libnetcdf3_la-var.lo -MD -MP -MF .deps/libnetcdf3_la-var.Tpo -c var.c -o libnetcdf3_la-var.o >/dev/null 2>&1
mv -f .deps/libnetcdf3_la-var.Tpo .deps/libnetcdf3_la-var.Plo
/bin/sh ../libtool  --tag=CC   --mode=compile gcc -DHAVE_CONFIG_H -I. -I..  -I../include      -fPIC -D_FILE_OFFSET_BITS=64 -D_LARGEFILE_SOURCE -DBINTRAJ  -MT libnetcdf3_la-dim.lo -MD -MP -MF .deps/libnetcdf3_la-dim.Tpo -c -o libnetcdf3_la-dim.lo `test -f 'dim.c' || echo './'`dim.c
libtool: compile:  gcc -DHAVE_CONFIG_H -I. -I.. -I../include -fPIC -D_FILE_OFFSET_BITS=64 -D_LARGEFILE_SOURCE -DBINTRAJ -MT libnetcdf3_la-dim.lo -MD -MP -MF .deps/libnetcdf3_la-dim.Tpo -c dim.c  -fPIC -DPIC -o .libs/libnetcdf3_la-dim.o
libtool: compile:  gcc -DHAVE_CONFIG_H -I. -I.. -I../include -fPIC -D_FILE_OFFSET_BITS=64 -D_LARGEFILE_SOURCE -DBINTRAJ -MT libnetcdf3_la-dim.lo -MD -MP -MF .deps/libnetcdf3_la-dim.Tpo -c dim.c -o libnetcdf3_la-dim.o >/dev/null 2>&1
mv -f .deps/libnetcdf3_la-dim.Tpo .deps/libnetcdf3_la-dim.Plo
/bin/sh ../libtool  --tag=CC   --mode=compile gcc -DHAVE_CONFIG_H -I. -I..  -I../include      -fPIC -D_FILE_OFFSET_BITS=64 -D_LARGEFILE_SOURCE -DBINTRAJ  -MT libnetcdf3_la-ncx.lo -MD -MP -MF .deps/libnetcdf3_la-ncx.Tpo -c -o libnetcdf3_la-ncx.lo `test -f 'ncx.c' || echo './'`ncx.c
libtool: compile:  gcc -DHAVE_CONFIG_H -I. -I.. -I../include -fPIC -D_FILE_OFFSET_BITS=64 -D_LARGEFILE_SOURCE -DBINTRAJ -MT libnetcdf3_la-ncx.lo -MD -MP -MF .deps/libnetcdf3_la-ncx.Tpo -c ncx.c  -fPIC -DPIC -o .libs/libnetcdf3_la-ncx.o
libtool: compile:  gcc -DHAVE_CONFIG_H -I. -I.. -I../include -fPIC -D_FILE_OFFSET_BITS=64 -D_LARGEFILE_SOURCE -DBINTRAJ -MT libnetcdf3_la-ncx.lo -MD -MP -MF .deps/libnetcdf3_la-ncx.Tpo -c ncx.c -o libnetcdf3_la-ncx.o >/dev/null 2>&1
mv -f .deps/libnetcdf3_la-ncx.Tpo .deps/libnetcdf3_la-ncx.Plo
/bin/sh ../libtool  --tag=CC   --mode=compile gcc -DHAVE_CONFIG_H -I. -I..  -I../include      -fPIC -D_FILE_OFFSET_BITS=64 -D_LARGEFILE_SOURCE -DBINTRAJ  -MT libnetcdf3_la-lookup3.lo -MD -MP -MF .deps/libnetcdf3_la-lookup3.Tpo -c -o libnetcdf3_la-lookup3.lo `test -f 'lookup3.c' || echo './'`lookup3.c
libtool: compile:  gcc -DHAVE_CONFIG_H -I. -I.. -I../include -fPIC -D_FILE_OFFSET_BITS=64 -D_LARGEFILE_SOURCE -DBINTRAJ -MT libnetcdf3_la-lookup3.lo -MD -MP -MF .deps/libnetcdf3_la-lookup3.Tpo -c lookup3.c  -fPIC -DPIC -o .libs/libnetcdf3_la-lookup3.o
libtool: compile:  gcc -DHAVE_CONFIG_H -I. -I.. -I../include -fPIC -D_FILE_OFFSET_BITS=64 -D_LARGEFILE_SOURCE -DBINTRAJ -MT libnetcdf3_la-lookup3.lo -MD -MP -MF .deps/libnetcdf3_la-lookup3.Tpo -c lookup3.c -o libnetcdf3_la-lookup3.o >/dev/null 2>&1
mv -f .deps/libnetcdf3_la-lookup3.Tpo .deps/libnetcdf3_la-lookup3.Plo
/bin/sh ../libtool  --tag=CC   --mode=compile gcc -DHAVE_CONFIG_H -I. -I..  -I../include      -fPIC -D_FILE_OFFSET_BITS=64 -D_LARGEFILE_SOURCE -DBINTRAJ  -MT libnetcdf3_la-ncio.lo -MD -MP -MF .deps/libnetcdf3_la-ncio.Tpo -c -o libnetcdf3_la-ncio.lo `test -f 'ncio.c' || echo './'`ncio.c
libtool: compile:  gcc -DHAVE_CONFIG_H -I. -I.. -I../include -fPIC -D_FILE_OFFSET_BITS=64 -D_LARGEFILE_SOURCE -DBINTRAJ -MT libnetcdf3_la-ncio.lo -MD -MP -MF .deps/libnetcdf3_la-ncio.Tpo -c ncio.c  -fPIC -DPIC -o .libs/libnetcdf3_la-ncio.o
libtool: compile:  gcc -DHAVE_CONFIG_H -I. -I.. -I../include -fPIC -D_FILE_OFFSET_BITS=64 -D_LARGEFILE_SOURCE -DBINTRAJ -MT libnetcdf3_la-ncio.lo -MD -MP -MF .deps/libnetcdf3_la-ncio.Tpo -c ncio.c -o libnetcdf3_la-ncio.o >/dev/null 2>&1
mv -f .deps/libnetcdf3_la-ncio.Tpo .deps/libnetcdf3_la-ncio.Plo
/bin/sh ../libtool  --tag=CC   --mode=compile gcc -DHAVE_CONFIG_H -I. -I..  -I../include      -fPIC -D_FILE_OFFSET_BITS=64 -D_LARGEFILE_SOURCE -DBINTRAJ  -MT libnetcdf3_la-memio.lo -MD -MP -MF .deps/libnetcdf3_la-memio.Tpo -c -o libnetcdf3_la-memio.lo `test -f 'memio.c' || echo './'`memio.c
libtool: compile:  gcc -DHAVE_CONFIG_H -I. -I.. -I../include -fPIC -D_FILE_OFFSET_BITS=64 -D_LARGEFILE_SOURCE -DBINTRAJ -MT libnetcdf3_la-memio.lo -MD -MP -MF .deps/libnetcdf3_la-memio.Tpo -c memio.c  -fPIC -DPIC -o .libs/libnetcdf3_la-memio.o
libtool: compile:  gcc -DHAVE_CONFIG_H -I. -I.. -I../include -fPIC -D_FILE_OFFSET_BITS=64 -D_LARGEFILE_SOURCE -DBINTRAJ -MT libnetcdf3_la-memio.lo -MD -MP -MF .deps/libnetcdf3_la-memio.Tpo -c memio.c -o libnetcdf3_la-memio.o >/dev/null 2>&1
mv -f .deps/libnetcdf3_la-memio.Tpo .deps/libnetcdf3_la-memio.Plo
/bin/sh ../libtool  --tag=CC   --mode=compile gcc -DHAVE_CONFIG_H -I. -I..  -I../include      -fPIC -D_FILE_OFFSET_BITS=64 -D_LARGEFILE_SOURCE -DBINTRAJ  -MT libnetcdf3_la-posixio.lo -MD -MP -MF .deps/libnetcdf3_la-posixio.Tpo -c -o libnetcdf3_la-posixio.lo `test -f 'posixio.c' || echo './'`posixio.c
libtool: compile:  gcc -DHAVE_CONFIG_H -I. -I.. -I../include -fPIC -D_FILE_OFFSET_BITS=64 -D_LARGEFILE_SOURCE -DBINTRAJ -MT libnetcdf3_la-posixio.lo -MD -MP -MF .deps/libnetcdf3_la-posixio.Tpo -c posixio.c  -fPIC -DPIC -o .libs/libnetcdf3_la-posixio.o
libtool: compile:  gcc -DHAVE_CONFIG_H -I. -I.. -I../include -fPIC -D_FILE_OFFSET_BITS=64 -D_LARGEFILE_SOURCE -DBINTRAJ -MT libnetcdf3_la-posixio.lo -MD -MP -MF .deps/libnetcdf3_la-posixio.Tpo -c posixio.c -o libnetcdf3_la-posixio.o >/dev/null 2>&1
mv -f .deps/libnetcdf3_la-posixio.Tpo .deps/libnetcdf3_la-posixio.Plo
/bin/sh ../libtool  --tag=CC   --mode=link gcc  -fPIC -D_FILE_OFFSET_BITS=64 -D_LARGEFILE_SOURCE -DBINTRAJ    -o libnetcdf3.la  libnetcdf3_la-v1hpg.lo libnetcdf3_la-putget.lo libnetcdf3_la-attr.lo libnetcdf3_la-nc3dispatch.lo libnetcdf3_la-nc3internal.lo libnetcdf3_la-var.lo libnetcdf3_la-dim.lo libnetcdf3_la-ncx.lo libnetcdf3_la-lookup3.lo libnetcdf3_la-ncio.lo libnetcdf3_la-memio.lo   libnetcdf3_la-posixio.lo  -lm 
libtool: link: ar cru .libs/libnetcdf3.a .libs/libnetcdf3_la-v1hpg.o .libs/libnetcdf3_la-putget.o .libs/libnetcdf3_la-attr.o .libs/libnetcdf3_la-nc3dispatch.o .libs/libnetcdf3_la-nc3internal.o .libs/libnetcdf3_la-var.o .libs/libnetcdf3_la-dim.o .libs/libnetcdf3_la-ncx.o .libs/libnetcdf3_la-lookup3.o .libs/libnetcdf3_la-ncio.o .libs/libnetcdf3_la-memio.o .libs/libnetcdf3_la-posixio.o 
libtool: link: ranlib .libs/libnetcdf3.a
libtool: link: ( cd ".libs" && rm -f "libnetcdf3.la" && ln -s "../libnetcdf3.la" "libnetcdf3.la" )
make[2]: se ingresa al directorio `/mnt/home/users/ac_001_um/jorgedlpg/gromacs/amber14/AmberTools/src/netcdf-4.3.0/libsrc'
make[2]: No se hace nada para `install-exec-am'.
 /bin/mkdir -p '/mnt/home/users/ac_001_um/jorgedlpg/gromacs/amber14/share/man/man3'
 /usr/bin/install -c -m 644 netcdf.3 '/mnt/home/users/ac_001_um/jorgedlpg/gromacs/amber14/share/man/man3'
make[2]: se sale del directorio `/mnt/home/users/ac_001_um/jorgedlpg/gromacs/amber14/AmberTools/src/netcdf-4.3.0/libsrc'
make[1]: se sale del directorio `/mnt/home/users/ac_001_um/jorgedlpg/gromacs/amber14/AmberTools/src/netcdf-4.3.0/libsrc'
Making install in liblib
make[1]: se ingresa al directorio `/mnt/home/users/ac_001_um/jorgedlpg/gromacs/amber14/AmberTools/src/netcdf-4.3.0/liblib'
/bin/sh ../libtool  --tag=CC   --mode=compile gcc -DHAVE_CONFIG_H -I. -I..  -I../include        -fPIC -D_FILE_OFFSET_BITS=64 -D_LARGEFILE_SOURCE -DBINTRAJ  -MT libnetcdf_la-stub.lo -MD -MP -MF .deps/libnetcdf_la-stub.Tpo -c -o libnetcdf_la-stub.lo `test -f 'stub.c' || echo './'`stub.c
libtool: compile:  gcc -DHAVE_CONFIG_H -I. -I.. -I../include -fPIC -D_FILE_OFFSET_BITS=64 -D_LARGEFILE_SOURCE -DBINTRAJ -MT libnetcdf_la-stub.lo -MD -MP -MF .deps/libnetcdf_la-stub.Tpo -c stub.c  -fPIC -DPIC -o .libs/libnetcdf_la-stub.o
libtool: compile:  gcc -DHAVE_CONFIG_H -I. -I.. -I../include -fPIC -D_FILE_OFFSET_BITS=64 -D_LARGEFILE_SOURCE -DBINTRAJ -MT libnetcdf_la-stub.lo -MD -MP -MF .deps/libnetcdf_la-stub.Tpo -c stub.c -o libnetcdf_la-stub.o >/dev/null 2>&1
mv -f .deps/libnetcdf_la-stub.Tpo .deps/libnetcdf_la-stub.Plo
/bin/sh ../libtool  --tag=CC   --mode=link gcc  -fPIC -D_FILE_OFFSET_BITS=64 -D_LARGEFILE_SOURCE -DBINTRAJ  -version-info 9:0:2   -o libnetcdf.la -rpath /mnt/home/users/ac_001_um/jorgedlpg/gromacs/amber14/lib libnetcdf_la-stub.lo ../libdispatch/libnetcdf2.la ../libdispatch/libdispatch.la ../libsrc/libnetcdf3.la    -lm 
libtool: link: gcc -shared  -fPIC -DPIC  .libs/libnetcdf_la-stub.o  -Wl,--whole-archive ../libdispatch/.libs/libnetcdf2.a ../libdispatch/.libs/libdispatch.a ../libsrc/.libs/libnetcdf3.a -Wl,--no-whole-archive  -lm    -Wl,-soname -Wl,libnetcdf.so.7 -o .libs/libnetcdf.so.7.2.0
libtool: link: (cd ".libs" && rm -f "libnetcdf.so.7" && ln -s "libnetcdf.so.7.2.0" "libnetcdf.so.7")
libtool: link: (cd ".libs" && rm -f "libnetcdf.so" && ln -s "libnetcdf.so.7.2.0" "libnetcdf.so")
libtool: link: (cd .libs/libnetcdf.lax/libnetcdf2.a && ar x "/mnt/home/users/ac_001_um/jorgedlpg/gromacs/amber14/AmberTools/src/netcdf-4.3.0/liblib/../libdispatch/.libs/libnetcdf2.a")
libtool: link: (cd .libs/libnetcdf.lax/libdispatch.a && ar x "/mnt/home/users/ac_001_um/jorgedlpg/gromacs/amber14/AmberTools/src/netcdf-4.3.0/liblib/../libdispatch/.libs/libdispatch.a")
libtool: link: (cd .libs/libnetcdf.lax/libnetcdf3.a && ar x "/mnt/home/users/ac_001_um/jorgedlpg/gromacs/amber14/AmberTools/src/netcdf-4.3.0/liblib/../libsrc/.libs/libnetcdf3.a")
libtool: link: ar cru .libs/libnetcdf.a  libnetcdf_la-stub.o  .libs/libnetcdf.lax/libnetcdf2.a/libnetcdf2_la-dv2i.o  .libs/libnetcdf.lax/libdispatch.a/libdispatch_la-datt.o .libs/libnetcdf.lax/libdispatch.a/libdispatch_la-dattget.o .libs/libnetcdf.lax/libdispatch.a/libdispatch_la-dattinq.o .libs/libnetcdf.lax/libdispatch.a/libdispatch_la-dattput.o .libs/libnetcdf.lax/libdispatch.a/libdispatch_la-dcopy.o .libs/libnetcdf.lax/libdispatch.a/libdispatch_la-ddim.o .libs/libnetcdf.lax/libdispatch.a/libdispatch_la-ddispatch.o .libs/libnetcdf.lax/libdispatch.a/libdispatch_la-derror.o .libs/libnetcdf.lax/libdispatch.a/libdispatch_la-dfile.o .libs/libnetcdf.lax/libdispatch.a/libdispatch_la-dparallel.o .libs/libnetcdf.lax/libdispatch.a/libdispatch_la-dstring.o .libs/libnetcdf.lax/libdispatch.a/libdispatch_la-dsubstrate.o .libs/libnetcdf.lax/libdispatch.a/libdispatch_la-dutf8proc.o .libs/libnetcdf.lax/libdispatch.a/libdispatch_la-dvar.o .libs/libnetcdf.lax/libdispatch.a/libdispatch_la-dvarget.o .libs/libnetcdf.lax/libdispatch.a/libdispatch_la-dvarinq.o .libs/libnetcdf.lax/libdispatch.a/libdispatch_la-dvarput.o .libs/libnetcdf.lax/libdispatch.a/libdispatch_la-nc.o .libs/libnetcdf.lax/libdispatch.a/libdispatch_la-ncbytes.o .libs/libnetcdf.lax/libdispatch.a/libdispatch_la-nchashmap.o .libs/libnetcdf.lax/libdispatch.a/libdispatch_la-nclist.o .libs/libnetcdf.lax/libdispatch.a/libdispatch_la-nclistmgr.o .libs/libnetcdf.lax/libdispatch.a/libdispatch_la-nclog.o .libs/libnetcdf.lax/libdispatch.a/libdispatch_la-nctime.o .libs/libnetcdf.lax/libdispatch.a/libdispatch_la-ncuri.o  .libs/libnetcdf.lax/libnetcdf3.a/libnetcdf3_la-attr.o .libs/libnetcdf.lax/libnetcdf3.a/libnetcdf3_la-dim.o .libs/libnetcdf.lax/libnetcdf3.a/libnetcdf3_la-lookup3.o .libs/libnetcdf.lax/libnetcdf3.a/libnetcdf3_la-memio.o .libs/libnetcdf.lax/libnetcdf3.a/libnetcdf3_la-nc3dispatch.o .libs/libnetcdf.lax/libnetcdf3.a/libnetcdf3_la-nc3internal.o .libs/libnetcdf.lax/libnetcdf3.a/libnetcdf3_la-ncio.o .libs/libnetcdf.lax/libnetcdf3.a/libnetcdf3_la-ncx.o .libs/libnetcdf.lax/libnetcdf3.a/libnetcdf3_la-posixio.o .libs/libnetcdf.lax/libnetcdf3.a/libnetcdf3_la-putget.o .libs/libnetcdf.lax/libnetcdf3.a/libnetcdf3_la-v1hpg.o .libs/libnetcdf.lax/libnetcdf3.a/libnetcdf3_la-var.o 
libtool: link: ranlib .libs/libnetcdf.a
libtool: link: rm -fr .libs/libnetcdf.lax
libtool: link: ( cd ".libs" && rm -f "libnetcdf.la" && ln -s "../libnetcdf.la" "libnetcdf.la" )
make[2]: se ingresa al directorio `/mnt/home/users/ac_001_um/jorgedlpg/gromacs/amber14/AmberTools/src/netcdf-4.3.0/liblib'
 /bin/mkdir -p '/mnt/home/users/ac_001_um/jorgedlpg/gromacs/amber14/lib'
 /bin/sh ../libtool   --mode=install /usr/bin/install -c   libnetcdf.la '/mnt/home/users/ac_001_um/jorgedlpg/gromacs/amber14/lib'
libtool: install: /usr/bin/install -c .libs/libnetcdf.so.7.2.0 /mnt/home/users/ac_001_um/jorgedlpg/gromacs/amber14/lib/libnetcdf.so.7.2.0
libtool: install: (cd /mnt/home/users/ac_001_um/jorgedlpg/gromacs/amber14/lib && { ln -s -f libnetcdf.so.7.2.0 libnetcdf.so.7 || { rm -f libnetcdf.so.7 && ln -s libnetcdf.so.7.2.0 libnetcdf.so.7; }; })
libtool: install: (cd /mnt/home/users/ac_001_um/jorgedlpg/gromacs/amber14/lib && { ln -s -f libnetcdf.so.7.2.0 libnetcdf.so || { rm -f libnetcdf.so && ln -s libnetcdf.so.7.2.0 libnetcdf.so; }; })
libtool: install: /usr/bin/install -c .libs/libnetcdf.lai /mnt/home/users/ac_001_um/jorgedlpg/gromacs/amber14/lib/libnetcdf.la
libtool: install: /usr/bin/install -c .libs/libnetcdf.a /mnt/home/users/ac_001_um/jorgedlpg/gromacs/amber14/lib/libnetcdf.a
libtool: install: chmod 644 /mnt/home/users/ac_001_um/jorgedlpg/gromacs/amber14/lib/libnetcdf.a
libtool: install: ranlib /mnt/home/users/ac_001_um/jorgedlpg/gromacs/amber14/lib/libnetcdf.a
libtool: finish: PATH="/mnt/home/soft/imagemagick/programs/x86_64/6.9.0-4/bin:/mnt/home/soft/webp/programs/x86_64/0.4.0/bin:/mnt/home/soft/python/programs/x86_64/bin:/mnt/home/soft/openbabel/programs/x86_64/2.3.2/bin:/usr/local/bin:/usr/bin:/bin:/usr/bin/X11:/usr/X11R6/bin:/usr/games:/opt/bin:/usr/lib/mit/bin:/usr/lib/mit/sbin:/mnt/home/soft/modules/programs/x86_64/scripts:/sbin" ldconfig -n /mnt/home/users/ac_001_um/jorgedlpg/gromacs/amber14/lib
----------------------------------------------------------------------
Libraries have been installed in:
   /mnt/home/users/ac_001_um/jorgedlpg/gromacs/amber14/lib

If you ever happen to want to link against installed libraries
in a given directory, LIBDIR, you must either use libtool, and
specify the full pathname of the library, or use the `-LLIBDIR'
flag during linking and do at least one of the following:
   - add LIBDIR to the `LD_LIBRARY_PATH' environment variable
     during execution
   - add LIBDIR to the `LD_RUN_PATH' environment variable
     during linking
   - use the `-Wl,-rpath -Wl,LIBDIR' linker flag
   - have your system administrator add LIBDIR to `/etc/ld.so.conf'

See any operating system documentation about shared libraries for
more information, such as the ld(1) and ld.so(8) manual pages.
----------------------------------------------------------------------
make[2]: No se hace nada para `install-data-am'.
make[2]: se sale del directorio `/mnt/home/users/ac_001_um/jorgedlpg/gromacs/amber14/AmberTools/src/netcdf-4.3.0/liblib'
make[1]: se sale del directorio `/mnt/home/users/ac_001_um/jorgedlpg/gromacs/amber14/AmberTools/src/netcdf-4.3.0/liblib'
Making install in ncgen3
make[1]: se ingresa al directorio `/mnt/home/users/ac_001_um/jorgedlpg/gromacs/amber14/AmberTools/src/netcdf-4.3.0/ncgen3'
depbase=`echo main.o | sed 's|[^/]*$|.deps/&|;s|\.o$||'`;\
	gcc -DHAVE_CONFIG_H -I. -I..  -I../include     -fPIC -D_FILE_OFFSET_BITS=64 -D_LARGEFILE_SOURCE -DBINTRAJ  -MT main.o -MD -MP -MF $depbase.Tpo -c -o main.o main.c &&\
	mv -f $depbase.Tpo $depbase.Po
depbase=`echo load.o | sed 's|[^/]*$|.deps/&|;s|\.o$||'`;\
	gcc -DHAVE_CONFIG_H -I. -I..  -I../include     -fPIC -D_FILE_OFFSET_BITS=64 -D_LARGEFILE_SOURCE -DBINTRAJ  -MT load.o -MD -MP -MF $depbase.Tpo -c -o load.o load.c &&\
	mv -f $depbase.Tpo $depbase.Po
depbase=`echo escapes.o | sed 's|[^/]*$|.deps/&|;s|\.o$||'`;\
	gcc -DHAVE_CONFIG_H -I. -I..  -I../include     -fPIC -D_FILE_OFFSET_BITS=64 -D_LARGEFILE_SOURCE -DBINTRAJ  -MT escapes.o -MD -MP -MF $depbase.Tpo -c -o escapes.o escapes.c &&\
	mv -f $depbase.Tpo $depbase.Po
depbase=`echo getfill.o | sed 's|[^/]*$|.deps/&|;s|\.o$||'`;\
	gcc -DHAVE_CONFIG_H -I. -I..  -I../include     -fPIC -D_FILE_OFFSET_BITS=64 -D_LARGEFILE_SOURCE -DBINTRAJ  -MT getfill.o -MD -MP -MF $depbase.Tpo -c -o getfill.o getfill.c &&\
	mv -f $depbase.Tpo $depbase.Po
depbase=`echo init.o | sed 's|[^/]*$|.deps/&|;s|\.o$||'`;\
	gcc -DHAVE_CONFIG_H -I. -I..  -I../include     -fPIC -D_FILE_OFFSET_BITS=64 -D_LARGEFILE_SOURCE -DBINTRAJ  -MT init.o -MD -MP -MF $depbase.Tpo -c -o init.o init.c &&\
	mv -f $depbase.Tpo $depbase.Po
depbase=`echo genlib.o | sed 's|[^/]*$|.deps/&|;s|\.o$||'`;\
	gcc -DHAVE_CONFIG_H -I. -I..  -I../include     -fPIC -D_FILE_OFFSET_BITS=64 -D_LARGEFILE_SOURCE -DBINTRAJ  -MT genlib.o -MD -MP -MF $depbase.Tpo -c -o genlib.o genlib.c &&\
	mv -f $depbase.Tpo $depbase.Po
depbase=`echo ncgentab.o | sed 's|[^/]*$|.deps/&|;s|\.o$||'`;\
	gcc -DHAVE_CONFIG_H -I. -I..  -I../include     -fPIC -D_FILE_OFFSET_BITS=64 -D_LARGEFILE_SOURCE -DBINTRAJ  -MT ncgentab.o -MD -MP -MF $depbase.Tpo -c -o ncgentab.o ncgentab.c &&\
	mv -f $depbase.Tpo $depbase.Po
/bin/sh ../libtool  --tag=CC   --mode=link gcc  -fPIC -D_FILE_OFFSET_BITS=64 -D_LARGEFILE_SOURCE -DBINTRAJ    -o ncgen3 main.o load.o escapes.o getfill.o init.o genlib.o ncgentab.o ../liblib/libnetcdf.la  -lm 
libtool: link: gcc -fPIC -D_FILE_OFFSET_BITS=64 -D_LARGEFILE_SOURCE -DBINTRAJ -o .libs/ncgen3 main.o load.o escapes.o getfill.o init.o genlib.o ncgentab.o  ../liblib/.libs/libnetcdf.so -lm -Wl,-rpath -Wl,/mnt/home/users/ac_001_um/jorgedlpg/gromacs/amber14/lib
make[2]: se ingresa al directorio `/mnt/home/users/ac_001_um/jorgedlpg/gromacs/amber14/AmberTools/src/netcdf-4.3.0/ncgen3'
 /bin/mkdir -p '/mnt/home/users/ac_001_um/jorgedlpg/gromacs/amber14/bin'
  /bin/sh ../libtool   --mode=install /usr/bin/install -c ncgen3 '/mnt/home/users/ac_001_um/jorgedlpg/gromacs/amber14/bin'
libtool: install: /usr/bin/install -c .libs/ncgen3 /mnt/home/users/ac_001_um/jorgedlpg/gromacs/amber14/bin/ncgen3
 /bin/mkdir -p '/mnt/home/users/ac_001_um/jorgedlpg/gromacs/amber14/share/man/man1'
 /usr/bin/install -c -m 644 ncgen3.1 '/mnt/home/users/ac_001_um/jorgedlpg/gromacs/amber14/share/man/man1'
make[2]: se sale del directorio `/mnt/home/users/ac_001_um/jorgedlpg/gromacs/amber14/AmberTools/src/netcdf-4.3.0/ncgen3'
make[1]: se sale del directorio `/mnt/home/users/ac_001_um/jorgedlpg/gromacs/amber14/AmberTools/src/netcdf-4.3.0/ncgen3'
Making install in ncgen
make[1]: se ingresa al directorio `/mnt/home/users/ac_001_um/jorgedlpg/gromacs/amber14/AmberTools/src/netcdf-4.3.0/ncgen'
depbase=`echo generate.o | sed 's|[^/]*$|.deps/&|;s|\.o$||'`;\
	gcc -DHAVE_CONFIG_H -I. -I..  -I../include     -fPIC -D_FILE_OFFSET_BITS=64 -D_LARGEFILE_SOURCE -DBINTRAJ  -MT generate.o -MD -MP -MF $depbase.Tpo -c -o generate.o generate.c &&\
	mv -f $depbase.Tpo $depbase.Po
depbase=`echo main.o | sed 's|[^/]*$|.deps/&|;s|\.o$||'`;\
	gcc -DHAVE_CONFIG_H -I. -I..  -I../include     -fPIC -D_FILE_OFFSET_BITS=64 -D_LARGEFILE_SOURCE -DBINTRAJ  -MT main.o -MD -MP -MF $depbase.Tpo -c -o main.o main.c &&\
	mv -f $depbase.Tpo $depbase.Po
depbase=`echo cdata.o | sed 's|[^/]*$|.deps/&|;s|\.o$||'`;\
	gcc -DHAVE_CONFIG_H -I. -I..  -I../include     -fPIC -D_FILE_OFFSET_BITS=64 -D_LARGEFILE_SOURCE -DBINTRAJ  -MT cdata.o -MD -MP -MF $depbase.Tpo -c -o cdata.o cdata.c &&\
	mv -f $depbase.Tpo $depbase.Po
depbase=`echo bindata.o | sed 's|[^/]*$|.deps/&|;s|\.o$||'`;\
	gcc -DHAVE_CONFIG_H -I. -I..  -I../include     -fPIC -D_FILE_OFFSET_BITS=64 -D_LARGEFILE_SOURCE -DBINTRAJ  -MT bindata.o -MD -MP -MF $depbase.Tpo -c -o bindata.o bindata.c &&\
	mv -f $depbase.Tpo $depbase.Po
depbase=`echo genchar.o | sed 's|[^/]*$|.deps/&|;s|\.o$||'`;\
	gcc -DHAVE_CONFIG_H -I. -I..  -I../include     -fPIC -D_FILE_OFFSET_BITS=64 -D_LARGEFILE_SOURCE -DBINTRAJ  -MT genchar.o -MD -MP -MF $depbase.Tpo -c -o genchar.o genchar.c &&\
	mv -f $depbase.Tpo $depbase.Po
depbase=`echo cvt.o | sed 's|[^/]*$|.deps/&|;s|\.o$||'`;\
	gcc -DHAVE_CONFIG_H -I. -I..  -I../include     -fPIC -D_FILE_OFFSET_BITS=64 -D_LARGEFILE_SOURCE -DBINTRAJ  -MT cvt.o -MD -MP -MF $depbase.Tpo -c -o cvt.o cvt.c &&\
	mv -f $depbase.Tpo $depbase.Po
depbase=`echo data.o | sed 's|[^/]*$|.deps/&|;s|\.o$||'`;\
	gcc -DHAVE_CONFIG_H -I. -I..  -I../include     -fPIC -D_FILE_OFFSET_BITS=64 -D_LARGEFILE_SOURCE -DBINTRAJ  -MT data.o -MD -MP -MF $depbase.Tpo -c -o data.o data.c &&\
	mv -f $depbase.Tpo $depbase.Po
depbase=`echo debug.o | sed 's|[^/]*$|.deps/&|;s|\.o$||'`;\
	gcc -DHAVE_CONFIG_H -I. -I..  -I../include     -fPIC -D_FILE_OFFSET_BITS=64 -D_LARGEFILE_SOURCE -DBINTRAJ  -MT debug.o -MD -MP -MF $depbase.Tpo -c -o debug.o debug.c &&\
	mv -f $depbase.Tpo $depbase.Po
depbase=`echo escapes.o | sed 's|[^/]*$|.deps/&|;s|\.o$||'`;\
	gcc -DHAVE_CONFIG_H -I. -I..  -I../include     -fPIC -D_FILE_OFFSET_BITS=64 -D_LARGEFILE_SOURCE -DBINTRAJ  -MT escapes.o -MD -MP -MF $depbase.Tpo -c -o escapes.o escapes.c &&\
	mv -f $depbase.Tpo $depbase.Po
depbase=`echo genc.o | sed 's|[^/]*$|.deps/&|;s|\.o$||'`;\
	gcc -DHAVE_CONFIG_H -I. -I..  -I../include     -fPIC -D_FILE_OFFSET_BITS=64 -D_LARGEFILE_SOURCE -DBINTRAJ  -MT genc.o -MD -MP -MF $depbase.Tpo -c -o genc.o genc.c &&\
	mv -f $depbase.Tpo $depbase.Po
depbase=`echo genbin.o | sed 's|[^/]*$|.deps/&|;s|\.o$||'`;\
	gcc -DHAVE_CONFIG_H -I. -I..  -I../include     -fPIC -D_FILE_OFFSET_BITS=64 -D_LARGEFILE_SOURCE -DBINTRAJ  -MT genbin.o -MD -MP -MF $depbase.Tpo -c -o genbin.o genbin.c &&\
	mv -f $depbase.Tpo $depbase.Po
depbase=`echo generr.o | sed 's|[^/]*$|.deps/&|;s|\.o$||'`;\
	gcc -DHAVE_CONFIG_H -I. -I..  -I../include     -fPIC -D_FILE_OFFSET_BITS=64 -D_LARGEFILE_SOURCE -DBINTRAJ  -MT generr.o -MD -MP -MF $depbase.Tpo -c -o generr.o generr.c &&\
	mv -f $depbase.Tpo $depbase.Po
depbase=`echo genlib.o | sed 's|[^/]*$|.deps/&|;s|\.o$||'`;\
	gcc -DHAVE_CONFIG_H -I. -I..  -I../include     -fPIC -D_FILE_OFFSET_BITS=64 -D_LARGEFILE_SOURCE -DBINTRAJ  -MT genlib.o -MD -MP -MF $depbase.Tpo -c -o genlib.o genlib.c &&\
	mv -f $depbase.Tpo $depbase.Po
depbase=`echo getfill.o | sed 's|[^/]*$|.deps/&|;s|\.o$||'`;\
	gcc -DHAVE_CONFIG_H -I. -I..  -I../include     -fPIC -D_FILE_OFFSET_BITS=64 -D_LARGEFILE_SOURCE -DBINTRAJ  -MT getfill.o -MD -MP -MF $depbase.Tpo -c -o getfill.o getfill.c &&\
	mv -f $depbase.Tpo $depbase.Po
depbase=`echo odom.o | sed 's|[^/]*$|.deps/&|;s|\.o$||'`;\
	gcc -DHAVE_CONFIG_H -I. -I..  -I../include     -fPIC -D_FILE_OFFSET_BITS=64 -D_LARGEFILE_SOURCE -DBINTRAJ  -MT odom.o -MD -MP -MF $depbase.Tpo -c -o odom.o odom.c &&\
	mv -f $depbase.Tpo $depbase.Po
depbase=`echo offsets.o | sed 's|[^/]*$|.deps/&|;s|\.o$||'`;\
	gcc -DHAVE_CONFIG_H -I. -I..  -I../include     -fPIC -D_FILE_OFFSET_BITS=64 -D_LARGEFILE_SOURCE -DBINTRAJ  -MT offsets.o -MD -MP -MF $depbase.Tpo -c -o offsets.o offsets.c &&\
	mv -f $depbase.Tpo $depbase.Po
depbase=`echo semantics.o | sed 's|[^/]*$|.deps/&|;s|\.o$||'`;\
	gcc -DHAVE_CONFIG_H -I. -I..  -I../include     -fPIC -D_FILE_OFFSET_BITS=64 -D_LARGEFILE_SOURCE -DBINTRAJ  -MT semantics.o -MD -MP -MF $depbase.Tpo -c -o semantics.o semantics.c &&\
	mv -f $depbase.Tpo $depbase.Po
depbase=`echo ncgentab.o | sed 's|[^/]*$|.deps/&|;s|\.o$||'`;\
	gcc -DHAVE_CONFIG_H -I. -I..  -I../include     -fPIC -D_FILE_OFFSET_BITS=64 -D_LARGEFILE_SOURCE -DBINTRAJ  -MT ncgentab.o -MD -MP -MF $depbase.Tpo -c -o ncgentab.o ncgentab.c &&\
	mv -f $depbase.Tpo $depbase.Po
depbase=`echo dump.o | sed 's|[^/]*$|.deps/&|;s|\.o$||'`;\
	gcc -DHAVE_CONFIG_H -I. -I..  -I../include     -fPIC -D_FILE_OFFSET_BITS=64 -D_LARGEFILE_SOURCE -DBINTRAJ  -MT dump.o -MD -MP -MF $depbase.Tpo -c -o dump.o dump.c &&\
	mv -f $depbase.Tpo $depbase.Po
depbase=`echo util.o | sed 's|[^/]*$|.deps/&|;s|\.o$||'`;\
	gcc -DHAVE_CONFIG_H -I. -I..  -I../include     -fPIC -D_FILE_OFFSET_BITS=64 -D_LARGEFILE_SOURCE -DBINTRAJ  -MT util.o -MD -MP -MF $depbase.Tpo -c -o util.o util.c &&\
	mv -f $depbase.Tpo $depbase.Po
depbase=`echo bytebuffer.o | sed 's|[^/]*$|.deps/&|;s|\.o$||'`;\
	gcc -DHAVE_CONFIG_H -I. -I..  -I../include     -fPIC -D_FILE_OFFSET_BITS=64 -D_LARGEFILE_SOURCE -DBINTRAJ  -MT bytebuffer.o -MD -MP -MF $depbase.Tpo -c -o bytebuffer.o bytebuffer.c &&\
	mv -f $depbase.Tpo $depbase.Po
depbase=`echo list.o | sed 's|[^/]*$|.deps/&|;s|\.o$||'`;\
	gcc -DHAVE_CONFIG_H -I. -I..  -I../include     -fPIC -D_FILE_OFFSET_BITS=64 -D_LARGEFILE_SOURCE -DBINTRAJ  -MT list.o -MD -MP -MF $depbase.Tpo -c -o list.o list.c &&\
	mv -f $depbase.Tpo $depbase.Po
depbase=`echo genf77.o | sed 's|[^/]*$|.deps/&|;s|\.o$||'`;\
	gcc -DHAVE_CONFIG_H -I. -I..  -I../include     -fPIC -D_FILE_OFFSET_BITS=64 -D_LARGEFILE_SOURCE -DBINTRAJ  -MT genf77.o -MD -MP -MF $depbase.Tpo -c -o genf77.o genf77.c &&\
	mv -f $depbase.Tpo $depbase.Po
depbase=`echo f77data.o | sed 's|[^/]*$|.deps/&|;s|\.o$||'`;\
	gcc -DHAVE_CONFIG_H -I. -I..  -I../include     -fPIC -D_FILE_OFFSET_BITS=64 -D_LARGEFILE_SOURCE -DBINTRAJ  -MT f77data.o -MD -MP -MF $depbase.Tpo -c -o f77data.o f77data.c &&\
	mv -f $depbase.Tpo $depbase.Po
depbase=`echo genj.o | sed 's|[^/]*$|.deps/&|;s|\.o$||'`;\
	gcc -DHAVE_CONFIG_H -I. -I..  -I../include     -fPIC -D_FILE_OFFSET_BITS=64 -D_LARGEFILE_SOURCE -DBINTRAJ  -MT genj.o -MD -MP -MF $depbase.Tpo -c -o genj.o genj.c &&\
	mv -f $depbase.Tpo $depbase.Po
depbase=`echo jdata.o | sed 's|[^/]*$|.deps/&|;s|\.o$||'`;\
	gcc -DHAVE_CONFIG_H -I. -I..  -I../include     -fPIC -D_FILE_OFFSET_BITS=64 -D_LARGEFILE_SOURCE -DBINTRAJ  -MT jdata.o -MD -MP -MF $depbase.Tpo -c -o jdata.o jdata.c &&\
	mv -f $depbase.Tpo $depbase.Po
depbase=`echo nc_iter.o | sed 's|[^/]*$|.deps/&|;s|\.o$||'`;\
	gcc -DHAVE_CONFIG_H -I. -I..  -I../include     -fPIC -D_FILE_OFFSET_BITS=64 -D_LARGEFILE_SOURCE -DBINTRAJ  -MT nc_iter.o -MD -MP -MF $depbase.Tpo -c -o nc_iter.o nc_iter.c &&\
	mv -f $depbase.Tpo $depbase.Po
depbase=`echo ConvertUTF.o | sed 's|[^/]*$|.deps/&|;s|\.o$||'`;\
	gcc -DHAVE_CONFIG_H -I. -I..  -I../include     -fPIC -D_FILE_OFFSET_BITS=64 -D_LARGEFILE_SOURCE -DBINTRAJ  -MT ConvertUTF.o -MD -MP -MF $depbase.Tpo -c -o ConvertUTF.o ConvertUTF.c &&\
	mv -f $depbase.Tpo $depbase.Po
/bin/sh ../libtool  --tag=CC   --mode=link gcc  -fPIC -D_FILE_OFFSET_BITS=64 -D_LARGEFILE_SOURCE -DBINTRAJ    -o ncgen generate.o main.o cdata.o bindata.o genchar.o cvt.o data.o debug.o escapes.o genc.o genbin.o generr.o genlib.o getfill.o odom.o offsets.o semantics.o ncgentab.o dump.o util.o bytebuffer.o list.o genf77.o f77data.o genj.o jdata.o nc_iter.o ConvertUTF.o ../liblib/libnetcdf.la -lm 
libtool: link: gcc -fPIC -D_FILE_OFFSET_BITS=64 -D_LARGEFILE_SOURCE -DBINTRAJ -o .libs/ncgen generate.o main.o cdata.o bindata.o genchar.o cvt.o data.o debug.o escapes.o genc.o genbin.o generr.o genlib.o getfill.o odom.o offsets.o semantics.o ncgentab.o dump.o util.o bytebuffer.o list.o genf77.o f77data.o genj.o jdata.o nc_iter.o ConvertUTF.o  ../liblib/.libs/libnetcdf.so -lm -Wl,-rpath -Wl,/mnt/home/users/ac_001_um/jorgedlpg/gromacs/amber14/lib
make[2]: se ingresa al directorio `/mnt/home/users/ac_001_um/jorgedlpg/gromacs/amber14/AmberTools/src/netcdf-4.3.0/ncgen'
 /bin/mkdir -p '/mnt/home/users/ac_001_um/jorgedlpg/gromacs/amber14/bin'
  /bin/sh ../libtool   --mode=install /usr/bin/install -c ncgen '/mnt/home/users/ac_001_um/jorgedlpg/gromacs/amber14/bin'
libtool: install: /usr/bin/install -c .libs/ncgen /mnt/home/users/ac_001_um/jorgedlpg/gromacs/amber14/bin/ncgen
 /bin/mkdir -p '/mnt/home/users/ac_001_um/jorgedlpg/gromacs/amber14/share/man/man1'
 /usr/bin/install -c -m 644 ncgen.1 '/mnt/home/users/ac_001_um/jorgedlpg/gromacs/amber14/share/man/man1'
make[2]: se sale del directorio `/mnt/home/users/ac_001_um/jorgedlpg/gromacs/amber14/AmberTools/src/netcdf-4.3.0/ncgen'
make[1]: se sale del directorio `/mnt/home/users/ac_001_um/jorgedlpg/gromacs/amber14/AmberTools/src/netcdf-4.3.0/ncgen'
Making install in ncdump
make[1]: se ingresa al directorio `/mnt/home/users/ac_001_um/jorgedlpg/gromacs/amber14/AmberTools/src/netcdf-4.3.0/ncdump'
cp ../ncdump/ref_ctest.c ../ncdump/ctest.c
cp ../ncdump/ref_ctest64.c ../ncdump/ctest64.c
make  install-recursive
make[2]: se ingresa al directorio `/mnt/home/users/ac_001_um/jorgedlpg/gromacs/amber14/AmberTools/src/netcdf-4.3.0/ncdump'
Making install in cdl4
make[3]: se ingresa al directorio `/mnt/home/users/ac_001_um/jorgedlpg/gromacs/amber14/AmberTools/src/netcdf-4.3.0/ncdump/cdl4'
make[4]: se ingresa al directorio `/mnt/home/users/ac_001_um/jorgedlpg/gromacs/amber14/AmberTools/src/netcdf-4.3.0/ncdump/cdl4'
make[4]: No se hace nada para `install-exec-am'.
make[4]: No se hace nada para `install-data-am'.
make[4]: se sale del directorio `/mnt/home/users/ac_001_um/jorgedlpg/gromacs/amber14/AmberTools/src/netcdf-4.3.0/ncdump/cdl4'
make[3]: se sale del directorio `/mnt/home/users/ac_001_um/jorgedlpg/gromacs/amber14/AmberTools/src/netcdf-4.3.0/ncdump/cdl4'
Making install in expected4
make[3]: se ingresa al directorio `/mnt/home/users/ac_001_um/jorgedlpg/gromacs/amber14/AmberTools/src/netcdf-4.3.0/ncdump/expected4'
make[4]: se ingresa al directorio `/mnt/home/users/ac_001_um/jorgedlpg/gromacs/amber14/AmberTools/src/netcdf-4.3.0/ncdump/expected4'
make[4]: No se hace nada para `install-exec-am'.
make[4]: No se hace nada para `install-data-am'.
make[4]: se sale del directorio `/mnt/home/users/ac_001_um/jorgedlpg/gromacs/amber14/AmberTools/src/netcdf-4.3.0/ncdump/expected4'
make[3]: se sale del directorio `/mnt/home/users/ac_001_um/jorgedlpg/gromacs/amber14/AmberTools/src/netcdf-4.3.0/ncdump/expected4'
make[3]: se ingresa al directorio `/mnt/home/users/ac_001_um/jorgedlpg/gromacs/amber14/AmberTools/src/netcdf-4.3.0/ncdump'
depbase=`echo ncdump.o | sed 's|[^/]*$|.deps/&|;s|\.o$||'`;\
	gcc -DHAVE_CONFIG_H -I. -I..  -I../include     -fPIC -D_FILE_OFFSET_BITS=64 -D_LARGEFILE_SOURCE -DBINTRAJ  -MT ncdump.o -MD -MP -MF $depbase.Tpo -c -o ncdump.o ncdump.c &&\
	mv -f $depbase.Tpo $depbase.Po
depbase=`echo vardata.o | sed 's|[^/]*$|.deps/&|;s|\.o$||'`;\
	gcc -DHAVE_CONFIG_H -I. -I..  -I../include     -fPIC -D_FILE_OFFSET_BITS=64 -D_LARGEFILE_SOURCE -DBINTRAJ  -MT vardata.o -MD -MP -MF $depbase.Tpo -c -o vardata.o vardata.c &&\
	mv -f $depbase.Tpo $depbase.Po
depbase=`echo dumplib.o | sed 's|[^/]*$|.deps/&|;s|\.o$||'`;\
	gcc -DHAVE_CONFIG_H -I. -I..  -I../include     -fPIC -D_FILE_OFFSET_BITS=64 -D_LARGEFILE_SOURCE -DBINTRAJ  -MT dumplib.o -MD -MP -MF $depbase.Tpo -c -o dumplib.o dumplib.c &&\
	mv -f $depbase.Tpo $depbase.Po
depbase=`echo indent.o | sed 's|[^/]*$|.deps/&|;s|\.o$||'`;\
	gcc -DHAVE_CONFIG_H -I. -I..  -I../include     -fPIC -D_FILE_OFFSET_BITS=64 -D_LARGEFILE_SOURCE -DBINTRAJ  -MT indent.o -MD -MP -MF $depbase.Tpo -c -o indent.o indent.c &&\
	mv -f $depbase.Tpo $depbase.Po
depbase=`echo nctime0.o | sed 's|[^/]*$|.deps/&|;s|\.o$||'`;\
	gcc -DHAVE_CONFIG_H -I. -I..  -I../include     -fPIC -D_FILE_OFFSET_BITS=64 -D_LARGEFILE_SOURCE -DBINTRAJ  -MT nctime0.o -MD -MP -MF $depbase.Tpo -c -o nctime0.o nctime0.c &&\
	mv -f $depbase.Tpo $depbase.Po
depbase=`echo utils.o | sed 's|[^/]*$|.deps/&|;s|\.o$||'`;\
	gcc -DHAVE_CONFIG_H -I. -I..  -I../include     -fPIC -D_FILE_OFFSET_BITS=64 -D_LARGEFILE_SOURCE -DBINTRAJ  -MT utils.o -MD -MP -MF $depbase.Tpo -c -o utils.o utils.c &&\
	mv -f $depbase.Tpo $depbase.Po
depbase=`echo nciter.o | sed 's|[^/]*$|.deps/&|;s|\.o$||'`;\
	gcc -DHAVE_CONFIG_H -I. -I..  -I../include     -fPIC -D_FILE_OFFSET_BITS=64 -D_LARGEFILE_SOURCE -DBINTRAJ  -MT nciter.o -MD -MP -MF $depbase.Tpo -c -o nciter.o nciter.c &&\
	mv -f $depbase.Tpo $depbase.Po
/bin/sh ../libtool  --tag=CC   --mode=link gcc  -fPIC -D_FILE_OFFSET_BITS=64 -D_LARGEFILE_SOURCE -DBINTRAJ    -o ncdump ncdump.o vardata.o dumplib.o indent.o nctime0.o utils.o nciter.o ../liblib/libnetcdf.la  -lm 
libtool: link: gcc -fPIC -D_FILE_OFFSET_BITS=64 -D_LARGEFILE_SOURCE -DBINTRAJ -o .libs/ncdump ncdump.o vardata.o dumplib.o indent.o nctime0.o utils.o nciter.o  ../liblib/.libs/libnetcdf.so -lm -Wl,-rpath -Wl,/mnt/home/users/ac_001_um/jorgedlpg/gromacs/amber14/lib
depbase=`echo nccopy.o | sed 's|[^/]*$|.deps/&|;s|\.o$||'`;\
	gcc -DHAVE_CONFIG_H -I. -I..  -I../include     -fPIC -D_FILE_OFFSET_BITS=64 -D_LARGEFILE_SOURCE -DBINTRAJ  -MT nccopy.o -MD -MP -MF $depbase.Tpo -c -o nccopy.o nccopy.c &&\
	mv -f $depbase.Tpo $depbase.Po
depbase=`echo chunkspec.o | sed 's|[^/]*$|.deps/&|;s|\.o$||'`;\
	gcc -DHAVE_CONFIG_H -I. -I..  -I../include     -fPIC -D_FILE_OFFSET_BITS=64 -D_LARGEFILE_SOURCE -DBINTRAJ  -MT chunkspec.o -MD -MP -MF $depbase.Tpo -c -o chunkspec.o chunkspec.c &&\
	mv -f $depbase.Tpo $depbase.Po
depbase=`echo dimmap.o | sed 's|[^/]*$|.deps/&|;s|\.o$||'`;\
	gcc -DHAVE_CONFIG_H -I. -I..  -I../include     -fPIC -D_FILE_OFFSET_BITS=64 -D_LARGEFILE_SOURCE -DBINTRAJ  -MT dimmap.o -MD -MP -MF $depbase.Tpo -c -o dimmap.o dimmap.c &&\
	mv -f $depbase.Tpo $depbase.Po
/bin/sh ../libtool  --tag=CC   --mode=link gcc  -fPIC -D_FILE_OFFSET_BITS=64 -D_LARGEFILE_SOURCE -DBINTRAJ    -o nccopy nccopy.o nciter.o chunkspec.o utils.o dimmap.o ../liblib/libnetcdf.la  -lm 
libtool: link: gcc -fPIC -D_FILE_OFFSET_BITS=64 -D_LARGEFILE_SOURCE -DBINTRAJ -o .libs/nccopy nccopy.o nciter.o chunkspec.o utils.o dimmap.o  ../liblib/.libs/libnetcdf.so -lm -Wl,-rpath -Wl,/mnt/home/users/ac_001_um/jorgedlpg/gromacs/amber14/lib
make[4]: se ingresa al directorio `/mnt/home/users/ac_001_um/jorgedlpg/gromacs/amber14/AmberTools/src/netcdf-4.3.0/ncdump'
 /bin/mkdir -p '/mnt/home/users/ac_001_um/jorgedlpg/gromacs/amber14/bin'
  /bin/sh ../libtool   --mode=install /usr/bin/install -c ncdump nccopy '/mnt/home/users/ac_001_um/jorgedlpg/gromacs/amber14/bin'
libtool: install: /usr/bin/install -c .libs/ncdump /mnt/home/users/ac_001_um/jorgedlpg/gromacs/amber14/bin/ncdump
libtool: install: /usr/bin/install -c .libs/nccopy /mnt/home/users/ac_001_um/jorgedlpg/gromacs/amber14/bin/nccopy
 /bin/mkdir -p '/mnt/home/users/ac_001_um/jorgedlpg/gromacs/amber14/share/man/man1'
 /usr/bin/install -c -m 644 ncdump.1 nccopy.1 '/mnt/home/users/ac_001_um/jorgedlpg/gromacs/amber14/share/man/man1'
make[4]: se sale del directorio `/mnt/home/users/ac_001_um/jorgedlpg/gromacs/amber14/AmberTools/src/netcdf-4.3.0/ncdump'
make[3]: se sale del directorio `/mnt/home/users/ac_001_um/jorgedlpg/gromacs/amber14/AmberTools/src/netcdf-4.3.0/ncdump'
make[2]: se sale del directorio `/mnt/home/users/ac_001_um/jorgedlpg/gromacs/amber14/AmberTools/src/netcdf-4.3.0/ncdump'
make[1]: se sale del directorio `/mnt/home/users/ac_001_um/jorgedlpg/gromacs/amber14/AmberTools/src/netcdf-4.3.0/ncdump'
Making install in nctest
make[1]: se ingresa al directorio `/mnt/home/users/ac_001_um/jorgedlpg/gromacs/amber14/AmberTools/src/netcdf-4.3.0/nctest'
make[2]: se ingresa al directorio `/mnt/home/users/ac_001_um/jorgedlpg/gromacs/amber14/AmberTools/src/netcdf-4.3.0/nctest'
make[2]: No se hace nada para `install-exec-am'.
make[2]: No se hace nada para `install-data-am'.
make[2]: se sale del directorio `/mnt/home/users/ac_001_um/jorgedlpg/gromacs/amber14/AmberTools/src/netcdf-4.3.0/nctest'
make[1]: se sale del directorio `/mnt/home/users/ac_001_um/jorgedlpg/gromacs/amber14/AmberTools/src/netcdf-4.3.0/nctest'
Making install in nc_test
make[1]: se ingresa al directorio `/mnt/home/users/ac_001_um/jorgedlpg/gromacs/amber14/AmberTools/src/netcdf-4.3.0/nc_test'
make[2]: se ingresa al directorio `/mnt/home/users/ac_001_um/jorgedlpg/gromacs/amber14/AmberTools/src/netcdf-4.3.0/nc_test'
make[2]: No se hace nada para `install-exec-am'.
make[2]: No se hace nada para `install-data-am'.
make[2]: se sale del directorio `/mnt/home/users/ac_001_um/jorgedlpg/gromacs/amber14/AmberTools/src/netcdf-4.3.0/nc_test'
make[1]: se sale del directorio `/mnt/home/users/ac_001_um/jorgedlpg/gromacs/amber14/AmberTools/src/netcdf-4.3.0/nc_test'
Making install in man4
make[1]: se ingresa al directorio `/mnt/home/users/ac_001_um/jorgedlpg/gromacs/amber14/AmberTools/src/netcdf-4.3.0/man4'
Making install in images
make[2]: se ingresa al directorio `/mnt/home/users/ac_001_um/jorgedlpg/gromacs/amber14/AmberTools/src/netcdf-4.3.0/man4/images'
make[3]: se ingresa al directorio `/mnt/home/users/ac_001_um/jorgedlpg/gromacs/amber14/AmberTools/src/netcdf-4.3.0/man4/images'
make[3]: No se hace nada para `install-exec-am'.
make[3]: No se hace nada para `install-data-am'.
make[3]: se sale del directorio `/mnt/home/users/ac_001_um/jorgedlpg/gromacs/amber14/AmberTools/src/netcdf-4.3.0/man4/images'
make[2]: se sale del directorio `/mnt/home/users/ac_001_um/jorgedlpg/gromacs/amber14/AmberTools/src/netcdf-4.3.0/man4/images'
make[2]: se ingresa al directorio `/mnt/home/users/ac_001_um/jorgedlpg/gromacs/amber14/AmberTools/src/netcdf-4.3.0/man4'
make[3]: se ingresa al directorio `/mnt/home/users/ac_001_um/jorgedlpg/gromacs/amber14/AmberTools/src/netcdf-4.3.0/man4'
make[3]: No se hace nada para `install-exec-am'.
make[3]: No se hace nada para `install-data-am'.
make[3]: se sale del directorio `/mnt/home/users/ac_001_um/jorgedlpg/gromacs/amber14/AmberTools/src/netcdf-4.3.0/man4'
make[2]: se sale del directorio `/mnt/home/users/ac_001_um/jorgedlpg/gromacs/amber14/AmberTools/src/netcdf-4.3.0/man4'
make[1]: se sale del directorio `/mnt/home/users/ac_001_um/jorgedlpg/gromacs/amber14/AmberTools/src/netcdf-4.3.0/man4'
Making install in examples
make[1]: se ingresa al directorio `/mnt/home/users/ac_001_um/jorgedlpg/gromacs/amber14/AmberTools/src/netcdf-4.3.0/examples'
Making install in C
make[2]: se ingresa al directorio `/mnt/home/users/ac_001_um/jorgedlpg/gromacs/amber14/AmberTools/src/netcdf-4.3.0/examples/C'
make[3]: se ingresa al directorio `/mnt/home/users/ac_001_um/jorgedlpg/gromacs/amber14/AmberTools/src/netcdf-4.3.0/examples/C'
make[3]: No se hace nada para `install-exec-am'.
make[3]: No se hace nada para `install-data-am'.
make[3]: se sale del directorio `/mnt/home/users/ac_001_um/jorgedlpg/gromacs/amber14/AmberTools/src/netcdf-4.3.0/examples/C'
make[2]: se sale del directorio `/mnt/home/users/ac_001_um/jorgedlpg/gromacs/amber14/AmberTools/src/netcdf-4.3.0/examples/C'
Making install in CDL
make[2]: se ingresa al directorio `/mnt/home/users/ac_001_um/jorgedlpg/gromacs/amber14/AmberTools/src/netcdf-4.3.0/examples/CDL'
make[3]: se ingresa al directorio `/mnt/home/users/ac_001_um/jorgedlpg/gromacs/amber14/AmberTools/src/netcdf-4.3.0/examples/CDL'
make[3]: No se hace nada para `install-exec-am'.
make[3]: No se hace nada para `install-data-am'.
make[3]: se sale del directorio `/mnt/home/users/ac_001_um/jorgedlpg/gromacs/amber14/AmberTools/src/netcdf-4.3.0/examples/CDL'
make[2]: se sale del directorio `/mnt/home/users/ac_001_um/jorgedlpg/gromacs/amber14/AmberTools/src/netcdf-4.3.0/examples/CDL'
make[2]: se ingresa al directorio `/mnt/home/users/ac_001_um/jorgedlpg/gromacs/amber14/AmberTools/src/netcdf-4.3.0/examples'
make[3]: se ingresa al directorio `/mnt/home/users/ac_001_um/jorgedlpg/gromacs/amber14/AmberTools/src/netcdf-4.3.0/examples'
make[3]: No se hace nada para `install-exec-am'.
make[3]: No se hace nada para `install-data-am'.
make[3]: se sale del directorio `/mnt/home/users/ac_001_um/jorgedlpg/gromacs/amber14/AmberTools/src/netcdf-4.3.0/examples'
make[2]: se sale del directorio `/mnt/home/users/ac_001_um/jorgedlpg/gromacs/amber14/AmberTools/src/netcdf-4.3.0/examples'
make[1]: se sale del directorio `/mnt/home/users/ac_001_um/jorgedlpg/gromacs/amber14/AmberTools/src/netcdf-4.3.0/examples'
make[1]: se ingresa al directorio `/mnt/home/users/ac_001_um/jorgedlpg/gromacs/amber14/AmberTools/src/netcdf-4.3.0'
make[2]: se ingresa al directorio `/mnt/home/users/ac_001_um/jorgedlpg/gromacs/amber14/AmberTools/src/netcdf-4.3.0'
 /bin/mkdir -p '/mnt/home/users/ac_001_um/jorgedlpg/gromacs/amber14/bin'
 /usr/bin/install -c nc-config '/mnt/home/users/ac_001_um/jorgedlpg/gromacs/amber14/bin'
 /bin/mkdir -p '/mnt/home/users/ac_001_um/jorgedlpg/gromacs/amber14/lib/pkgconfig'
 /usr/bin/install -c -m 644 netcdf.pc '/mnt/home/users/ac_001_um/jorgedlpg/gromacs/amber14/lib/pkgconfig'
make  install-data-hook
make[3]: se ingresa al directorio `/mnt/home/users/ac_001_um/jorgedlpg/gromacs/amber14/AmberTools/src/netcdf-4.3.0'

+-------------------------------------------------------------+
| Congratulations! You have successfully installed netCDF!    |
|                                                             |
| You can use script "nc-config" to find out the relevant     |
| compiler options to build your application. Enter           |
|                                                             |
|     nc-config --help                                        |
|                                                             |
| for additional information.                                 |
|                                                             |
| CAUTION:                                                    |
|                                                             |
| If you have not already run "make check", then we strongly  |
| recommend you do so. It does not take very long.            |
|                                                             |
| Before using netCDF to store important data, test your      |
| build with "make check".                                    |
|                                                             |
| NetCDF is tested nightly on many platforms at Unidata       |
| but your platform is probably different in some ways.       |
|                                                             |
| If any tests fail, please see the netCDF web site:          |
| http://www.unidata.ucar.edu/software/netcdf/                |
|                                                             |
| NetCDF is developed and maintained at the Unidata Program   |
| Center. Unidata provides a broad array of data and software |
| tools for use in geoscience education and research.         |
| http://www.unidata.ucar.edu                                 |
+-------------------------------------------------------------+

make[3]: se sale del directorio `/mnt/home/users/ac_001_um/jorgedlpg/gromacs/amber14/AmberTools/src/netcdf-4.3.0'
make[2]: se sale del directorio `/mnt/home/users/ac_001_um/jorgedlpg/gromacs/amber14/AmberTools/src/netcdf-4.3.0'
make[1]: se sale del directorio `/mnt/home/users/ac_001_um/jorgedlpg/gromacs/amber14/AmberTools/src/netcdf-4.3.0'
