Making install in f90
make[1]: se ingresa al directorio `/mnt/home/users/ac_001_um/jorgedlpg/gromacs/amber14/AmberTools/src/netcdf-fortran-4.2/f90'
gfortran  -fPIC -O3 -mtune=native -c -o typeSizes.o  typeSizes.f90
make  install-am
make[2]: se ingresa al directorio `/mnt/home/users/ac_001_um/jorgedlpg/gromacs/amber14/AmberTools/src/netcdf-fortran-4.2/f90'
/bin/sh ../libtool --tag=FC   --mode=compile gfortran  -fPIC -O3 -mtune=native -c -o typeSizes.lo  typeSizes.f90
libtool: compile:  gfortran -fPIC -O3 -mtune=native -c typeSizes.f90  -fPIC -o .libs/typeSizes.o
libtool: compile:  gfortran -fPIC -O3 -mtune=native -c typeSizes.f90 -o typeSizes.o >/dev/null 2>&1
/bin/sh ../libtool --tag=FC   --mode=compile gfortran  -fPIC -O3 -mtune=native -c -o netcdf.lo  netcdf.f90
libtool: compile:  gfortran -fPIC -O3 -mtune=native -c netcdf.f90  -fPIC -o .libs/netcdf.o
libtool: compile:  gfortran -fPIC -O3 -mtune=native -c netcdf.f90 -o netcdf.o >/dev/null 2>&1
/bin/sh ../libtool --tag=FC   --mode=link gfortran  -fPIC -O3 -mtune=native  -L/mnt/home/users/ac_001_um/jorgedlpg/gromacs/amber14/lib  -o libnetcdff90.la  typeSizes.lo  netcdf.lo  -lnetcdf 
libtool: link: ar cru .libs/libnetcdff90.a .libs/typeSizes.o .libs/netcdf.o 
libtool: link: ranlib .libs/libnetcdff90.a
libtool: link: ( cd ".libs" && rm -f "libnetcdff90.la" && ln -s "../libnetcdff90.la" "libnetcdff90.la" )
make[3]: se ingresa al directorio `/mnt/home/users/ac_001_um/jorgedlpg/gromacs/amber14/AmberTools/src/netcdf-fortran-4.2/f90'
make[3]: No se hace nada para `install-exec-am'.
test -z "/mnt/home/users/ac_001_um/jorgedlpg/gromacs/amber14/share/man/man3" || /bin/mkdir -p "/mnt/home/users/ac_001_um/jorgedlpg/gromacs/amber14/share/man/man3"
 /usr/bin/install -c -m 644 netcdf_f90.3 '/mnt/home/users/ac_001_um/jorgedlpg/gromacs/amber14/share/man/man3'
test -z "/mnt/home/users/ac_001_um/jorgedlpg/gromacs/amber14/include" || /bin/mkdir -p "/mnt/home/users/ac_001_um/jorgedlpg/gromacs/amber14/include"
 /usr/bin/install -c -m 644 typesizes.mod netcdf.mod '/mnt/home/users/ac_001_um/jorgedlpg/gromacs/amber14/include'
make[3]: se sale del directorio `/mnt/home/users/ac_001_um/jorgedlpg/gromacs/amber14/AmberTools/src/netcdf-fortran-4.2/f90'
make[2]: se sale del directorio `/mnt/home/users/ac_001_um/jorgedlpg/gromacs/amber14/AmberTools/src/netcdf-fortran-4.2/f90'
make[1]: se sale del directorio `/mnt/home/users/ac_001_um/jorgedlpg/gromacs/amber14/AmberTools/src/netcdf-fortran-4.2/f90'
Making install in fortran
make[1]: se ingresa al directorio `/mnt/home/users/ac_001_um/jorgedlpg/gromacs/amber14/AmberTools/src/netcdf-fortran-4.2/fortran'
echo '!     NetCDF-3.' > netcdf.inc
cat ../fortran/netcdf3.inc >> netcdf.inc
echo >> netcdf.inc
echo '!     NetCDF-2.' >> netcdf.inc
cat ../fortran/netcdf2.inc >> netcdf.inc
make  install-am
make[2]: se ingresa al directorio `/mnt/home/users/ac_001_um/jorgedlpg/gromacs/amber14/AmberTools/src/netcdf-fortran-4.2/fortran'
depbase=`echo fort-attio.lo | sed 's|[^/]*$|.deps/&|;s|\.lo$||'`;\
	/bin/sh ../libtool --tag=CC   --mode=compile gcc -DHAVE_CONFIG_H -I. -I..  -DDLL_EXPORT  -I/mnt/home/users/ac_001_um/jorgedlpg/gromacs/amber14/include  -fPIC -D_FILE_OFFSET_BITS=64 -D_LARGEFILE_SOURCE -DBINTRAJ  -MT fort-attio.lo -MD -MP -MF $depbase.Tpo -c -o fort-attio.lo fort-attio.c &&\
	mv -f $depbase.Tpo $depbase.Plo
libtool: compile:  gcc -DHAVE_CONFIG_H -I. -I.. -DDLL_EXPORT -I/mnt/home/users/ac_001_um/jorgedlpg/gromacs/amber14/include -fPIC -D_FILE_OFFSET_BITS=64 -D_LARGEFILE_SOURCE -DBINTRAJ -MT fort-attio.lo -MD -MP -MF .deps/fort-attio.Tpo -c fort-attio.c  -fPIC -DPIC -o .libs/fort-attio.o
libtool: compile:  gcc -DHAVE_CONFIG_H -I. -I.. -DDLL_EXPORT -I/mnt/home/users/ac_001_um/jorgedlpg/gromacs/amber14/include -fPIC -D_FILE_OFFSET_BITS=64 -D_LARGEFILE_SOURCE -DBINTRAJ -MT fort-attio.lo -MD -MP -MF .deps/fort-attio.Tpo -c fort-attio.c -o fort-attio.o >/dev/null 2>&1
depbase=`echo fort-control.lo | sed 's|[^/]*$|.deps/&|;s|\.lo$||'`;\
	/bin/sh ../libtool --tag=CC   --mode=compile gcc -DHAVE_CONFIG_H -I. -I..  -DDLL_EXPORT  -I/mnt/home/users/ac_001_um/jorgedlpg/gromacs/amber14/include  -fPIC -D_FILE_OFFSET_BITS=64 -D_LARGEFILE_SOURCE -DBINTRAJ  -MT fort-control.lo -MD -MP -MF $depbase.Tpo -c -o fort-control.lo fort-control.c &&\
	mv -f $depbase.Tpo $depbase.Plo
libtool: compile:  gcc -DHAVE_CONFIG_H -I. -I.. -DDLL_EXPORT -I/mnt/home/users/ac_001_um/jorgedlpg/gromacs/amber14/include -fPIC -D_FILE_OFFSET_BITS=64 -D_LARGEFILE_SOURCE -DBINTRAJ -MT fort-control.lo -MD -MP -MF .deps/fort-control.Tpo -c fort-control.c  -fPIC -DPIC -o .libs/fort-control.o
libtool: compile:  gcc -DHAVE_CONFIG_H -I. -I.. -DDLL_EXPORT -I/mnt/home/users/ac_001_um/jorgedlpg/gromacs/amber14/include -fPIC -D_FILE_OFFSET_BITS=64 -D_LARGEFILE_SOURCE -DBINTRAJ -MT fort-control.lo -MD -MP -MF .deps/fort-control.Tpo -c fort-control.c -o fort-control.o >/dev/null 2>&1
depbase=`echo fort-dim.lo | sed 's|[^/]*$|.deps/&|;s|\.lo$||'`;\
	/bin/sh ../libtool --tag=CC   --mode=compile gcc -DHAVE_CONFIG_H -I. -I..  -DDLL_EXPORT  -I/mnt/home/users/ac_001_um/jorgedlpg/gromacs/amber14/include  -fPIC -D_FILE_OFFSET_BITS=64 -D_LARGEFILE_SOURCE -DBINTRAJ  -MT fort-dim.lo -MD -MP -MF $depbase.Tpo -c -o fort-dim.lo fort-dim.c &&\
	mv -f $depbase.Tpo $depbase.Plo
libtool: compile:  gcc -DHAVE_CONFIG_H -I. -I.. -DDLL_EXPORT -I/mnt/home/users/ac_001_um/jorgedlpg/gromacs/amber14/include -fPIC -D_FILE_OFFSET_BITS=64 -D_LARGEFILE_SOURCE -DBINTRAJ -MT fort-dim.lo -MD -MP -MF .deps/fort-dim.Tpo -c fort-dim.c  -fPIC -DPIC -o .libs/fort-dim.o
libtool: compile:  gcc -DHAVE_CONFIG_H -I. -I.. -DDLL_EXPORT -I/mnt/home/users/ac_001_um/jorgedlpg/gromacs/amber14/include -fPIC -D_FILE_OFFSET_BITS=64 -D_LARGEFILE_SOURCE -DBINTRAJ -MT fort-dim.lo -MD -MP -MF .deps/fort-dim.Tpo -c fort-dim.c -o fort-dim.o >/dev/null 2>&1
depbase=`echo fort-genatt.lo | sed 's|[^/]*$|.deps/&|;s|\.lo$||'`;\
	/bin/sh ../libtool --tag=CC   --mode=compile gcc -DHAVE_CONFIG_H -I. -I..  -DDLL_EXPORT  -I/mnt/home/users/ac_001_um/jorgedlpg/gromacs/amber14/include  -fPIC -D_FILE_OFFSET_BITS=64 -D_LARGEFILE_SOURCE -DBINTRAJ  -MT fort-genatt.lo -MD -MP -MF $depbase.Tpo -c -o fort-genatt.lo fort-genatt.c &&\
	mv -f $depbase.Tpo $depbase.Plo
libtool: compile:  gcc -DHAVE_CONFIG_H -I. -I.. -DDLL_EXPORT -I/mnt/home/users/ac_001_um/jorgedlpg/gromacs/amber14/include -fPIC -D_FILE_OFFSET_BITS=64 -D_LARGEFILE_SOURCE -DBINTRAJ -MT fort-genatt.lo -MD -MP -MF .deps/fort-genatt.Tpo -c fort-genatt.c  -fPIC -DPIC -o .libs/fort-genatt.o
libtool: compile:  gcc -DHAVE_CONFIG_H -I. -I.. -DDLL_EXPORT -I/mnt/home/users/ac_001_um/jorgedlpg/gromacs/amber14/include -fPIC -D_FILE_OFFSET_BITS=64 -D_LARGEFILE_SOURCE -DBINTRAJ -MT fort-genatt.lo -MD -MP -MF .deps/fort-genatt.Tpo -c fort-genatt.c -o fort-genatt.o >/dev/null 2>&1
depbase=`echo fort-geninq.lo | sed 's|[^/]*$|.deps/&|;s|\.lo$||'`;\
	/bin/sh ../libtool --tag=CC   --mode=compile gcc -DHAVE_CONFIG_H -I. -I..  -DDLL_EXPORT  -I/mnt/home/users/ac_001_um/jorgedlpg/gromacs/amber14/include  -fPIC -D_FILE_OFFSET_BITS=64 -D_LARGEFILE_SOURCE -DBINTRAJ  -MT fort-geninq.lo -MD -MP -MF $depbase.Tpo -c -o fort-geninq.lo fort-geninq.c &&\
	mv -f $depbase.Tpo $depbase.Plo
libtool: compile:  gcc -DHAVE_CONFIG_H -I. -I.. -DDLL_EXPORT -I/mnt/home/users/ac_001_um/jorgedlpg/gromacs/amber14/include -fPIC -D_FILE_OFFSET_BITS=64 -D_LARGEFILE_SOURCE -DBINTRAJ -MT fort-geninq.lo -MD -MP -MF .deps/fort-geninq.Tpo -c fort-geninq.c  -fPIC -DPIC -o .libs/fort-geninq.o
libtool: compile:  gcc -DHAVE_CONFIG_H -I. -I.. -DDLL_EXPORT -I/mnt/home/users/ac_001_um/jorgedlpg/gromacs/amber14/include -fPIC -D_FILE_OFFSET_BITS=64 -D_LARGEFILE_SOURCE -DBINTRAJ -MT fort-geninq.lo -MD -MP -MF .deps/fort-geninq.Tpo -c fort-geninq.c -o fort-geninq.o >/dev/null 2>&1
depbase=`echo fort-genvar.lo | sed 's|[^/]*$|.deps/&|;s|\.lo$||'`;\
	/bin/sh ../libtool --tag=CC   --mode=compile gcc -DHAVE_CONFIG_H -I. -I..  -DDLL_EXPORT  -I/mnt/home/users/ac_001_um/jorgedlpg/gromacs/amber14/include  -fPIC -D_FILE_OFFSET_BITS=64 -D_LARGEFILE_SOURCE -DBINTRAJ  -MT fort-genvar.lo -MD -MP -MF $depbase.Tpo -c -o fort-genvar.lo fort-genvar.c &&\
	mv -f $depbase.Tpo $depbase.Plo
libtool: compile:  gcc -DHAVE_CONFIG_H -I. -I.. -DDLL_EXPORT -I/mnt/home/users/ac_001_um/jorgedlpg/gromacs/amber14/include -fPIC -D_FILE_OFFSET_BITS=64 -D_LARGEFILE_SOURCE -DBINTRAJ -MT fort-genvar.lo -MD -MP -MF .deps/fort-genvar.Tpo -c fort-genvar.c  -fPIC -DPIC -o .libs/fort-genvar.o
libtool: compile:  gcc -DHAVE_CONFIG_H -I. -I.. -DDLL_EXPORT -I/mnt/home/users/ac_001_um/jorgedlpg/gromacs/amber14/include -fPIC -D_FILE_OFFSET_BITS=64 -D_LARGEFILE_SOURCE -DBINTRAJ -MT fort-genvar.lo -MD -MP -MF .deps/fort-genvar.Tpo -c fort-genvar.c -o fort-genvar.o >/dev/null 2>&1
depbase=`echo fort-lib.lo | sed 's|[^/]*$|.deps/&|;s|\.lo$||'`;\
	/bin/sh ../libtool --tag=CC   --mode=compile gcc -DHAVE_CONFIG_H -I. -I..  -DDLL_EXPORT  -I/mnt/home/users/ac_001_um/jorgedlpg/gromacs/amber14/include  -fPIC -D_FILE_OFFSET_BITS=64 -D_LARGEFILE_SOURCE -DBINTRAJ  -MT fort-lib.lo -MD -MP -MF $depbase.Tpo -c -o fort-lib.lo fort-lib.c &&\
	mv -f $depbase.Tpo $depbase.Plo
libtool: compile:  gcc -DHAVE_CONFIG_H -I. -I.. -DDLL_EXPORT -I/mnt/home/users/ac_001_um/jorgedlpg/gromacs/amber14/include -fPIC -D_FILE_OFFSET_BITS=64 -D_LARGEFILE_SOURCE -DBINTRAJ -MT fort-lib.lo -MD -MP -MF .deps/fort-lib.Tpo -c fort-lib.c  -fPIC -DPIC -o .libs/fort-lib.o
libtool: compile:  gcc -DHAVE_CONFIG_H -I. -I.. -DDLL_EXPORT -I/mnt/home/users/ac_001_um/jorgedlpg/gromacs/amber14/include -fPIC -D_FILE_OFFSET_BITS=64 -D_LARGEFILE_SOURCE -DBINTRAJ -MT fort-lib.lo -MD -MP -MF .deps/fort-lib.Tpo -c fort-lib.c -o fort-lib.o >/dev/null 2>&1
depbase=`echo fort-misc.lo | sed 's|[^/]*$|.deps/&|;s|\.lo$||'`;\
	/bin/sh ../libtool --tag=CC   --mode=compile gcc -DHAVE_CONFIG_H -I. -I..  -DDLL_EXPORT  -I/mnt/home/users/ac_001_um/jorgedlpg/gromacs/amber14/include  -fPIC -D_FILE_OFFSET_BITS=64 -D_LARGEFILE_SOURCE -DBINTRAJ  -MT fort-misc.lo -MD -MP -MF $depbase.Tpo -c -o fort-misc.lo fort-misc.c &&\
	mv -f $depbase.Tpo $depbase.Plo
libtool: compile:  gcc -DHAVE_CONFIG_H -I. -I.. -DDLL_EXPORT -I/mnt/home/users/ac_001_um/jorgedlpg/gromacs/amber14/include -fPIC -D_FILE_OFFSET_BITS=64 -D_LARGEFILE_SOURCE -DBINTRAJ -MT fort-misc.lo -MD -MP -MF .deps/fort-misc.Tpo -c fort-misc.c  -fPIC -DPIC -o .libs/fort-misc.o
libtool: compile:  gcc -DHAVE_CONFIG_H -I. -I.. -DDLL_EXPORT -I/mnt/home/users/ac_001_um/jorgedlpg/gromacs/amber14/include -fPIC -D_FILE_OFFSET_BITS=64 -D_LARGEFILE_SOURCE -DBINTRAJ -MT fort-misc.lo -MD -MP -MF .deps/fort-misc.Tpo -c fort-misc.c -o fort-misc.o >/dev/null 2>&1
depbase=`echo fort-v2compat.lo | sed 's|[^/]*$|.deps/&|;s|\.lo$||'`;\
	/bin/sh ../libtool --tag=CC   --mode=compile gcc -DHAVE_CONFIG_H -I. -I..  -DDLL_EXPORT  -I/mnt/home/users/ac_001_um/jorgedlpg/gromacs/amber14/include  -fPIC -D_FILE_OFFSET_BITS=64 -D_LARGEFILE_SOURCE -DBINTRAJ  -MT fort-v2compat.lo -MD -MP -MF $depbase.Tpo -c -o fort-v2compat.lo fort-v2compat.c &&\
	mv -f $depbase.Tpo $depbase.Plo
libtool: compile:  gcc -DHAVE_CONFIG_H -I. -I.. -DDLL_EXPORT -I/mnt/home/users/ac_001_um/jorgedlpg/gromacs/amber14/include -fPIC -D_FILE_OFFSET_BITS=64 -D_LARGEFILE_SOURCE -DBINTRAJ -MT fort-v2compat.lo -MD -MP -MF .deps/fort-v2compat.Tpo -c fort-v2compat.c  -fPIC -DPIC -o .libs/fort-v2compat.o
libtool: compile:  gcc -DHAVE_CONFIG_H -I. -I.. -DDLL_EXPORT -I/mnt/home/users/ac_001_um/jorgedlpg/gromacs/amber14/include -fPIC -D_FILE_OFFSET_BITS=64 -D_LARGEFILE_SOURCE -DBINTRAJ -MT fort-v2compat.lo -MD -MP -MF .deps/fort-v2compat.Tpo -c fort-v2compat.c -o fort-v2compat.o >/dev/null 2>&1
depbase=`echo fort-vario.lo | sed 's|[^/]*$|.deps/&|;s|\.lo$||'`;\
	/bin/sh ../libtool --tag=CC   --mode=compile gcc -DHAVE_CONFIG_H -I. -I..  -DDLL_EXPORT  -I/mnt/home/users/ac_001_um/jorgedlpg/gromacs/amber14/include  -fPIC -D_FILE_OFFSET_BITS=64 -D_LARGEFILE_SOURCE -DBINTRAJ  -MT fort-vario.lo -MD -MP -MF $depbase.Tpo -c -o fort-vario.lo fort-vario.c &&\
	mv -f $depbase.Tpo $depbase.Plo
libtool: compile:  gcc -DHAVE_CONFIG_H -I. -I.. -DDLL_EXPORT -I/mnt/home/users/ac_001_um/jorgedlpg/gromacs/amber14/include -fPIC -D_FILE_OFFSET_BITS=64 -D_LARGEFILE_SOURCE -DBINTRAJ -MT fort-vario.lo -MD -MP -MF .deps/fort-vario.Tpo -c fort-vario.c  -fPIC -DPIC -o .libs/fort-vario.o
libtool: compile:  gcc -DHAVE_CONFIG_H -I. -I.. -DDLL_EXPORT -I/mnt/home/users/ac_001_um/jorgedlpg/gromacs/amber14/include -fPIC -D_FILE_OFFSET_BITS=64 -D_LARGEFILE_SOURCE -DBINTRAJ -MT fort-vario.lo -MD -MP -MF .deps/fort-vario.Tpo -c fort-vario.c -o fort-vario.o >/dev/null 2>&1
depbase=`echo fort-var1io.lo | sed 's|[^/]*$|.deps/&|;s|\.lo$||'`;\
	/bin/sh ../libtool --tag=CC   --mode=compile gcc -DHAVE_CONFIG_H -I. -I..  -DDLL_EXPORT  -I/mnt/home/users/ac_001_um/jorgedlpg/gromacs/amber14/include  -fPIC -D_FILE_OFFSET_BITS=64 -D_LARGEFILE_SOURCE -DBINTRAJ  -MT fort-var1io.lo -MD -MP -MF $depbase.Tpo -c -o fort-var1io.lo fort-var1io.c &&\
	mv -f $depbase.Tpo $depbase.Plo
libtool: compile:  gcc -DHAVE_CONFIG_H -I. -I.. -DDLL_EXPORT -I/mnt/home/users/ac_001_um/jorgedlpg/gromacs/amber14/include -fPIC -D_FILE_OFFSET_BITS=64 -D_LARGEFILE_SOURCE -DBINTRAJ -MT fort-var1io.lo -MD -MP -MF .deps/fort-var1io.Tpo -c fort-var1io.c  -fPIC -DPIC -o .libs/fort-var1io.o
libtool: compile:  gcc -DHAVE_CONFIG_H -I. -I.. -DDLL_EXPORT -I/mnt/home/users/ac_001_um/jorgedlpg/gromacs/amber14/include -fPIC -D_FILE_OFFSET_BITS=64 -D_LARGEFILE_SOURCE -DBINTRAJ -MT fort-var1io.lo -MD -MP -MF .deps/fort-var1io.Tpo -c fort-var1io.c -o fort-var1io.o >/dev/null 2>&1
depbase=`echo fort-varaio.lo | sed 's|[^/]*$|.deps/&|;s|\.lo$||'`;\
	/bin/sh ../libtool --tag=CC   --mode=compile gcc -DHAVE_CONFIG_H -I. -I..  -DDLL_EXPORT  -I/mnt/home/users/ac_001_um/jorgedlpg/gromacs/amber14/include  -fPIC -D_FILE_OFFSET_BITS=64 -D_LARGEFILE_SOURCE -DBINTRAJ  -MT fort-varaio.lo -MD -MP -MF $depbase.Tpo -c -o fort-varaio.lo fort-varaio.c &&\
	mv -f $depbase.Tpo $depbase.Plo
libtool: compile:  gcc -DHAVE_CONFIG_H -I. -I.. -DDLL_EXPORT -I/mnt/home/users/ac_001_um/jorgedlpg/gromacs/amber14/include -fPIC -D_FILE_OFFSET_BITS=64 -D_LARGEFILE_SOURCE -DBINTRAJ -MT fort-varaio.lo -MD -MP -MF .deps/fort-varaio.Tpo -c fort-varaio.c  -fPIC -DPIC -o .libs/fort-varaio.o
libtool: compile:  gcc -DHAVE_CONFIG_H -I. -I.. -DDLL_EXPORT -I/mnt/home/users/ac_001_um/jorgedlpg/gromacs/amber14/include -fPIC -D_FILE_OFFSET_BITS=64 -D_LARGEFILE_SOURCE -DBINTRAJ -MT fort-varaio.lo -MD -MP -MF .deps/fort-varaio.Tpo -c fort-varaio.c -o fort-varaio.o >/dev/null 2>&1
depbase=`echo fort-varmio.lo | sed 's|[^/]*$|.deps/&|;s|\.lo$||'`;\
	/bin/sh ../libtool --tag=CC   --mode=compile gcc -DHAVE_CONFIG_H -I. -I..  -DDLL_EXPORT  -I/mnt/home/users/ac_001_um/jorgedlpg/gromacs/amber14/include  -fPIC -D_FILE_OFFSET_BITS=64 -D_LARGEFILE_SOURCE -DBINTRAJ  -MT fort-varmio.lo -MD -MP -MF $depbase.Tpo -c -o fort-varmio.lo fort-varmio.c &&\
	mv -f $depbase.Tpo $depbase.Plo
libtool: compile:  gcc -DHAVE_CONFIG_H -I. -I.. -DDLL_EXPORT -I/mnt/home/users/ac_001_um/jorgedlpg/gromacs/amber14/include -fPIC -D_FILE_OFFSET_BITS=64 -D_LARGEFILE_SOURCE -DBINTRAJ -MT fort-varmio.lo -MD -MP -MF .deps/fort-varmio.Tpo -c fort-varmio.c  -fPIC -DPIC -o .libs/fort-varmio.o
libtool: compile:  gcc -DHAVE_CONFIG_H -I. -I.. -DDLL_EXPORT -I/mnt/home/users/ac_001_um/jorgedlpg/gromacs/amber14/include -fPIC -D_FILE_OFFSET_BITS=64 -D_LARGEFILE_SOURCE -DBINTRAJ -MT fort-varmio.lo -MD -MP -MF .deps/fort-varmio.Tpo -c fort-varmio.c -o fort-varmio.o >/dev/null 2>&1
depbase=`echo fort-varsio.lo | sed 's|[^/]*$|.deps/&|;s|\.lo$||'`;\
	/bin/sh ../libtool --tag=CC   --mode=compile gcc -DHAVE_CONFIG_H -I. -I..  -DDLL_EXPORT  -I/mnt/home/users/ac_001_um/jorgedlpg/gromacs/amber14/include  -fPIC -D_FILE_OFFSET_BITS=64 -D_LARGEFILE_SOURCE -DBINTRAJ  -MT fort-varsio.lo -MD -MP -MF $depbase.Tpo -c -o fort-varsio.lo fort-varsio.c &&\
	mv -f $depbase.Tpo $depbase.Plo
libtool: compile:  gcc -DHAVE_CONFIG_H -I. -I.. -DDLL_EXPORT -I/mnt/home/users/ac_001_um/jorgedlpg/gromacs/amber14/include -fPIC -D_FILE_OFFSET_BITS=64 -D_LARGEFILE_SOURCE -DBINTRAJ -MT fort-varsio.lo -MD -MP -MF .deps/fort-varsio.Tpo -c fort-varsio.c  -fPIC -DPIC -o .libs/fort-varsio.o
libtool: compile:  gcc -DHAVE_CONFIG_H -I. -I.. -DDLL_EXPORT -I/mnt/home/users/ac_001_um/jorgedlpg/gromacs/amber14/include -fPIC -D_FILE_OFFSET_BITS=64 -D_LARGEFILE_SOURCE -DBINTRAJ -MT fort-varsio.lo -MD -MP -MF .deps/fort-varsio.Tpo -c fort-varsio.c -o fort-varsio.o >/dev/null 2>&1
/bin/sh ../libtool --tag=FC   --mode=link gfortran  -fPIC -O3 -mtune=native  -version-number 5:3:1  -L/mnt/home/users/ac_001_um/jorgedlpg/gromacs/amber14/lib  -o libnetcdff.la -rpath /mnt/home/users/ac_001_um/jorgedlpg/gromacs/amber14/lib fort-attio.lo fort-control.lo fort-dim.lo fort-genatt.lo fort-geninq.lo fort-genvar.lo fort-lib.lo fort-misc.lo fort-v2compat.lo fort-vario.lo fort-var1io.lo fort-varaio.lo fort-varmio.lo fort-varsio.lo  ../f90/libnetcdff90.la -lnetcdf 
libtool: link: gfortran -shared  .libs/fort-attio.o .libs/fort-control.o .libs/fort-dim.o .libs/fort-genatt.o .libs/fort-geninq.o .libs/fort-genvar.o .libs/fort-lib.o .libs/fort-misc.o .libs/fort-v2compat.o .libs/fort-vario.o .libs/fort-var1io.o .libs/fort-varaio.o .libs/fort-varmio.o .libs/fort-varsio.o  -Wl,--whole-archive ../f90/.libs/libnetcdff90.a -Wl,--no-whole-archive  -Wl,-rpath -Wl,/mnt/home/users/ac_001_um/jorgedlpg/gromacs/amber14/lib -Wl,-rpath -Wl,/mnt/home/users/ac_001_um/jorgedlpg/gromacs/amber14/lib -L/mnt/home/users/ac_001_um/jorgedlpg/gromacs/amber14/lib /mnt/home/users/ac_001_um/jorgedlpg/gromacs/amber14/lib/libnetcdf.so -lm  -mtune=native   -Wl,-soname -Wl,libnetcdff.so.5 -o .libs/libnetcdff.so.5.3.1
libtool: link: (cd ".libs" && rm -f "libnetcdff.so.5" && ln -s "libnetcdff.so.5.3.1" "libnetcdff.so.5")
libtool: link: (cd ".libs" && rm -f "libnetcdff.so" && ln -s "libnetcdff.so.5.3.1" "libnetcdff.so")
libtool: link: (cd .libs/libnetcdff.lax/libnetcdff90.a && ar x "/mnt/home/users/ac_001_um/jorgedlpg/gromacs/amber14/AmberTools/src/netcdf-fortran-4.2/fortran/../f90/.libs/libnetcdff90.a")
libtool: link: ar cru .libs/libnetcdff.a  fort-attio.o fort-control.o fort-dim.o fort-genatt.o fort-geninq.o fort-genvar.o fort-lib.o fort-misc.o fort-v2compat.o fort-vario.o fort-var1io.o fort-varaio.o fort-varmio.o fort-varsio.o  .libs/libnetcdff.lax/libnetcdff90.a/netcdf.o .libs/libnetcdff.lax/libnetcdff90.a/typeSizes.o 
libtool: link: ranlib .libs/libnetcdff.a
libtool: link: rm -fr .libs/libnetcdff.lax
libtool: link: ( cd ".libs" && rm -f "libnetcdff.la" && ln -s "../libnetcdff.la" "libnetcdff.la" )
make[3]: se ingresa al directorio `/mnt/home/users/ac_001_um/jorgedlpg/gromacs/amber14/AmberTools/src/netcdf-fortran-4.2/fortran'
test -z "/mnt/home/users/ac_001_um/jorgedlpg/gromacs/amber14/lib" || /bin/mkdir -p "/mnt/home/users/ac_001_um/jorgedlpg/gromacs/amber14/lib"
 /bin/sh ../libtool   --mode=install /usr/bin/install -c   libnetcdff.la '/mnt/home/users/ac_001_um/jorgedlpg/gromacs/amber14/lib'
libtool: install: /usr/bin/install -c .libs/libnetcdff.so.5.3.1 /mnt/home/users/ac_001_um/jorgedlpg/gromacs/amber14/lib/libnetcdff.so.5.3.1
libtool: install: (cd /mnt/home/users/ac_001_um/jorgedlpg/gromacs/amber14/lib && { ln -s -f libnetcdff.so.5.3.1 libnetcdff.so.5 || { rm -f libnetcdff.so.5 && ln -s libnetcdff.so.5.3.1 libnetcdff.so.5; }; })
libtool: install: (cd /mnt/home/users/ac_001_um/jorgedlpg/gromacs/amber14/lib && { ln -s -f libnetcdff.so.5.3.1 libnetcdff.so || { rm -f libnetcdff.so && ln -s libnetcdff.so.5.3.1 libnetcdff.so; }; })
libtool: install: /usr/bin/install -c .libs/libnetcdff.lai /mnt/home/users/ac_001_um/jorgedlpg/gromacs/amber14/lib/libnetcdff.la
libtool: install: /usr/bin/install -c .libs/libnetcdff.a /mnt/home/users/ac_001_um/jorgedlpg/gromacs/amber14/lib/libnetcdff.a
libtool: install: chmod 644 /mnt/home/users/ac_001_um/jorgedlpg/gromacs/amber14/lib/libnetcdff.a
libtool: install: ranlib /mnt/home/users/ac_001_um/jorgedlpg/gromacs/amber14/lib/libnetcdff.a
libtool: finish: PATH="/mnt/home/soft/imagemagick/programs/x86_64/6.9.0-4/bin:/mnt/home/soft/webp/programs/x86_64/0.4.0/bin:/mnt/home/soft/python/programs/x86_64/bin:/mnt/home/soft/openbabel/programs/x86_64/2.3.2/bin:/usr/local/bin:/usr/bin:/bin:/usr/bin/X11:/usr/X11R6/bin:/usr/games:/opt/bin:/usr/lib/mit/bin:/usr/lib/mit/sbin:/mnt/home/soft/modules/programs/x86_64/scripts:/sbin" ldconfig -n /mnt/home/users/ac_001_um/jorgedlpg/gromacs/amber14/lib
----------------------------------------------------------------------
Libraries have been installed in:
   /mnt/home/users/ac_001_um/jorgedlpg/gromacs/amber14/lib

If you ever happen to want to link against installed libraries
in a given directory, LIBDIR, you must either use libtool, and
specify the full pathname of the library, or use the `-LLIBDIR'
flag during linking and do at least one of the following:
   - add LIBDIR to the `LD_LIBRARY_PATH' environment variable
     during execution
   - add LIBDIR to the `LD_RUN_PATH' environment variable
     during linking
   - use the `-Wl,-rpath -Wl,LIBDIR' linker flag
   - have your system administrator add LIBDIR to `/etc/ld.so.conf'

See any operating system documentation about shared libraries for
more information, such as the ld(1) and ld.so(8) manual pages.
----------------------------------------------------------------------
test -z "/mnt/home/users/ac_001_um/jorgedlpg/gromacs/amber14/share/man/man3" || /bin/mkdir -p "/mnt/home/users/ac_001_um/jorgedlpg/gromacs/amber14/share/man/man3"
 /usr/bin/install -c -m 644 netcdf_f77.3 '/mnt/home/users/ac_001_um/jorgedlpg/gromacs/amber14/share/man/man3'
test -z "/mnt/home/users/ac_001_um/jorgedlpg/gromacs/amber14/include" || /bin/mkdir -p "/mnt/home/users/ac_001_um/jorgedlpg/gromacs/amber14/include"
 /usr/bin/install -c -m 644 netcdf.inc '/mnt/home/users/ac_001_um/jorgedlpg/gromacs/amber14/include'
make[3]: se sale del directorio `/mnt/home/users/ac_001_um/jorgedlpg/gromacs/amber14/AmberTools/src/netcdf-fortran-4.2/fortran'
make[2]: se sale del directorio `/mnt/home/users/ac_001_um/jorgedlpg/gromacs/amber14/AmberTools/src/netcdf-fortran-4.2/fortran'
make[1]: se sale del directorio `/mnt/home/users/ac_001_um/jorgedlpg/gromacs/amber14/AmberTools/src/netcdf-fortran-4.2/fortran'
Making install in nf_test
make[1]: se ingresa al directorio `/mnt/home/users/ac_001_um/jorgedlpg/gromacs/amber14/AmberTools/src/netcdf-fortran-4.2/nf_test'
make[2]: se ingresa al directorio `/mnt/home/users/ac_001_um/jorgedlpg/gromacs/amber14/AmberTools/src/netcdf-fortran-4.2/nf_test'
make[2]: No se hace nada para `install-exec-am'.
make[2]: No se hace nada para `install-data-am'.
make[2]: se sale del directorio `/mnt/home/users/ac_001_um/jorgedlpg/gromacs/amber14/AmberTools/src/netcdf-fortran-4.2/nf_test'
make[1]: se sale del directorio `/mnt/home/users/ac_001_um/jorgedlpg/gromacs/amber14/AmberTools/src/netcdf-fortran-4.2/nf_test'
Making install in man4
make[1]: se ingresa al directorio `/mnt/home/users/ac_001_um/jorgedlpg/gromacs/amber14/AmberTools/src/netcdf-fortran-4.2/man4'
make[2]: se ingresa al directorio `/mnt/home/users/ac_001_um/jorgedlpg/gromacs/amber14/AmberTools/src/netcdf-fortran-4.2/man4'
make[2]: No se hace nada para `install-exec-am'.
test -z "/mnt/home/users/ac_001_um/jorgedlpg/gromacs/amber14/share/info" || /bin/mkdir -p "/mnt/home/users/ac_001_um/jorgedlpg/gromacs/amber14/share/info"
 /usr/bin/install -c -m 644 ./netcdf-f77.info ./netcdf-f77.info-1 ./netcdf-f77.info-2 ./netcdf-f90.info '/mnt/home/users/ac_001_um/jorgedlpg/gromacs/amber14/share/info'
 install-info --info-dir='/mnt/home/users/ac_001_um/jorgedlpg/gromacs/amber14/share/info' '/mnt/home/users/ac_001_um/jorgedlpg/gromacs/amber14/share/info/netcdf-f77.info'
 install-info --info-dir='/mnt/home/users/ac_001_um/jorgedlpg/gromacs/amber14/share/info' '/mnt/home/users/ac_001_um/jorgedlpg/gromacs/amber14/share/info/netcdf-f90.info'
make[2]: se sale del directorio `/mnt/home/users/ac_001_um/jorgedlpg/gromacs/amber14/AmberTools/src/netcdf-fortran-4.2/man4'
make[1]: se sale del directorio `/mnt/home/users/ac_001_um/jorgedlpg/gromacs/amber14/AmberTools/src/netcdf-fortran-4.2/man4'
Making install in examples
make[1]: se ingresa al directorio `/mnt/home/users/ac_001_um/jorgedlpg/gromacs/amber14/AmberTools/src/netcdf-fortran-4.2/examples'
Making install in F77
make[2]: se ingresa al directorio `/mnt/home/users/ac_001_um/jorgedlpg/gromacs/amber14/AmberTools/src/netcdf-fortran-4.2/examples/F77'
make[3]: se ingresa al directorio `/mnt/home/users/ac_001_um/jorgedlpg/gromacs/amber14/AmberTools/src/netcdf-fortran-4.2/examples/F77'
make[3]: No se hace nada para `install-exec-am'.
make[3]: No se hace nada para `install-data-am'.
make[3]: se sale del directorio `/mnt/home/users/ac_001_um/jorgedlpg/gromacs/amber14/AmberTools/src/netcdf-fortran-4.2/examples/F77'
make[2]: se sale del directorio `/mnt/home/users/ac_001_um/jorgedlpg/gromacs/amber14/AmberTools/src/netcdf-fortran-4.2/examples/F77'
Making install in F90
make[2]: se ingresa al directorio `/mnt/home/users/ac_001_um/jorgedlpg/gromacs/amber14/AmberTools/src/netcdf-fortran-4.2/examples/F90'
make  install-am
make[3]: se ingresa al directorio `/mnt/home/users/ac_001_um/jorgedlpg/gromacs/amber14/AmberTools/src/netcdf-fortran-4.2/examples/F90'
make[4]: se ingresa al directorio `/mnt/home/users/ac_001_um/jorgedlpg/gromacs/amber14/AmberTools/src/netcdf-fortran-4.2/examples/F90'
make[4]: No se hace nada para `install-exec-am'.
make[4]: No se hace nada para `install-data-am'.
make[4]: se sale del directorio `/mnt/home/users/ac_001_um/jorgedlpg/gromacs/amber14/AmberTools/src/netcdf-fortran-4.2/examples/F90'
make[3]: se sale del directorio `/mnt/home/users/ac_001_um/jorgedlpg/gromacs/amber14/AmberTools/src/netcdf-fortran-4.2/examples/F90'
make[2]: se sale del directorio `/mnt/home/users/ac_001_um/jorgedlpg/gromacs/amber14/AmberTools/src/netcdf-fortran-4.2/examples/F90'
make[2]: se ingresa al directorio `/mnt/home/users/ac_001_um/jorgedlpg/gromacs/amber14/AmberTools/src/netcdf-fortran-4.2/examples'
make[3]: se ingresa al directorio `/mnt/home/users/ac_001_um/jorgedlpg/gromacs/amber14/AmberTools/src/netcdf-fortran-4.2/examples'
make[3]: No se hace nada para `install-exec-am'.
make[3]: No se hace nada para `install-data-am'.
make[3]: se sale del directorio `/mnt/home/users/ac_001_um/jorgedlpg/gromacs/amber14/AmberTools/src/netcdf-fortran-4.2/examples'
make[2]: se sale del directorio `/mnt/home/users/ac_001_um/jorgedlpg/gromacs/amber14/AmberTools/src/netcdf-fortran-4.2/examples'
make[1]: se sale del directorio `/mnt/home/users/ac_001_um/jorgedlpg/gromacs/amber14/AmberTools/src/netcdf-fortran-4.2/examples'
make[1]: se ingresa al directorio `/mnt/home/users/ac_001_um/jorgedlpg/gromacs/amber14/AmberTools/src/netcdf-fortran-4.2'
make[2]: se ingresa al directorio `/mnt/home/users/ac_001_um/jorgedlpg/gromacs/amber14/AmberTools/src/netcdf-fortran-4.2'
test -z "/mnt/home/users/ac_001_um/jorgedlpg/gromacs/amber14/bin" || /bin/mkdir -p "/mnt/home/users/ac_001_um/jorgedlpg/gromacs/amber14/bin"
 /usr/bin/install -c nf-config '/mnt/home/users/ac_001_um/jorgedlpg/gromacs/amber14/bin'
test -z "/mnt/home/users/ac_001_um/jorgedlpg/gromacs/amber14/lib/pkgconfig" || /bin/mkdir -p "/mnt/home/users/ac_001_um/jorgedlpg/gromacs/amber14/lib/pkgconfig"
 /usr/bin/install -c -m 644 netcdf-fortran.pc '/mnt/home/users/ac_001_um/jorgedlpg/gromacs/amber14/lib/pkgconfig'
make  install-data-hook
make[3]: se ingresa al directorio `/mnt/home/users/ac_001_um/jorgedlpg/gromacs/amber14/AmberTools/src/netcdf-fortran-4.2'

+-------------------------------------------------------------+
| Congratulations! You have successfully installed the netCDF |
| Fortran libraries.                                          |
|                                                             |
| You can use script "nf-config" to find out the relevant     |
| compiler options to build your application. Enter           |
|                                                             |
|     nf-config --help                                        |
|                                                             |
| for additional information.                                 |
|                                                             |
| CAUTION:                                                    |
|                                                             |
| If you have not already run "make check", then we strongly  |
| recommend you do so. It does not take very long.            |
|                                                             |
| Before using netCDF to store important data, test your      |
| build with "make check".                                    |
|                                                             |
| NetCDF is tested nightly on many platforms at Unidata       |
| but your platform is probably different in some ways.       |
|                                                             |
| If any tests fail, please see the netCDF web site:          |
| http://www.unidata.ucar.edu/software/netcdf/                |
|                                                             |
| NetCDF is developed and maintained at the Unidata Program   |
| Center. Unidata provides a broad array of data and software |
| tools for use in geoscience education and research.         |
| http://www.unidata.ucar.edu                                 |
+-------------------------------------------------------------+

make[3]: se sale del directorio `/mnt/home/users/ac_001_um/jorgedlpg/gromacs/amber14/AmberTools/src/netcdf-fortran-4.2'
make[2]: se sale del directorio `/mnt/home/users/ac_001_um/jorgedlpg/gromacs/amber14/AmberTools/src/netcdf-fortran-4.2'
make[1]: se sale del directorio `/mnt/home/users/ac_001_um/jorgedlpg/gromacs/amber14/AmberTools/src/netcdf-fortran-4.2'
