checking for a BSD-compatible install... /usr/bin/install -c
checking whether build environment is sane... yes
checking for a thread-safe mkdir -p... /bin/mkdir -p
checking for gawk... gawk
checking whether make sets $(MAKE)... yes
checking whether to enable maintainer-specific portions of Makefiles... no
checking build system type... x86_64-unknown-linux-gnu
checking host system type... x86_64-unknown-linux-gnu
checking for gcc... gcc
checking whether the C compiler works... yes
checking for C compiler default output file name... a.out
checking for suffix of executables... 
checking whether we are cross compiling... no
checking for suffix of object files... o
checking whether we are using the GNU C compiler... yes
checking whether gcc accepts -g... yes
checking for gcc option to accept ISO C89... none needed
checking for style of include used by make... GNU
checking dependency style of gcc... gcc3
checking whether gcc and cc understand -c and -o together... yes
checking for C compiler vendor... gnu
checking for gcc option to accept ISO C99... -std=gnu99
checking for gcc -std=gnu99 option to accept ISO Standard C... (cached) -std=gnu99
checking whether ln -s works... yes
checking whether make sets $(MAKE)... (cached) yes
checking for a sed that does not truncate output... /usr/bin/sed
checking for grep that handles long lines and -e... /usr/bin/grep
checking for egrep... /usr/bin/grep -E
checking for fgrep... /usr/bin/grep -F
checking for ld used by gcc -std=gnu99... /usr/x86_64-suse-linux/bin/ld
checking if the linker (/usr/x86_64-suse-linux/bin/ld) is GNU ld... yes
checking for BSD- or MS-compatible name lister (nm)... /usr/bin/nm -B
checking the name lister (/usr/bin/nm -B) interface... BSD nm
checking the maximum length of command line arguments... 1920000
checking whether the shell understands some XSI constructs... yes
checking whether the shell understands "+="... yes
checking for /usr/x86_64-suse-linux/bin/ld option to reload object files... -r
checking for objdump... objdump
checking how to recognize dependent libraries... pass_all
checking for ar... ar
checking for strip... strip
checking for ranlib... ranlib
checking command to parse /usr/bin/nm -B output from gcc -std=gnu99 object... ok
checking how to run the C preprocessor... gcc -std=gnu99 -E
checking for ANSI C header files... yes
checking for sys/types.h... yes
checking for sys/stat.h... yes
checking for stdlib.h... yes
checking for string.h... yes
checking for memory.h... yes
checking for strings.h... yes
checking for inttypes.h... yes
checking for stdint.h... yes
checking for unistd.h... yes
checking for dlfcn.h... yes
checking for objdir... .libs
checking if gcc -std=gnu99 supports -fno-rtti -fno-exceptions... no
checking for gcc -std=gnu99 option to produce PIC... -fPIC -DPIC
checking if gcc -std=gnu99 PIC flag -fPIC -DPIC works... yes
checking if gcc -std=gnu99 static flag -static works... yes
checking if gcc -std=gnu99 supports -c -o file.o... yes
checking if gcc -std=gnu99 supports -c -o file.o... (cached) yes
checking whether the gcc -std=gnu99 linker (/usr/x86_64-suse-linux/bin/ld -m elf_x86_64) supports shared libraries... yes
checking whether -lc should be explicitly linked in... no
checking dynamic linker characteristics... GNU/Linux ld.so
checking how to hardcode library paths into programs... immediate
checking whether stripping libraries is possible... yes
checking if libtool supports shared libraries... yes
checking whether to build shared libraries... yes
checking whether to build static libraries... yes
checking for ocamlbuild... no
checking whether C compiler accepts -msse2... yes
checking for ANSI C header files... (cached) yes
checking libintl.h usability... yes
checking libintl.h presence... yes
checking for libintl.h... yes
checking malloc.h usability... yes
checking malloc.h presence... yes
checking for malloc.h... yes
checking stddef.h usability... yes
checking stddef.h presence... yes
checking for stddef.h... yes
checking for stdlib.h... (cached) yes
checking for string.h... (cached) yes
checking for strings.h... (cached) yes
checking sys/time.h usability... yes
checking sys/time.h presence... yes
checking for sys/time.h... yes
checking for unistd.h... (cached) yes
checking limits.h usability... yes
checking limits.h presence... yes
checking for limits.h... yes
checking c_asm.h usability... no
checking c_asm.h presence... no
checking for c_asm.h... no
checking intrinsics.h usability... no
checking intrinsics.h presence... no
checking for intrinsics.h... no
checking for stdint.h... (cached) yes
checking mach/mach_time.h usability... no
checking mach/mach_time.h presence... no
checking for mach/mach_time.h... no
checking sys/sysctl.h usability... yes
checking sys/sysctl.h presence... yes
checking for sys/sysctl.h... yes
checking altivec.h usability... no
checking altivec.h presence... no
checking for altivec.h... no
checking for an ANSI C-conforming const... yes
checking for inline... inline
checking for size_t... yes
checking whether time.h and sys/time.h may both be included... yes
checking for long double... yes
checking for hrtime_t... no
checking size of int... 4
checking size of unsigned int... 4
checking size of long... 8
checking size of unsigned long... 8
checking size of long long... 8
checking size of unsigned long long... 8
checking size of size_t... 8
checking size of ptrdiff_t... 8
checking for uintptr_t... yes
checking size of float... 4
checking size of double... 8
checking size of fftw_r2r_kind... 4
checking for working alloca.h... yes
checking for alloca... yes
checking for working strtod... yes
checking for vprintf... yes
checking for _doprnt... no
checking for sin in -lm... yes
checking for BSDgettimeofday... no
checking for gettimeofday... yes
checking for gethrtime... no
checking for read_real_time... no
checking for time_base_to_time... no
checking for drand48... yes
checking for sqrt... yes
checking for memset... yes
checking for posix_memalign... yes
checking for memalign... yes
checking for _mm_malloc... no
checking for _mm_free... no
checking for clock_gettime... no
checking for mach_absolute_time... no
checking for sysctl... yes
checking for abort... yes
checking for sinl... yes
checking for cosl... yes
checking for snprintf... yes
checking whether drand48 is declared... yes
checking whether srand48 is declared... yes
checking whether memalign is declared... no
checking whether posix_memalign is declared... yes
checking whether sinl is declared... no
checking whether cosl is declared... no
checking whether sinq is declared... no
checking whether cosq is declared... no
checking for _rtc intrinsic... no
checking for isnan... yes
checking whether C compiler accepts -mpreferred-stack-boundary=4... yes
checking whether the stack is at least 8-byte aligned by gcc... checking whether C compiler accepts -malign-double... yes
yes
checking whether we are using the GNU Fortran 77 compiler... yes
checking whether gfortran accepts -g... yes
checking whether we are using the GNU Fortran 77 compiler... (cached) yes
checking whether gfortran accepts -g... (cached) yes
checking if libtool supports shared libraries... yes
checking whether to build shared libraries... yes
checking whether to build static libraries... yes
checking for gfortran option to produce PIC... -fPIC
checking if gfortran PIC flag -fPIC works... yes
checking if gfortran static flag -static works... yes
checking if gfortran supports -c -o file.o... yes
checking if gfortran supports -c -o file.o... (cached) yes
checking whether the gfortran linker (/usr/x86_64-suse-linux/bin/ld -m elf_x86_64) supports shared libraries... yes
checking dynamic linker characteristics... GNU/Linux ld.so
checking how to hardcode library paths into programs... immediate
checking how to get verbose linking output from gfortran... -v
checking for Fortran 77 libraries of gfortran... -lgfortran -w
checking for dummy main to link with Fortran 77 libraries... none
checking for Fortran 77 name-mangling scheme... lower case, underscore, no extra underscore
checking whether a cycle counter is available... yes
configure: creating ./config.status
config.status: creating Makefile
config.status: creating support/Makefile
config.status: creating genfft/Makefile
config.status: creating kernel/Makefile
config.status: creating simd-support/Makefile
config.status: creating dft/Makefile
config.status: creating dft/scalar/Makefile
config.status: creating dft/scalar/codelets/Makefile
config.status: creating dft/simd/Makefile
config.status: creating dft/simd/common/Makefile
config.status: creating dft/simd/sse2/Makefile
config.status: creating dft/simd/avx/Makefile
config.status: creating dft/simd/altivec/Makefile
config.status: creating rdft/Makefile
config.status: creating rdft/scalar/Makefile
config.status: creating rdft/scalar/r2cf/Makefile
config.status: creating rdft/scalar/r2cb/Makefile
config.status: creating rdft/scalar/r2r/Makefile
config.status: creating rdft/simd/Makefile
config.status: creating rdft/simd/common/Makefile
config.status: creating rdft/simd/sse2/Makefile
config.status: creating rdft/simd/avx/Makefile
config.status: creating rdft/simd/altivec/Makefile
config.status: creating reodft/Makefile
config.status: creating threads/Makefile
config.status: creating api/Makefile
config.status: creating mpi/Makefile
config.status: creating libbench2/Makefile
config.status: creating tests/Makefile
config.status: creating doc/Makefile
config.status: creating doc/FAQ/Makefile
config.status: creating tools/Makefile
config.status: creating tools/fftw_wisdom.1
config.status: creating tools/fftw-wisdom-to-conf
config.status: creating m4/Makefile
config.status: creating fftw.pc
config.status: creating config.h
config.status: executing depfiles commands
config.status: executing libtool commands
