checking build system type... x86_64-unknown-linux-gnu
checking host system type... x86_64-unknown-linux-gnu
checking target system type... x86_64-unknown-linux-gnu
checking for gcc... gcc
checking whether the C compiler works... yes
checking for C compiler default output file name... a.out
checking for suffix of executables... 
checking whether we are cross compiling... no
checking for suffix of object files... o
checking whether we are using the GNU C compiler... yes
checking whether gcc accepts -g... yes
checking for gcc option to accept ISO C89... none needed
checking for ranlib... ranlib
checking whether we are using the GNU Fortran compiler... yes
checking whether gfortran accepts -g... yes
checking how to get verbose linking output from gfortran... -v
checking for Fortran libraries of gfortran...  -L/usr/lib64/gcc/x86_64-suse-linux/4.3 -L/usr/lib64/gcc/x86_64-suse-linux/4.3/../../../../lib64 -L/lib/../lib64 -L/usr/lib/../lib64 -L/usr/lib64/gcc/x86_64-suse-linux/4.3/../../../../x86_64-suse-linux/lib -L/usr/lib64/gcc/x86_64-suse-linux/4.3/../../.. -lgfortranbegin -lgfortran -lm
checking for dummy main to link with Fortran libraries... none
checking for Fortran name-mangling scheme... lower case, underscore, no extra underscore
checking how to run the C preprocessor... gcc -E
checking for grep that handles long lines and -e... /usr/bin/grep
checking for egrep... /usr/bin/grep -E
checking for ANSI C header files... yes
checking for sys/types.h... yes
checking for sys/stat.h... yes
checking for stdlib.h... yes
checking for string.h... yes
checking for memory.h... yes
checking for strings.h... yes
checking for inttypes.h... yes
checking for stdint.h... yes
checking for unistd.h... yes
checking fpu_control.h usability... yes
checking fpu_control.h presence... yes
checking for fpu_control.h... yes
checking whether x86 FPU control code is needed... yes
checking for m4... m4
checking whether we are using GNU m4... yes
checking for indent... :
configure: creating ./config.status
config.status: creating make.inc
config.status: executing gen_makefile commands
