
 -----------------------------------------------
      Restrained ESP Fit 2.3  Amber 4.1
 -----------------------------------------------
  second stage of RESP fitting. peptoid for resp charge calculations             
 -----------------------------------------------


 inopt       =     0   ioutopt     =     0
 nmol        =     1   iqopt       =     2
 ihfree      =     1   irstrnt     =     1
 iunits      =     0   qwt         =    .00100000
 wtmol(1) =     1.000000
 subtitle:

 second stage of RESP fitting. peptoid for resp charge calculations             
ich =   0  iuniq =  22
    1    1   -1
    2    6   -1
    3    1   -1
    4    1   -1
    5    6   -1
    6    8   -1
    7    7   -1
    8    6    0
    9    1    0
   10    1    9
   11    1    9
   12    6    0
   13    1    0
   14    1   13
   15    6   -1
   16    8   -1
   17    7   -1
   18    1   -1
   19    6   -1
   20    1   -1
   21    1   -1
   22    1   -1
 new q0 values to be read  22

  ----------------------------------------------------------------------------
     ATOM                       COORDINATES                         CHARGE
                       X             Y                Z
  ----------------------------------------------------------------------------
  ----------------------------------------------------------------------------


 Charge on the molecule(ich) =    0
 Total number of atoms (iuniq)     =   22
 Weight factor on initial charge restraints(qwt)=      .10000D-02


  there are  1 charge constraints:


     1       1
     2       1
     3       1
     4       1
     5       1
     6       1
     7       1
     8       1
     9       1
    10       1
    11       1
    12       1
    13       1
    14       1
    15       1
    16       1
    17       1
    18       1
    19       1
    20       1
    21       1
    22       1

 Reading esp"s for molecule   1
 total number of atoms      =    22
 total number of esp points =   983


 center     X       Y       Z 
    1    .6691150E+01   -.2415530E+01    .1901946E+01
    2    .5859394E+01   -.6371101E+00    .1355027E+01
    3    .7169353E+01    .3873112E+00    .1617036E+00
    4    .5483641E+01    .4791921E+00    .3029261E+01
    5    .3432574E+01   -.1223653E+01   -.4229372E-01
    6    .2709116E+01   -.3391558E+01   -.3540542E+00
    7    .2100045E+01    .7803424E+00   -.9843761E+00
    8    .2593367E+01    .3425741E+01   -.3352014E+00
    9    .4589608E+01    .3750573E+01   -.8213252E-01
   10    .1962853E+01    .4606742E+01   -.1882711E+01
   11    .1582487E+01    .3949326E+01    .1360258E+01
   12   -.3620105E+00    .2196450E+00   -.2037127E+01
   13   -.8286530E+00    .1599250E+01   -.3477103E+01
   14   -.3066046E+00   -.1641358E+01   -.2868308E+01
   15   -.2403479E+01    .2781814E+00    .1919750E-02
   16   -.1989192E+01    .9870498E+00    .2154880E+01
   17   -.4702580E+01   -.4746667E+00   -.8196909E+00
   18   -.4899658E+01   -.1120485E+01   -.2577510E+01
   19   -.6900317E+01   -.5391745E+00    .8552223E+00
   20   -.6308758E+01    .1925409E+00    .2662222E+01
   21   -.8414014E+01    .6220224E+00    .1130831E+00
   22   -.7580220E+01   -.2455025E+01    .1095876E+01
 Initial ssvpot =      .449


 Number of unique UNfrozen centers=    4

 Non-linear optimization requested.
 qchnge =     .6173029319E-01
 qchnge =     .2830327692E-02
 qchnge =     .4240912274E-03
 qchnge =     .7335767955E-04
 qchnge =     .1299579522E-04
 qchnge =     .2311862255E-05

 Convergence in    5 iterations


 second stage of RESP fitting. peptoid for resp charge calculations             

          Point Charges Before & After Optimization

    no.  At.no.    q(init)       q(opt)     ivary    d(rstr)/dq
    1   1        .065753        .065753     -1        .000000
    2   6       -.172424       -.172424     -1        .005017
    3   1        .053884        .053884     -1        .000000
    4   1        .080006        .080006     -1        .000000
    5   6        .547144        .547144     -1        .001798
    6   8       -.574363       -.574363     -1        .001715
    7   7       -.211380       -.211380     -1        .004276
    8   6       -.225566       -.223393      0        .004085
    9   1        .092459        .102079      0        .000000
   10   1        .104036        .102079      9        .000000
   11   1        .121911        .102079      9        .000000
   12   6       -.004003        .036115      0        .009405
   13   1        .033707        .031510      0        .000000
   14   1        .059437        .031510     13        .000000
   15   6        .597300        .597300     -1        .001651
   16   8       -.567900       -.567900     -1        .001734
   17   7       -.464378       -.464378     -1        .002105
   18   1        .295795        .295795     -1        .000000
   19   6       -.025108       -.025108     -1        .009699
   20   1        .097916        .097916     -1        .000000
   21   1        .039986        .039986     -1        .000000
   22   1        .055789        .055789     -1        .000000

 Sum over the calculated charges:       .000

        Statistics of the fitting:
  The initial sum of squares (ssvpot)                       .449
  The residual sum of squares (chipot)                      .003
  The std err of estimate (sqrt(chipot/N))                .00187
  ESP relative RMS (SQRT(chipot/ssvpot))                  .08756

 Center of Mass (Angst.):

 X  =    .00000      Y  =    .00000      Z  =    .00000

 Dipole (Debye):

 X  =  -1.11877      Y  =   2.63385      Z  =  -2.61569

 Dipole Moment (Debye)=   3.87693

 Quadrupole (Debye*Angst.):

 Qxx =  32.90958     QYY = -24.89817     QZZ =  -8.01141
 Qxy =   9.50636     QXZ =   3.42319     QYZ = -19.16338
