
 -----------------------------------------------
      Restrained ESP Fit 2.3  Amber 4.1
 -----------------------------------------------
 resp-charges for bis-napthyl                                                    
 -----------------------------------------------


 inopt       =     0   ioutopt     =     1
 nmol        =     2   iqopt       =     0
 ihfree      =     1   irstrnt     =     1
 iunits      =     0   qwt         =    .00050000

 %RESP-I-MULT_MOL,  multiple-molecule run of   2 molecules

 Reading input for molecule   1 weight:     1.000
napthyl 1-                                                                      

 Total charge (ich):-99
 Number of centers: 29
    1    6    0
    2    6    0
    3    6    0
    4    6    0
    5    6    0
    6    6    0
    7    6    0
    8    6    0
    9    6    0
   10    6    0
   11    1    0
   12    1    0
   13    1    0
   14    1    0
   15    1    0
   16    1    0
   17    1    0
   18    6    0
   19    6    0
   20    6    0
   21    6    0
   22    8    0
   23    8   22
   24    1    0
   25    1    0
   26    1    0
   27    1    0
   28    1    0
   29    1    0

 Reading input for molecule   2 weight:     1.000
napthyl 1-                                                                      

 Total charge (ich):-99
 Number of centers: 29
   30    6    0
   31    6    0
   32    6    0
   33    6    0
   34    6    0
   35    6    0
   36    6    0
   37    6    0
   38    6    0
   39    6    0
   40    1    0
   41    1    0
   42    1    0
   43    1    0
   44    1    0
   45    1    0
   46    1    0
   47    6    0
   48    6    0
   49    6    0
   50    6    0
   51    8    0
   52    8   22
   53    1    0
   54    1    0
   55    1    0
   56    1    0
   57    1    0
   58    1    0
    1   19    1   20    1   21    1   22    1   23    1   24    1   25    1   26
    1   27    2   20    2   25    2   26    2   27
 --------------------------------
 reading mult_mol constraint info
 --------------------------------
    1    1    2    1
    1    2    2    2
    1    3    2    3
    1    4    2    4
    1    5    2    5
    1    6    2    6
    1    7    2    7
    1    8    2    8
    1    9    2    9
    1   10    2   10
    1   11    2   11
    1   12    2   12
    1   13    2   13
    1   14    2   14
    1   15    2   15
    1   16    2   16
    1   17    2   17
    1   18    2   18
    1   19    2   19
    1   20    2   20
    1   21    2   21
    1   22    2   22
    1   23    2   23
    1   24    2   24
    1   25    2   25
    1   26    2   26
    1   27    2   27
    1   28    2   28
    1   29    2   29

  --------------------
     Atom   Ivary
  --------------------
    6    0
    6    0
    6    0
    6    0
    6    0
    6    0
    6    0
    6    0
    6    0
    6    0
    1    0
    1    0
    1    0
    1    0
    1    0
    1    0
    1    0
    6    0
    6    0
    6    0
    6    0
    8    0
    8   22
    1    0
    1    0
    1    0
    1    0
    1    0
    1    0

    6    1
    6    2
    6    3
    6    4
    6    5
    6    6
    6    7
    6    8
    6    9
    6   10
    1   11
    1   12
    1   13
    1   14
    1   15
    1   16
    1   17
    6   18
    6   19
    6   20
    6   21
    8   22
    8   22
    1   24
    1   25
    1   26
    1   27
    1   28
    1   29

  ----------------------------------------------------------------------------


 Total number of atoms      =   58
 Weight factor on initial charge restraints=   .000500


 There are  1 charge constraints

 Reading esp"s for molecule   1
 total number of atoms      =    29
 total number of esp points =  1250


 center     X       Y       Z 
    1   -.3419687E+00   -.3824524E+00   -.2237947E+00
    2   -.3013712E+01   -.6673325E+00   -.1723714E+00
    3   -.4165565E+01   -.3077458E+01   -.4524195E+00
    4   -.6721855E+01   -.3333760E+01   -.4098062E+00
    5   -.8287157E+01   -.1187678E+01   -.8210485E-01
    6   -.7238009E+01    .1140936E+01    .1954544E+00
    7   -.4575025E+01    .1461685E+01    .1597745E+00
    8   -.3399745E+01    .3855950E+01    .4476177E+00
    9   -.8446266E+00    .4066490E+01    .3929725E+00
   10    .7609892E+00    .1930588E+01    .4866614E-01
   11    .8094966E+00   -.2040348E+01   -.4575425E+00
   12   -.2963674E+01   -.4699178E+01   -.6925735E+00
   13   -.7569862E+01   -.5170336E+01   -.6211664E+00
   14   -.1030889E+02   -.1412886E+01   -.5101884E-01
   15   -.8420823E+01    .2778503E+01    .4495849E+00
   16   -.4564930E+01    .5505723E+01    .7057374E+00
   17    .1307880E-01    .5900226E+01    .6115647E+00
   18    .3599491E+01    .2357425E+01    .2707223E-01
   19    .5232699E+01    .2557821E+00   -.1128547E+01
   20    .7884626E+01    .1281233E+01   -.1675628E+01
   21    .5457495E+01   -.2069423E+01    .6742715E+00
   22    .4685351E+01   -.4102021E+01   -.1799001E+00
   23    .6398197E+01   -.1602800E+01    .2754058E+01
   24    .4390376E+01   -.3691619E+00   -.2892971E+01
   25    .9068506E+01   -.1830843E+00   -.2495930E+01
   26    .8774043E+01    .1900774E+01    .6234020E-01
   27    .7835869E+01    .2863310E+01   -.2994926E+01
   28    .4242550E+01    .2648473E+01    .1954913E+01
   29    .3940033E+01    .4124677E+01   -.9782360E+00

 Reading esp"s for molecule   2
 total number of atoms      =    29
 total number of esp points =  1250


 center     X       Y       Z 
    1   -.3419687E+00   -.3824524E+00   -.2237947E+00
    2   -.3013712E+01   -.6673325E+00   -.1723714E+00
    3   -.4165565E+01   -.3077458E+01   -.4524195E+00
    4   -.6721855E+01   -.3333760E+01   -.4098062E+00
    5   -.8287157E+01   -.1187678E+01   -.8210485E-01
    6   -.7238009E+01    .1140936E+01    .1954544E+00
    7   -.4575025E+01    .1461685E+01    .1597745E+00
    8   -.3399745E+01    .3855950E+01    .4476177E+00
    9   -.8446266E+00    .4066490E+01    .3929725E+00
   10    .7609892E+00    .1930588E+01    .4866614E-01
   11    .8094966E+00   -.2040348E+01   -.4575425E+00
   12   -.2963674E+01   -.4699178E+01   -.6925735E+00
   13   -.7569862E+01   -.5170336E+01   -.6211664E+00
   14   -.1030889E+02   -.1412886E+01   -.5101884E-01
   15   -.8420823E+01    .2778503E+01    .4495849E+00
   16   -.4564930E+01    .5505723E+01    .7057374E+00
   17    .1307880E-01    .5900226E+01    .6115647E+00
   18    .3599491E+01    .2357425E+01    .2707223E-01
   19    .5232699E+01    .2557821E+00   -.1128547E+01
   20    .7884626E+01    .1281233E+01   -.1675628E+01
   21    .5457495E+01   -.2069423E+01    .6742715E+00
   22    .4685351E+01   -.4102021E+01   -.1799001E+00
   23    .6398197E+01   -.1602800E+01    .2754058E+01
   24    .4390376E+01   -.3691619E+00   -.2892971E+01
   25    .9068506E+01   -.1830843E+00   -.2495930E+01
   26    .8774043E+01    .1900774E+01    .6234020E-01
   27    .7835869E+01    .2863310E+01   -.2994926E+01
   28    .4242550E+01    .2648473E+01    .1954913E+01
   29    .3940033E+01    .4124677E+01   -.9782360E+00
 Initial ssvpot =    32.878


 Number of unique UNfrozen centers=   28

 Non-linear optimization requested.
 qchnge =     .3959405180E-01
 qchnge =     .4276542093E-02
 qchnge =     .8993303153E-03
 qchnge =     .2527852579E-03
 qchnge =     .8360136138E-04
 qchnge =     .3404031542E-04
 qchnge =     .1650586693E-04
 qchnge =     .8711554322E-05

 Convergence in    7 iterations



napthyl 1-                                                                      

          Point Charges Before & After Optimization

    no.  At.no.    q(init)       q(opt)     ivary    d(rstr)/dq
    1   6        .000000       -.153631      0        .002727
    2   6        .000000        .099332      0        .003544
    3   6        .000000       -.187988      0        .002347
    4   6        .000000       -.183012      0        .002399
    5   6        .000000       -.148031      0        .002798
    6   6        .000000       -.231060      0        .001987
    7   6        .000000        .167982      0        .002559
    8   6        .000000       -.309791      0        .001536
    9   6        .000000       -.131910      0        .003020
   10   6        .000000       -.017340      0        .004927
   11   1        .000000        .124031      0        .000000
   12   1        .000000        .158246      0        .000000
   13   1        .000000        .130109      0        .000000
   14   1        .000000        .122727      0        .000000
   15   1        .000000        .128800      0        .000000
   16   1        .000000        .150135      0        .000000
   17   1        .000000        .114259      0        .000000
   18   6        .000000        .028378      0        .004810
   19   6        .000000        .126015      0        .003108
   20   6        .000000       -.209646      0        .002153
   21   6        .000000        .773653      0        .000641
   22   8        .000000       -.791728      0        .000627
   23   8        .000000       -.791728     22        .000627
   24   1        .000000       -.069848      0        .000000
   25   1        .000000        .048203      0        .000000
   26   1        .000000        .034915      0        .000000
   27   1        .000000        .003347      0        .000000
   28   1        .000000        .032595      0        .000000
   29   1        .000000       -.014369      0        .000000

   30   6        .000000       -.153631      1        .002727
   31   6        .000000        .099332      2        .003544
   32   6        .000000       -.187988      3        .002347
   33   6        .000000       -.183012      4        .002399
   34   6        .000000       -.148031      5        .002798
   35   6        .000000       -.231060      6        .001987
   36   6        .000000        .167982      7        .002559
   37   6        .000000       -.309791      8        .001536
   38   6        .000000       -.131910      9        .003020
   39   6        .000000       -.017340     10        .004927
   40   1        .000000        .124031     11        .000000
   41   1        .000000        .158246     12        .000000
   42   1        .000000        .130109     13        .000000
   43   1        .000000        .122727     14        .000000
   44   1        .000000        .128800     15        .000000
   45   1        .000000        .150135     16        .000000
   46   1        .000000        .114259     17        .000000
   47   6        .000000        .028378     18        .004810
   48   6        .000000        .126015     19        .003108
   49   6        .000000       -.209646     20        .002153
   50   6        .000000        .773653     21        .000641
   51   8        .000000       -.791728     22        .000627
   52   8        .000000       -.791728     22        .000627
   53   1        .000000       -.069848     24        .000000
   54   1        .000000        .048203     25        .000000
   55   1        .000000        .034915     26        .000000
   56   1        .000000        .003347     27        .000000
   57   1        .000000        .032595     28        .000000
   58   1        .000000       -.014369     29        .000000

 Sum over the calculated charges:     -1.995

        Statistics of the fitting:
  The initial sum of squares (ssvpot)                     32.878
  The residual sum of squares (chipot)                      .005
  The std err of estimate (sqrt(chipot/N))                .00208
  ESP relative RMS (SQRT(chipot/ssvpot))                  .01283
