
 -----------------------------------------------
      Restrained ESP Fit 2.3  Amber 4.1
 -----------------------------------------------
 resp-charges for bis-napthyl                                                    
 -----------------------------------------------


 inopt       =     0   ioutopt     =     0
 nmol        =     2   iqopt       =     2
 ihfree      =     1   irstrnt     =     1
 iunits      =     0   qwt         =    .00100000

 %RESP-I-MULT_MOL,  multiple-molecule run of   2 molecules

 Reading input for molecule   1 weight:     1.000
napthyl 1-                                                                      

 Total charge (ich):-99
 Number of centers: 29
    1    6   -1
    2    6   -1
    3    6   -1
    4    6   -1
    5    6   -1
    6    6   -1
    7    6   -1
    8    6   -1
    9    6   -1
   10    6   -1
   11    1   -1
   12    1   -1
   13    1   -1
   14    1   -1
   15    1   -1
   16    1   -1
   17    1   -1
   18    6    0
   19    6   -1
   20    6   -1
   21    6   -1
   22    8   -1
   23    8   -1
   24    1   -1
   25    1   -1
   26    1   -1
   27    1   -1
   28    1    0
   29    1   28

 Reading input for molecule   2 weight:     1.000
napthyl 1-                                                                      

 Total charge (ich):-99
 Number of centers: 29
   30    6   -1
   31    6   -1
   32    6   -1
   33    6   -1
   34    6   -1
   35    6   -1
   36    6   -1
   37    6   -1
   38    6   -1
   39    6   -1
   40    1   -1
   41    1   -1
   42    1   -1
   43    1   -1
   44    1   -1
   45    1   -1
   46    1   -1
   47    6    0
   48    6   -1
   49    6   -1
   50    6   -1
   51    8   -1
   52    8   -1
   53    1   -1
   54    1   -1
   55    1   -1
   56    1   -1
   57    1    0
   58    1   28
  since IQOPT=1,  58 new q0 values
  will be read in from file ESP.Q0 (unit 3)
 --------------------------------
 reading mult_mol constraint info
 --------------------------------
    1   18    2   18
    1   28    2   28

  --------------------
     Atom   Ivary
  --------------------
    6   -1
    6   -1
    6   -1
    6   -1
    6   -1
    6   -1
    6   -1
    6   -1
    6   -1
    6   -1
    1   -1
    1   -1
    1   -1
    1   -1
    1   -1
    1   -1
    1   -1
    6    0
    6   -1
    6   -1
    6   -1
    8   -1
    8   -1
    1   -1
    1   -1
    1   -1
    1   -1
    1    0
    1   28

    6   -1
    6   -1
    6   -1
    6   -1
    6   -1
    6   -1
    6   -1
    6   -1
    6   -1
    6   -1
    1   -1
    1   -1
    1   -1
    1   -1
    1   -1
    1   -1
    1   -1
    6   18
    6   -1
    6   -1
    6   -1
    8   -1
    8   -1
    1   -1
    1   -1
    1   -1
    1   -1
    1   28
    1   28

  ----------------------------------------------------------------------------


 Total number of atoms      =   58
 Weight factor on initial charge restraints=   .001000


 There are  0 charge constraints

 Reading esp"s for molecule   1
 total number of atoms      =    29
 total number of esp points =  1250


 center     X       Y       Z 
    1   -.3419687E+00   -.3824524E+00   -.2237947E+00
    2   -.3013712E+01   -.6673325E+00   -.1723714E+00
    3   -.4165565E+01   -.3077458E+01   -.4524195E+00
    4   -.6721855E+01   -.3333760E+01   -.4098062E+00
    5   -.8287157E+01   -.1187678E+01   -.8210485E-01
    6   -.7238009E+01    .1140936E+01    .1954544E+00
    7   -.4575025E+01    .1461685E+01    .1597745E+00
    8   -.3399745E+01    .3855950E+01    .4476177E+00
    9   -.8446266E+00    .4066490E+01    .3929725E+00
   10    .7609892E+00    .1930588E+01    .4866614E-01
   11    .8094966E+00   -.2040348E+01   -.4575425E+00
   12   -.2963674E+01   -.4699178E+01   -.6925735E+00
   13   -.7569862E+01   -.5170336E+01   -.6211664E+00
   14   -.1030889E+02   -.1412886E+01   -.5101884E-01
   15   -.8420823E+01    .2778503E+01    .4495849E+00
   16   -.4564930E+01    .5505723E+01    .7057374E+00
   17    .1307880E-01    .5900226E+01    .6115647E+00
   18    .3599491E+01    .2357425E+01    .2707223E-01
   19    .5232699E+01    .2557821E+00   -.1128547E+01
   20    .7884626E+01    .1281233E+01   -.1675628E+01
   21    .5457495E+01   -.2069423E+01    .6742715E+00
   22    .4685351E+01   -.4102021E+01   -.1799001E+00
   23    .6398197E+01   -.1602800E+01    .2754058E+01
   24    .4390376E+01   -.3691619E+00   -.2892971E+01
   25    .9068506E+01   -.1830843E+00   -.2495930E+01
   26    .8774043E+01    .1900774E+01    .6234020E-01
   27    .7835869E+01    .2863310E+01   -.2994926E+01
   28    .4242550E+01    .2648473E+01    .1954913E+01
   29    .3940033E+01    .4124677E+01   -.9782360E+00

 Reading esp"s for molecule   2
 total number of atoms      =    29
 total number of esp points =  1250


 center     X       Y       Z 
    1   -.3419687E+00   -.3824524E+00   -.2237947E+00
    2   -.3013712E+01   -.6673325E+00   -.1723714E+00
    3   -.4165565E+01   -.3077458E+01   -.4524195E+00
    4   -.6721855E+01   -.3333760E+01   -.4098062E+00
    5   -.8287157E+01   -.1187678E+01   -.8210485E-01
    6   -.7238009E+01    .1140936E+01    .1954544E+00
    7   -.4575025E+01    .1461685E+01    .1597745E+00
    8   -.3399745E+01    .3855950E+01    .4476177E+00
    9   -.8446266E+00    .4066490E+01    .3929725E+00
   10    .7609892E+00    .1930588E+01    .4866614E-01
   11    .8094966E+00   -.2040348E+01   -.4575425E+00
   12   -.2963674E+01   -.4699178E+01   -.6925735E+00
   13   -.7569862E+01   -.5170336E+01   -.6211664E+00
   14   -.1030889E+02   -.1412886E+01   -.5101884E-01
   15   -.8420823E+01    .2778503E+01    .4495849E+00
   16   -.4564930E+01    .5505723E+01    .7057374E+00
   17    .1307880E-01    .5900226E+01    .6115647E+00
   18    .3599491E+01    .2357425E+01    .2707223E-01
   19    .5232699E+01    .2557821E+00   -.1128547E+01
   20    .7884626E+01    .1281233E+01   -.1675628E+01
   21    .5457495E+01   -.2069423E+01    .6742715E+00
   22    .4685351E+01   -.4102021E+01   -.1799001E+00
   23    .6398197E+01   -.1602800E+01    .2754058E+01
   24    .4390376E+01   -.3691619E+00   -.2892971E+01
   25    .9068506E+01   -.1830843E+00   -.2495930E+01
   26    .8774043E+01    .1900774E+01    .6234020E-01
   27    .7835869E+01    .2863310E+01   -.2994926E+01
   28    .4242550E+01    .2648473E+01    .1954913E+01
   29    .3940033E+01    .4124677E+01   -.9782360E+00
 Initial ssvpot =    32.878


 Number of unique UNfrozen centers=    2

 Non-linear optimization requested.
 qchnge =     .3750100715E-01
 qchnge =     .3838478074E-04
 qchnge =     .1096120078E-06

 Convergence in    2 iterations



napthyl 1-                                                                      

          Point Charges Before & After Optimization

    no.  At.no.    q(init)       q(opt)     ivary    d(rstr)/dq
    1   6       -.153631       -.153631     -1        .005455
    2   6        .099332        .099332     -1        .007095
    3   6       -.187988       -.187988     -1        .004696
    4   6       -.183012       -.183012     -1        .004795
    5   6       -.148031       -.148031     -1        .005598
    6   6       -.231060       -.231060     -1        .003972
    7   6        .167982        .167982     -1        .005115
    8   6       -.309791       -.309791     -1        .003072
    9   6       -.131910       -.131910     -1        .006041
   10   6       -.017340       -.017340     -1        .009853
   11   1        .124031        .124031     -1        .000000
   12   1        .158246        .158246     -1        .000000
   13   1        .130109        .130109     -1        .000000
   14   1        .122727        .122727     -1        .000000
   15   1        .128800        .128800     -1        .000000
   16   1        .150135        .150135     -1        .000000
   17   1        .114259        .114259     -1        .000000
   18   6        .028378        .024295      0        .009717
   19   6        .126015        .126015     -1        .006216
   20   6       -.209646       -.209646     -1        .004305
   21   6        .773653        .773653     -1        .001282
   22   8       -.791728       -.791728     -1        .001253
   23   8       -.791728       -.791728     -1        .001253
   24   1       -.069848       -.069848     -1        .000000
   25   1        .048203        .048203     -1        .000000
   26   1        .034915        .034915     -1        .000000
   27   1        .003347        .003347     -1        .000000
   28   1        .032595        .011151      0        .000000
   29   1       -.014369        .011151     28        .000000

   30   6       -.153631       -.153631     -1        .005455
   31   6        .099332        .099332     -1        .007095
   32   6       -.187988       -.187988     -1        .004696
   33   6       -.183012       -.183012     -1        .004795
   34   6       -.148031       -.148031     -1        .005598
   35   6       -.231060       -.231060     -1        .003972
   36   6        .167982        .167982     -1        .005115
   37   6       -.309791       -.309791     -1        .003072
   38   6       -.131910       -.131910     -1        .006041
   39   6       -.017340       -.017340     -1        .009853
   40   1        .124031        .124031     -1        .000000
   41   1        .158246        .158246     -1        .000000
   42   1        .130109        .130109     -1        .000000
   43   1        .122727        .122727     -1        .000000
   44   1        .128800        .128800     -1        .000000
   45   1        .150135        .150135     -1        .000000
   46   1        .114259        .114259     -1        .000000
   47   6        .028378        .024295     18        .009717
   48   6        .126015        .126015     -1        .006216
   49   6       -.209646       -.209646     -1        .004305
   50   6        .773653        .773653     -1        .001282
   51   8       -.791728       -.791728     -1        .001253
   52   8       -.791728       -.791728     -1        .001253
   53   1       -.069848       -.069848     -1        .000000
   54   1        .048203        .048203     -1        .000000
   55   1        .034915        .034915     -1        .000000
   56   1        .003347        .003347     -1        .000000
   57   1        .032595        .011151     28        .000000
   58   1       -.014369        .011151     28        .000000

 Sum over the calculated charges:     -1.995

        Statistics of the fitting:
  The initial sum of squares (ssvpot)                     32.878
  The residual sum of squares (chipot)                      .007
  The std err of estimate (sqrt(chipot/N))                .00241
  ESP relative RMS (SQRT(chipot/ssvpot))                  .01484
