
 -----------------------------------------------
      Restrained ESP Fit 2.3  Amber 4.1
 -----------------------------------------------
 resp-charges for adenine                                                        
 -----------------------------------------------


 inopt       =     0   ioutopt     =     0
 nmol        =     2   iqopt       =     2
 ihfree      =     1   irstrnt     =     1
 iunits      =     0   qwt         =    .00100000

 %RESP-I-MULT_MOL,  multiple-molecule run of   2 molecules

 Reading input for molecule   1 weight:     1.000
adenine 1-                                                                      

 Total charge (ich): -1
 Number of centers: 26
    1    6   -1
    2    7   -1
    3    6   -1
    4    6   -1
    5    7   -1
    6    6   -1
    7    7   -1
    8    6   -1
    9    7   -1
   10    7   -1
   11    1   -1
   12    1   -1
   13    1   -1
   14    1   -1
   15    6    0
   16    6   -1
   17    6   -1
   18    8   -1
   19    8   -1
   20    6   -1
   21    1    0
   22    1   22
   23    1   -1
   24    1   -1
   25    1   -1
   26    1   -1

 Reading input for molecule   2 weight:     1.000
adenine 1-                                                                      

 Total charge (ich): -1
 Number of centers: 26
   27    6   -1
   28    7   -1
   29    6   -1
   30    6   -1
   31    7   -1
   32    6   -1
   33    7   -1
   34    6   -1
   35    7   -1
   36    7   -1
   37    1   -1
   38    1   -1
   39    1   -1
   40    1   -1
   41    6    0
   42    6   -1
   43    6   -1
   44    8   -1
   45    8   -1
   46    6   -1
   47    1    0
   48    1   22
   49    1   -1
   50    1   -1
   51    1   -1
   52    1   -1
  since IQOPT=1,  52 new q0 values
  will be read in from file ESP.Q0 (unit 3)
 --------------------------------
 reading mult_mol constraint info
 --------------------------------
    1   15    2   15
    1   22    2   22

  --------------------
     Atom   Ivary
  --------------------
    6   -1
    7   -1
    6   -1
    6   -1
    7   -1
    6   -1
    7   -1
    6   -1
    7   -1
    7   -1
    1   -1
    1   -1
    1   -1
    1   -1
    6    0
    6   -1
    6   -1
    8   -1
    8   -1
    6   -1
    1    0
    1   22
    1   -1
    1   -1
    1   -1
    1   -1

    6   -1
    7   -1
    6   -1
    6   -1
    7   -1
    6   -1
    7   -1
    6   -1
    7   -1
    7   -1
    1   -1
    1   -1
    1   -1
    1   -1
    6   15
    6   -1
    6   -1
    8   -1
    8   -1
    6   -1
    1    0
    1   22
    1   -1
    1   -1
    1   -1
    1   -1

  ----------------------------------------------------------------------------


 Total number of atoms      =   52
 Weight factor on initial charge restraints=   .001000


 There are  2 charge constraints

 Reading esp"s for molecule   1
 total number of atoms      =    26
 total number of esp points =  1234


 center     X       Y       Z 
    1   -.6170850E+00   -.3334047E+01   -.4790233E+00
    2   -.2986864E+01   -.3605327E+01    .3585275E-02
    3   -.3896168E+01   -.1166148E+01   -.8337283E-01
    4   -.6288794E+01   -.1312812E+00    .2865524E+00
    5   -.6590263E+01    .2345822E+01    .1099928E+00
    6   -.4568742E+01    .3740814E+01   -.4467665E+00
    7   -.2241603E+01    .3011803E+01   -.8429599E+00
    8   -.1970164E+01    .5161784E+00   -.6297253E+00
    9    .1448670E+00   -.9087457E+00   -.8854342E+00
   10   -.8350616E+01   -.1594795E+01    .7767125E+00
   11    .7156642E+00   -.4854697E+01   -.5743764E+00
   12   -.8008172E+01   -.3325160E+01    .1431143E+01
   13   -.9814821E+01   -.6950160E+00    .1540961E+01
   14   -.4914911E+01    .5740041E+01   -.5799934E+00
   15    .2743957E+01   -.7886997E-01   -.1472212E+01
   16    .4583934E+01   -.4277881E+00    .7246131E+00
   17    .7368217E+01    .4825258E-01   -.1672729E+00
   18    .7657076E+01    .2819744E+00   -.2469210E+01
   19    .8939415E+01    .9043558E-01    .1544074E+01
   20    .3912409E+01    .1199398E+01    .3014210E+01
   21    .3395035E+01   -.1122026E+01   -.3095868E+01
   22    .2614497E+01    .1882712E+01   -.2013523E+01
   23    .4520910E+01   -.2403145E+01    .1314918E+01
   24    .2054855E+01    .7496805E+00    .3776243E+01
   25    .3915149E+01    .3193234E+01    .2515479E+01
   26    .5315810E+01    .9147488E+00    .4470807E+01

 Reading esp"s for molecule   2
 total number of atoms      =    26
 total number of esp points =  1234


 center     X       Y       Z 
    1   -.6170850E+00   -.3334047E+01   -.4790233E+00
    2   -.2986864E+01   -.3605327E+01    .3585275E-02
    3   -.3896168E+01   -.1166148E+01   -.8337283E-01
    4   -.6288794E+01   -.1312812E+00    .2865524E+00
    5   -.6590263E+01    .2345822E+01    .1099928E+00
    6   -.4568742E+01    .3740814E+01   -.4467665E+00
    7   -.2241603E+01    .3011803E+01   -.8429599E+00
    8   -.1970164E+01    .5161784E+00   -.6297253E+00
    9    .1448670E+00   -.9087457E+00   -.8854342E+00
   10   -.8350616E+01   -.1594795E+01    .7767125E+00
   11    .7156642E+00   -.4854697E+01   -.5743764E+00
   12   -.8008172E+01   -.3325160E+01    .1431143E+01
   13   -.9814821E+01   -.6950160E+00    .1540961E+01
   14   -.4914911E+01    .5740041E+01   -.5799934E+00
   15    .2743957E+01   -.7886997E-01   -.1472212E+01
   16    .4583934E+01   -.4277881E+00    .7246131E+00
   17    .7368217E+01    .4825258E-01   -.1672729E+00
   18    .7657076E+01    .2819744E+00   -.2469210E+01
   19    .8939415E+01    .9043558E-01    .1544074E+01
   20    .3912409E+01    .1199398E+01    .3014210E+01
   21    .3395035E+01   -.1122026E+01   -.3095868E+01
   22    .2614497E+01    .1882712E+01   -.2013523E+01
   23    .4520910E+01   -.2403145E+01    .1314918E+01
   24    .2054855E+01    .7496805E+00    .3776243E+01
   25    .3915149E+01    .3193234E+01    .2515479E+01
   26    .5315810E+01    .9147488E+00    .4470807E+01
 Initial ssvpot =    30.855


 Number of unique UNfrozen centers=    3

 Non-linear optimization requested.
 qchnge =     .6363217054E-01
 qchnge =     .3718336943E-04
 qchnge =     .1708616841E-06

 Convergence in    2 iterations



adenine 1-                                                                      

          Point Charges Before & After Optimization

    no.  At.no.    q(init)       q(opt)     ivary    d(rstr)/dq
    1   6        .162839        .162839     -1        .005233
    2   7       -.627306       -.627306     -1        .001574
    3   6        .074532        .074532     -1        .008018
    4   6        .680453        .680453     -1        .001454
    5   7       -.770971       -.770971     -1        .001286
    6   6        .575873        .575873     -1        .001711
    7   7       -.686068       -.686068     -1        .001442
    8   6        .327760        .327760     -1        .002918
    9   7       -.043935       -.043935     -1        .009155
   10   7       -.913011       -.913011     -1        .001089
   11   1        .152801        .152801     -1        .000000
   12   1        .387131        .387131     -1        .000000
   13   1        .387131        .387131     -1        .000000
   14   1        .031473        .031473     -1        .000000
   15   6        .074990        .074511      0        .008019
   16   6        .174172        .174172     -1        .004979
   17   6        .726199        .726199     -1        .001364
   18   8       -.777719       -.777719     -1        .001275
   19   8       -.777719       -.777719     -1        .001275
   20   6       -.355941       -.355941     -1        .002705
   21   1       -.010657       -.010175      0        .000000
   22   1        .052064        .052064     22        .000000
   23   1       -.055137       -.055137     -1        .000000
   24   1        .040341        .040341     -1        .000000
   25   1        .077594        .077594     -1        .000000
   26   1        .093108        .093108     -1        .000000

   27   6        .162839        .162839     -1        .005233
   28   7       -.627306       -.627306     -1        .001574
   29   6        .074532        .074532     -1        .008018
   30   6        .680453        .680453     -1        .001454
   31   7       -.770971       -.770971     -1        .001286
   32   6        .575873        .575873     -1        .001711
   33   7       -.686068       -.686068     -1        .001442
   34   6        .327760        .327760     -1        .002918
   35   7       -.043935       -.043935     -1        .009155
   36   7       -.913011       -.913011     -1        .001089
   37   1        .152801        .152801     -1        .000000
   38   1        .387131        .387131     -1        .000000
   39   1        .387131        .387131     -1        .000000
   40   1        .031473        .031473     -1        .000000
   41   6        .074990        .074511     15        .008019
   42   6        .174172        .174172     -1        .004979
   43   6        .726199        .726199     -1        .001364
   44   8       -.777719       -.777719     -1        .001275
   45   8       -.777719       -.777719     -1        .001275
   46   6       -.355941       -.355941     -1        .002705
   47   1       -.010657       -.010175      0        .000000
   48   1        .052064        .052064     22        .000000
   49   1       -.055137       -.055137     -1        .000000
   50   1        .040341        .040341     -1        .000000
   51   1        .077594        .077594     -1        .000000
   52   1        .093108        .093108     -1        .000000

 Sum over the calculated charges:     -2.000

        Statistics of the fitting:
  The initial sum of squares (ssvpot)                     30.855
  The residual sum of squares (chipot)                      .008
  The std err of estimate (sqrt(chipot/N))                .00250
  ESP relative RMS (SQRT(chipot/ssvpot))                  .01583
