
 -----------------------------------------------
      Restrained ESP Fit 2.3  Amber 4.1
 -----------------------------------------------
 resp-charges for bis-adenine                                                    
 -----------------------------------------------


 inopt       =     0   ioutopt     =     1
 nmol        =     2   iqopt       =     0
 ihfree      =     1   irstrnt     =     1
 iunits      =     0   qwt         =    .00050000

 %RESP-I-MULT_MOL,  multiple-molecule run of   2 molecules

 Reading input for molecule   1 weight:     1.000
adenine 1-                                                                      

 Total charge (ich): -1
 Number of centers: 26
    1    6    0
    2    7    0
    3    6    0
    4    6    0
    5    7    0
    6    6    0
    7    7    0
    8    6    0
    9    7    0
   10    7    0
   11    1    0
   12    1    0
   13    1   12
   14    1    0
   15    6    0
   16    6    0
   17    6    0
   18    8    0
   19    8   18
   20    6    0
   21    1    0
   22    1    0
   23    1    0
   24    1    0
   25    1    0
   26    1    0

 Reading input for molecule   2 weight:     1.000
adenine 1-                                                                      

 Total charge (ich): -1
 Number of centers: 26
   27    6    0
   28    7    0
   29    6    0
   30    6    0
   31    7    0
   32    6    0
   33    7    0
   34    6    0
   35    7    0
   36    7    0
   37    1    0
   38    1    0
   39    1   12
   40    1    0
   41    6    0
   42    6    0
   43    6    0
   44    8    0
   45    8   18
   46    6    0
   47    1    0
   48    1    0
   49    1    0
   50    1    0
   51    1    0
   52    1    0
    1   16    1   17    1   18    1   19    1   20    1   23    1   24    1   25
    1   26    2   20    2   24    2   25    2   26
 --------------------------------
 reading mult_mol constraint info
 --------------------------------
    1    1    2    1
    1    2    2    2
    1    3    2    3
    1    4    2    4
    1    5    2    5
    1    6    2    6
    1    7    2    7
    1    8    2    8
    1    9    2    9
    1   10    2   10
    1   11    2   11
    1   12    2   12
    1   13    2   13
    1   14    2   14
    1   15    2   15
    1   16    2   16
    1   17    2   17
    1   18    2   18
    1   19    2   19
    1   20    2   20
    1   21    2   21
    1   22    2   22
    1   23    2   23

  --------------------
     Atom   Ivary
  --------------------
    6    0
    7    0
    6    0
    6    0
    7    0
    6    0
    7    0
    6    0
    7    0
    7    0
    1    0
    1    0
    1   12
    1    0
    6    0
    6    0
    6    0
    8    0
    8   18
    6    0
    1    0
    1    0
    1    0
    1    0
    1    0
    1    0

    6    1
    7    2
    6    3
    6    4
    7    5
    6    6
    7    7
    6    8
    7    9
    7   10
    1   11
    1   12
    1   12
    1   14
    6   15
    6   16
    6   17
    8   18
    8   18
    6   20
    1   21
    1   22
    1   23
    1    0
    1    0
    1    0

  ----------------------------------------------------------------------------


 Total number of atoms      =   52
 Weight factor on initial charge restraints=   .000500


 There are  3 charge constraints

 Reading esp"s for molecule   1
 total number of atoms      =    26
 total number of esp points =  1234


 center     X       Y       Z 
    1   -.6170850E+00   -.3334047E+01   -.4790233E+00
    2   -.2986864E+01   -.3605327E+01    .3585275E-02
    3   -.3896168E+01   -.1166148E+01   -.8337283E-01
    4   -.6288794E+01   -.1312812E+00    .2865524E+00
    5   -.6590263E+01    .2345822E+01    .1099928E+00
    6   -.4568742E+01    .3740814E+01   -.4467665E+00
    7   -.2241603E+01    .3011803E+01   -.8429599E+00
    8   -.1970164E+01    .5161784E+00   -.6297253E+00
    9    .1448670E+00   -.9087457E+00   -.8854342E+00
   10   -.8350616E+01   -.1594795E+01    .7767125E+00
   11    .7156642E+00   -.4854697E+01   -.5743764E+00
   12   -.8008172E+01   -.3325160E+01    .1431143E+01
   13   -.9814821E+01   -.6950160E+00    .1540961E+01
   14   -.4914911E+01    .5740041E+01   -.5799934E+00
   15    .2743957E+01   -.7886997E-01   -.1472212E+01
   16    .4583934E+01   -.4277881E+00    .7246131E+00
   17    .7368217E+01    .4825258E-01   -.1672729E+00
   18    .7657076E+01    .2819744E+00   -.2469210E+01
   19    .8939415E+01    .9043558E-01    .1544074E+01
   20    .3912409E+01    .1199398E+01    .3014210E+01
   21    .3395035E+01   -.1122026E+01   -.3095868E+01
   22    .2614497E+01    .1882712E+01   -.2013523E+01
   23    .4520910E+01   -.2403145E+01    .1314918E+01
   24    .2054855E+01    .7496805E+00    .3776243E+01
   25    .3915149E+01    .3193234E+01    .2515479E+01
   26    .5315810E+01    .9147488E+00    .4470807E+01

 Reading esp"s for molecule   2
 total number of atoms      =    26
 total number of esp points =  1234


 center     X       Y       Z 
    1   -.6170850E+00   -.3334047E+01   -.4790233E+00
    2   -.2986864E+01   -.3605327E+01    .3585275E-02
    3   -.3896168E+01   -.1166148E+01   -.8337283E-01
    4   -.6288794E+01   -.1312812E+00    .2865524E+00
    5   -.6590263E+01    .2345822E+01    .1099928E+00
    6   -.4568742E+01    .3740814E+01   -.4467665E+00
    7   -.2241603E+01    .3011803E+01   -.8429599E+00
    8   -.1970164E+01    .5161784E+00   -.6297253E+00
    9    .1448670E+00   -.9087457E+00   -.8854342E+00
   10   -.8350616E+01   -.1594795E+01    .7767125E+00
   11    .7156642E+00   -.4854697E+01   -.5743764E+00
   12   -.8008172E+01   -.3325160E+01    .1431143E+01
   13   -.9814821E+01   -.6950160E+00    .1540961E+01
   14   -.4914911E+01    .5740041E+01   -.5799934E+00
   15    .2743957E+01   -.7886997E-01   -.1472212E+01
   16    .4583934E+01   -.4277881E+00    .7246131E+00
   17    .7368217E+01    .4825258E-01   -.1672729E+00
   18    .7657076E+01    .2819744E+00   -.2469210E+01
   19    .8939415E+01    .9043558E-01    .1544074E+01
   20    .3912409E+01    .1199398E+01    .3014210E+01
   21    .3395035E+01   -.1122026E+01   -.3095868E+01
   22    .2614497E+01    .1882712E+01   -.2013523E+01
   23    .4520910E+01   -.2403145E+01    .1314918E+01
   24    .2054855E+01    .7496805E+00    .3776243E+01
   25    .3915149E+01    .3193234E+01    .2515479E+01
   26    .5315810E+01    .9147488E+00    .4470807E+01
 Initial ssvpot =    30.855


 Number of unique UNfrozen centers=   27

 Non-linear optimization requested.
 qchnge =     .6476081125E-01
 qchnge =     .3180693582E-02
 qchnge =     .6571766258E-03
 qchnge =     .1442199616E-03
 qchnge =     .3281942728E-04
 qchnge =     .7758920553E-05

 Convergence in    5 iterations



adenine 1-                                                                      

          Point Charges Before & After Optimization

    no.  At.no.    q(init)       q(opt)     ivary    d(rstr)/dq
    1   6        .000000        .162839      0        .002615
    2   7        .000000       -.627306      0        .000787
    3   6        .000000        .074532      0        .004011
    4   6        .000000        .680453      0        .000727
    5   7        .000000       -.770971      0        .000643
    6   6        .000000        .575873      0        .000855
    7   7        .000000       -.686068      0        .000721
    8   6        .000000        .327760      0        .001458
    9   7        .000000       -.043935      0        .004576
   10   7        .000000       -.913011      0        .000544
   11   1        .000000        .152801      0        .000000
   12   1        .000000        .387131      0        .000000
   13   1        .000000        .387131     12        .000000
   14   1        .000000        .031473      0        .000000
   15   6        .000000        .074990      0        .004000
   16   6        .000000        .174172      0        .002489
   17   6        .000000        .726199      0        .000682
   18   8        .000000       -.777719      0        .000638
   19   8        .000000       -.777719     18        .000638
   20   6        .000000       -.355941      0        .001352
   21   1        .000000       -.010657      0        .000000
   22   1        .000000        .052064      0        .000000
   23   1        .000000       -.055137      0        .000000
   24   1        .000000        .040341      0        .000000
   25   1        .000000        .077594      0        .000000
   26   1        .000000        .093108      0        .000000

   27   6        .000000        .162839      1        .002615
   28   7        .000000       -.627306      2        .000787
   29   6        .000000        .074532      3        .004011
   30   6        .000000        .680453      4        .000727
   31   7        .000000       -.770971      5        .000643
   32   6        .000000        .575873      6        .000855
   33   7        .000000       -.686068      7        .000721
   34   6        .000000        .327760      8        .001458
   35   7        .000000       -.043935      9        .004576
   36   7        .000000       -.913011     10        .000544
   37   1        .000000        .152801     11        .000000
   38   1        .000000        .387131     12        .000000
   39   1        .000000        .387131     12        .000000
   40   1        .000000        .031473     14        .000000
   41   6        .000000        .074990     15        .004000
   42   6        .000000        .174172     16        .002489
   43   6        .000000        .726199     17        .000682
   44   8        .000000       -.777719     18        .000638
   45   8        .000000       -.777719     18        .000638
   46   6        .000000       -.355941     20        .001352
   47   1        .000000       -.010657     21        .000000
   48   1        .000000        .052064     22        .000000
   49   1        .000000       -.055137     23        .000000
   50   1        .000000        .040341      0        .000000
   51   1        .000000        .077594      0        .000000
   52   1        .000000        .093108      0        .000000

 Sum over the calculated charges:     -2.000

        Statistics of the fitting:
  The initial sum of squares (ssvpot)                     30.855
  The residual sum of squares (chipot)                      .008
  The std err of estimate (sqrt(chipot/N))                .00250
  ESP relative RMS (SQRT(chipot/ssvpot))                  .01583
