
 -----------------------------------------------
      Restrained ESP Fit 2.3  Amber 4.1
 -----------------------------------------------
 resp for water                                                                  
 -----------------------------------------------


 inopt       =     0   ioutopt     =     0
 nmol        =     1   iqopt       =     0
 ihfree      =     1   irstrnt     =     1
 iunits      =     0   qwt         =    .00050000
 wtmol(1) =     1.000000
 subtitle:

water                                                                           
ich =   0  iuniq =   3
    1    8    0
    2    1    0
    3    1    0

  ----------------------------------------------------------------------------
     ATOM                       COORDINATES                         CHARGE
                       X             Y                Z
  ----------------------------------------------------------------------------
  ----------------------------------------------------------------------------


 Charge on the molecule(ich) =    0
 Total number of atoms (iuniq)     =    3
 Weight factor on initial charge restraints(qwt)=      .50000D-03


  there are  1 charge constraints:


     1       1
     2       1
     3       1

 Reading esp"s for molecule   1
 total number of atoms      =     3
 total number of esp points =   295


 center     X       Y       Z 
    1   -.9982123E-32    .0000000E+00    .2313846E+00
    2   -.2610123E-32    .1494187E+01   -.9255383E+00
    3   -.1829851E-15   -.1494187E+01   -.9255383E+00
 Initial ssvpot =      .085


 Number of unique UNfrozen centers=    3

 Non-linear optimization requested.
 qchnge =     .2322828598    
 qchnge =     .3224419385E-03
 qchnge =     .1028060720E-05

 Convergence in    2 iterations


water                                                                           

          Point Charges Before & After Optimization

    no.  At.no.    q(init)       q(opt)     ivary    d(rstr)/dq
    1   8        .000000       -.568182      0        .000867
    2   1        .000000        .284091      0        .000000
    3   1        .000000        .284091      0        .000000

 Sum over the calculated charges:       .000

        Statistics of the fitting:
  The initial sum of squares (ssvpot)                       .085
  The residual sum of squares (chipot)                      .000
  The std err of estimate (sqrt(chipot/N))                .00072
  ESP relative RMS (SQRT(chipot/ssvpot))                  .04242

 Center of Mass (Angst.):

 X  =    .00000      Y  =    .00000      Z  =    .00000

 Dipole (Debye):

 X  =    .00000      Y  =    .00000      Z  =  -1.67081

 Dipole Moment (Debye)=   1.67081

 Quadrupole (Debye*Angst.):

 Qxx =  -2.31996     QYY =   2.79869     QZZ =   -.47874
 Qxy =  -2.31996     QXZ =  -2.31996     QYZ =  -2.31996
