   0.0000    0.0000    0.0000
   2.5857    0.0000    0.0000
   1.2357    2.3080    0.0000
   1.1505    2.4548    1.3928
   1.2877    0.8012   -0.7465
  -0.3521   -1.2691   -0.4865
   3.8868    0.4082   -0.3262
   2.2051    3.4576    1.8715
  -1.7795   -1.5886   -0.0361
   4.8741   -0.6597    0.1501
   1.3084    0.8653   -2.1927
   2.0777    3.6927    3.3591
   6.2957   -0.2408   -0.1485
  -2.1887   -2.9659   -0.5067
   1.2712    1.4831    1.9100
   0.1307    2.8275    1.6057
   0.3606   -2.0125   -0.0794
  -0.2750   -1.2934   -1.5916
   4.0900    1.3770    0.1744
   3.9763    0.5659   -1.4192
   2.0990    4.4146    1.3234
   3.2228    3.0900    1.6284
  -2.4841   -0.8274   -0.4251
  -1.8556   -1.5239    1.0673
   4.6521   -1.6301   -0.3358
   4.7487   -0.8390    1.2362
   2.8285    4.4104    3.7136
   2.2159    2.7650    3.9305
   1.0903    4.0943    3.6233
   7.0123   -1.0007    0.1881
   6.5564    0.7002    0.3543
   6.4581   -0.0914   -1.2243
  -3.2110   -3.2062   -0.1884
  -1.5287   -3.7459   -0.1040
  -2.1590   -3.0469   -1.6016
