
 -----------------------------------------------
      Restrained ESP Fit 2.3  Amber 4.1
 -----------------------------------------------
 test for ethylene                                                               
 -----------------------------------------------


 inopt       =     0   ioutopt     =     0
 nmol        =     1   iqopt       =     2
 ihfree      =     1   irstrnt     =     1
 iunits      =     0   qwt         =    .00100000
 wtmol(1) =     1.000000
 subtitle:

ethylene                                                                        
ich =   0  iuniq =   6
    1    6  -99
    2    6  -99
    3    1    0
    4    1    3
    5    1    3
    6    1    3
 new q0 values to be read   6

  ----------------------------------------------------------------------------
     ATOM                       COORDINATES                         CHARGE
                       X             Y                Z
  ----------------------------------------------------------------------------
  ----------------------------------------------------------------------------


 Charge on the molecule(ich) =    0
 Total number of atoms (iuniq)     =    6
 Weight factor on initial charge restraints(qwt)=      .10000D-02


  there are  1 charge constraints:


     1       1
     2       1
     3       1
     4       1
     5       1
     6       1

 Reading esp"s for molecule   1
 total number of atoms      =     6
 total number of esp points =   452


 center     X       Y       Z 
    1    .0000000E+00    .0000000E+00    .1244167E+01
    2    .0000000E+00    .0000000E+00   -.1244167E+01
    3    .0000000E+00    .1727794E+01    .2315988E+01
    4    .0000000E+00   -.1727794E+01   -.2315988E+01
    5    .0000000E+00    .1727794E+01   -.2315988E+01
    6    .0000000E+00   -.1727794E+01    .2315988E+01
 Initial ssvpot =      .020


 Number of unique UNfrozen centers=    1

 Non-linear optimization requested.
 qchnge =     .9707711764E-01
 qchnge =     .0000000000E+00
 qchnge =     .0000000000E+00

 Convergence in    2 iterations


ethylene                                                                        

          Point Charges Before & After Optimization

    no.  At.no.    q(init)       q(opt)     ivary    d(rstr)/dq
    1   6       -.336285       -.336285    -99        .002850
    2   6       -.336285       -.336285    -99        .002850
    3   1        .168143        .168142      0        .000000
    4   1        .168143        .168142      3        .000000
    5   1        .168143        .168142      3        .000000
    6   1        .168143        .168142      3        .000000

 Sum over the calculated charges:       .000

        Statistics of the fitting:
  The initial sum of squares (ssvpot)                       .020
  The residual sum of squares (chipot)                      .001
  The std err of estimate (sqrt(chipot/N))                .00112
  ESP relative RMS (SQRT(chipot/ssvpot))                  .16618

 Center of Mass (Angst.):

 X  =    .00000      Y  =    .00000      Z  =    .00000

 Dipole (Debye):

 X  =    .00000      Y  =    .00000      Z  =    .00000

 Dipole Moment (Debye)=    .00000

 Quadrupole (Debye*Angst.):

 Qxx =  -6.15254     QYY =   1.94922     QZZ =   4.20333
 Qxy =  -6.15254     QXZ =  -6.15254     QYZ =  -6.15254
