
 -----------------------------------------------
      Restrained ESP Fit 2.3  Amber 4.1
 -----------------------------------------------
 test for ethylene                                                               
 -----------------------------------------------


 inopt       =     0   ioutopt     =     0
 nmol        =     1   iqopt       =     0
 ihfree      =     1   irstrnt     =     1
 iunits      =     0   qwt         =    .00050000
 wtmol(1) =     1.000000
 subtitle:

ethylene                                                                        
ich =   0  iuniq =   6
    1    6    0
    2    6    0
    3    1    0
    4    1    0
    5    1    0
    6    1    0

  ----------------------------------------------------------------------------
     ATOM                       COORDINATES                         CHARGE
                       X             Y                Z
  ----------------------------------------------------------------------------
  ----------------------------------------------------------------------------


 Charge on the molecule(ich) =    0
 Total number of atoms (iuniq)     =    6
 Weight factor on initial charge restraints(qwt)=      .50000D-03


  there are  1 charge constraints:


     1       1
     2       1
     3       1
     4       1
     5       1
     6       1

 Reading esp"s for molecule   1
 total number of atoms      =     6
 total number of esp points =   452


 center     X       Y       Z 
    1    .0000000E+00    .0000000E+00    .1244167E+01
    2    .0000000E+00    .0000000E+00   -.1244167E+01
    3    .0000000E+00    .1727794E+01    .2315988E+01
    4    .0000000E+00   -.1727794E+01   -.2315988E+01
    5    .0000000E+00    .1727794E+01   -.2315988E+01
    6    .0000000E+00   -.1727794E+01    .2315988E+01
 Initial ssvpot =      .020


 Number of unique UNfrozen centers=    6

 Non-linear optimization requested.
 qchnge =     .9813128051E-01
 qchnge =     .1038199535E-02
 qchnge =     .1563433823E-04
 qchnge =     .2376454758E-06

 Convergence in    3 iterations


ethylene                                                                        

          Point Charges Before & After Optimization

    no.  At.no.    q(init)       q(opt)     ivary    d(rstr)/dq
    1   6        .000000       -.336285      0        .001425
    2   6        .000000       -.336285      0        .001425
    3   1        .000000        .168143      0        .000000
    4   1        .000000        .168143      0        .000000
    5   1        .000000        .168143      0        .000000
    6   1        .000000        .168143      0        .000000

 Sum over the calculated charges:       .000

        Statistics of the fitting:
  The initial sum of squares (ssvpot)                       .020
  The residual sum of squares (chipot)                      .001
  The std err of estimate (sqrt(chipot/N))                .00112
  ESP relative RMS (SQRT(chipot/ssvpot))                  .16618

 Center of Mass (Angst.):

 X  =    .00000      Y  =    .00000      Z  =    .00000

 Dipole (Debye):

 X  =    .00000      Y  =    .00000      Z  =    .00000

 Dipole Moment (Debye)=    .00000

 Quadrupole (Debye*Angst.):

 Qxx =  -6.15255     QYY =   1.94922     QZZ =   4.20333
 Qxy =  -6.15255     QXZ =  -6.15255     QYZ =  -6.15255
