Reading parm file (com.prm)
title:
                                                                                
	mm_options:  cut=100.000000
	mm_options:  nsnb=501
	mm_options:  diel=C
	mm_options:  gb=5
	mm_options:  rgbmax=15.000000
	mm_options:  wcons=1.000000
	mm_options:  ntpr=10
constrained 214 atoms using expression ::CA
constrained 214 atoms from input array
      iter    Total       bad      vdW     elect   nonpolar   genBorn      frms
ff:     0  -4104.71   2771.43    608.82  -4636.90      0.00  -2848.06  3.31e+01
ff:    10  -5378.29   2678.07   -444.49  -4733.99      0.12  -2878.00  4.94e+00
ff:    20  -5830.54   2653.10   -769.04  -4813.41      0.42  -2901.62  3.83e+00
ff:    30  -6087.28   2700.86   -986.97  -4878.37      1.15  -2923.95  2.29e+00
ff:    40  -6209.30   2731.23  -1095.23  -4919.69      1.83  -2927.45  1.75e+00
ff:    50  -6288.60   2691.56  -1109.98  -4945.45      2.33  -2927.07  1.44e+00
ff:    60  -6340.61   2652.60  -1107.10  -4963.92      2.73  -2924.91  1.32e+00
ff:    70  -6386.11   2639.47  -1119.74  -4984.15      3.39  -2925.08  1.17e+00
ff:    80  -6420.76   2627.76  -1128.52  -5000.06      3.99  -2923.92  1.09e+00
ff:    90  -6451.15   2611.57  -1130.73  -5012.83      4.66  -2923.83  9.94e-01
ff:   100  -6478.95   2601.76  -1138.99  -5021.81      5.44  -2925.36  9.44e-01
ff:   110  -6501.81   2588.49  -1145.45  -5025.76      6.22  -2925.31  8.31e-01
ff:   120  -6519.55   2582.48  -1149.01  -5034.33      6.93  -2925.61  7.35e-01
ff:   130  -6534.91   2578.21  -1150.54  -5048.26      7.59  -2921.92  7.08e-01
ff:   140  -6548.57   2574.87  -1151.26  -5061.07      8.14  -2919.25  6.55e-01
ff:   150  -6559.17   2571.01  -1152.35  -5070.53      8.54  -2915.84  5.71e-01
ff:   160  -6569.51   2566.00  -1154.47  -5076.11      8.95  -2913.88  5.91e-01
ff:   170  -6579.02   2563.69  -1158.02  -5083.15      9.39  -2910.93  5.50e-01
ff:   180  -6587.16   2563.65  -1158.68  -5094.69      9.79  -2907.22  4.96e-01
ff:   190  -6593.98   2566.58  -1160.68  -5106.50     10.18  -2903.57  4.61e-01
ff:   200  -6601.00   2570.86  -1163.87  -5118.51     10.62  -2900.10  4.86e-01
ff:   210  -6607.20   2573.74  -1168.13  -5127.74     11.08  -2896.14  4.50e-01
ff:   220  -6612.62   2576.30  -1171.51  -5136.24     11.51  -2892.69  3.98e-01
ff:   230  -6617.33   2577.46  -1174.03  -5142.51     11.95  -2890.21  4.03e-01
ff:   240  -6621.91   2577.43  -1175.36  -5147.41     12.48  -2889.05  3.82e-01
ff:   250  -6626.07   2577.12  -1176.77  -5150.41     13.02  -2889.02  3.66e-01
ff:   260  -6629.31   2580.32  -1179.06  -5154.59     13.52  -2889.50  3.33e-01
ff:   270  -6632.00   2584.14  -1183.15  -5158.17     13.99  -2888.80  3.17e-01
ff:   280  -6634.83   2584.05  -1184.79  -5161.09     14.37  -2887.39  3.51e-01
ff:   290  -6638.63   2568.27  -1175.94  -5161.35     14.44  -2884.06  3.31e-01
ff:   300  -6641.59   2557.05  -1168.87  -5162.70     14.47  -2881.53  3.07e-01
ff:   310  -6644.18   2553.77  -1168.07  -5165.87     14.56  -2878.55  2.86e-01
ff:   320  -6646.32   2553.07  -1167.93  -5170.40     14.65  -2875.72  2.57e-01
ff:   330  -6648.28   2554.17  -1169.57  -5174.33     14.79  -2873.35  2.56e-01
ff:   340  -6650.14   2555.71  -1171.26  -5178.19     14.96  -2871.36  2.48e-01
ff:   350  -6652.01   2556.67  -1173.00  -5181.86     15.12  -2868.94  2.51e-01
ff:   360  -6653.89   2556.79  -1173.77  -5186.61     15.30  -2865.60  2.53e-01
ff:   370  -6655.86   2556.25  -1173.16  -5193.06     15.46  -2861.35  2.66e-01
ff:   380  -6657.84   2553.15  -1170.84  -5199.27     15.58  -2856.46  2.51e-01
ff:   390  -6659.44   2550.45  -1169.29  -5203.63     15.61  -2852.58  2.24e-01
ff:   400  -6660.74   2549.54  -1168.65  -5207.82     15.58  -2849.39  2.03e-01
ff:   410  -6661.49   2547.93  -1167.76  -5209.60     15.45  -2847.52  1.57e-01
ff:   420  -6662.09   2546.84  -1166.75  -5211.90     15.23  -2845.52  1.52e-01
ff:   430  -6662.64   2546.71  -1166.14  -5214.42     14.96  -2843.74  1.30e-01
ff:   440  -6663.62   2548.05  -1166.82  -5217.42     14.75  -2842.19  2.20e-01
ff:   450  -6665.20   2550.86  -1168.44  -5221.13     14.77  -2841.25  2.34e-01
ff:   460  -6666.60   2553.16  -1169.95  -5224.25     14.86  -2840.42  1.99e-01
ff:   470  -6667.61   2553.47  -1169.94  -5226.55     14.87  -2839.47  1.64e-01
ff:   480  -6668.31   2553.28  -1170.24  -5227.34     14.84  -2838.85  1.40e-01
ff:   490  -6669.02   2552.37  -1170.67  -5227.51     14.83  -2838.04  1.57e-01
ff:   500  -6669.71   2551.86  -1170.50  -5228.97     14.83  -2836.93  1.47e-01
------------------------------
initial energy: -4104.710 kcal/mol
final   energy: -6669.709 kcal/mol
minimizer stopped because number of iterations was exceeded
refined coordinates written to com.min.pdb
------------------------------
